Processing refund for Order Number: AG-US-00853085
For the amount of: 42292 cents USD
Using the charge ID of: 
***********FAILED TO PROCESS***********
Processing refund for Order Number: AG-US-00847237
For the amount of: 29133 cents USD
Using the charge ID of: ch_1EWm8tJbAfK4zMcb3O51aim0
PROCESSED PROPERLY!
Processing refund for Order Number: AG-US-00850033
For the amount of: 23600 cents USD
Using the charge ID of: 
***********FAILED TO PROCESS***********
Processing refund for Order Number: AG-US-00854746
For the amount of: 21600 cents USD
Using the charge ID of: ch_1Ecxf4JbAfK4zMcbVm7bZ7Ry
PROCESSED PROPERLY!
Processing refund for Order Number: AG-US-00843436
For the amount of: 20910 cents USD
Using the charge ID of: ch_1ETOXMJbAfK4zMcbRN5SnbkX
PROCESSED PROPERLY!
Processing refund for Order Number: AG-US-00864006
For the amount of: 19228 cents USD
Using the charge ID of: 
***********FAILED TO PROCESS***********
Processing refund for Order Number: AG-US-00864164
For the amount of: 18360 cents USD
Using the charge ID of: ch_1ElkPAJbAfK4zMcbv2FWYoxQ
PROCESSED PROPERLY!
Processing refund for Order Number: AG-US-00868296
For the amount of: 17700 cents USD
Using the charge ID of: ch_1EqqpVJbAfK4zMcbF73Qj8N2
PROCESSED PROPERLY!
Processing refund for Order Number: AG-US-00842455
For the amount of: 17214 cents USD
Using the charge ID of: ch_1ESkSXJbAfK4zMcbB8SvlKgG
PROCESSED PROPERLY!
Processing refund for Order Number: AG-US-00848650
For the amount of: 15951 cents USD
Using the charge ID of: ch_1EXvbRJbAfK4zMcbzFNBWarK
PROCESSED PROPERLY!
Processing refund for Order Number: AG-US-00866643
For the amount of: 14891 cents USD
Using the charge ID of: ch_1EoXgeJbAfK4zMcbZwXJeQNq
***********FAILED TO PROCESS***********
Processing refund for Order Number: AG-US-00862601
For the amount of: 14600 cents USD
Using the charge ID of: 
***********FAILED TO PROCESS***********
Processing refund for Order Number: AG-US-00867762
For the amount of: 13600 cents USD
Using the charge ID of: ch_1EpyWwJbAfK4zMcbzHxAEgBP
PROCESSED PROPERLY!
Processing refund for Order Number: AG-US-00858490
For the amount of: 12951 cents USD
Using the charge ID of: ch_1EgItMJbAfK4zMcbHQcaNXfL
PROCESSED PROPERLY!
Processing refund for Order Number: AG-US-00856333
For the amount of: 12921 cents USD
Using the charge ID of: ch_1EeRlxJbAfK4zMcbbiazUTjN
***********FAILED TO PROCESS***********
Processing refund for Order Number: AG-US-00863190
For the amount of: 12600 cents USD
Using the charge ID of: ch_1Ekkw1JbAfK4zMcb33cKrEWD
PROCESSED PROPERLY!
Processing refund for Order Number: AG-US-00868232
For the amount of: 12410 cents USD
Using the charge ID of: ch_1Er30iJbAfK4zMcbFeSgW7LP
PROCESSED PROPERLY!
Processing refund for Order Number: AG-US-00866752
For the amount of: 12410 cents USD
Using the charge ID of: ch_1Eoaj5JbAfK4zMcblOOQVr2V
PROCESSED PROPERLY!
Processing refund for Order Number: AG-US-00839679
For the amount of: 12398 cents USD
Using the charge ID of: 
***********FAILED TO PROCESS***********
Processing refund for Order Number: AG-US-00852408
For the amount of: 12066 cents USD
Using the charge ID of: 
***********FAILED TO PROCESS***********
Processing refund for Order Number: AG-US-00804518
For the amount of: 11826 cents USD
Using the charge ID of: ch_1Dyhq7JbAfK4zMcb6cnNX18Z
PROCESSED PROPERLY!
Processing refund for Order Number: AG-US-00849265
For the amount of: 11800 cents USD
Using the charge ID of: ch_1EYZjwJbAfK4zMcbeGqwOYPs
PROCESSED PROPERLY!
Processing refund for Order Number: AG-US-00856464
For the amount of: 11800 cents USD
Using the charge ID of: ch_1EeVBiJbAfK4zMcbWoR2RdUD
PROCESSED PROPERLY!
Processing refund for Order Number: AG-US-00856552
For the amount of: 11800 cents USD
Using the charge ID of: ch_1EeiFIJbAfK4zMcbCxF1ERHV
PROCESSED PROPERLY!
Processing refund for Order Number: AG-US-00856683
For the amount of: 11800 cents USD
Using the charge ID of: 
***********FAILED TO PROCESS***********
Processing refund for Order Number: AG-US-00840544
For the amount of: 11800 cents USD
Using the charge ID of: ch_1EQiXzJbAfK4zMcbt43RMINK
PROCESSED PROPERLY!
Processing refund for Order Number: AG-US-00854351
For the amount of: 11800 cents USD
Using the charge ID of: 
***********FAILED TO PROCESS***********
Processing refund for Order Number: AG-US-00858370
For the amount of: 11800 cents USD
Using the charge ID of: 
***********FAILED TO PROCESS***********
Processing refund for Order Number: AG-US-00839720
For the amount of: 11800 cents USD
Using the charge ID of: 
***********FAILED TO PROCESS***********
Processing refund for Order Number: AG-US-00856693
For the amount of: 11800 cents USD
Using the charge ID of: ch_1EekglJbAfK4zMcbKE9ahR6l
PROCESSED PROPERLY!
Processing refund for Order Number: AG-US-00854968
For the amount of: 11799 cents USD
Using the charge ID of: ch_1Ed76NJbAfK4zMcb2XvcwwKl
PROCESSED PROPERLY!
Processing refund for Order Number: AG-US-00779121
For the amount of: 11772 cents USD
Using the charge ID of: ch_1Dhom2JbAfK4zMcbkJNUf5hl
***********FAILED TO PROCESS***********
Processing refund for Order Number: AG-US-00868154
For the amount of: 11730 cents USD
Using the charge ID of: ch_1EqjAlJbAfK4zMcbDZ8aEvqJ
PROCESSED PROPERLY!
Processing refund for Order Number: AG-US-00864371
For the amount of: 11560 cents USD
Using the charge ID of: 
***********FAILED TO PROCESS***********
Processing refund for Order Number: AG-US-00862557
For the amount of: 11000 cents USD
Using the charge ID of: ch_1EkBE6JbAfK4zMcbkGJC0P6G
PROCESSED PROPERLY!
Processing refund for Order Number: AG-US-00806103
For the amount of: 10800 cents USD
Using the charge ID of: ch_1E09yeJbAfK4zMcbxrXPsqMz
PROCESSED PROPERLY!
Processing refund for Order Number: AG-US-00818069
For the amount of: 10800 cents USD
Using the charge ID of: ch_1EA45oJbAfK4zMcbrKvfs7WX
PROCESSED PROPERLY!
Processing refund for Order Number: AG-US-00859218
For the amount of: 10800 cents USD
Using the charge ID of: ch_1EgykNJbAfK4zMcbiRnVyUBt
PROCESSED PROPERLY!
Processing refund for Order Number: AG-US-00859763
For the amount of: 10800 cents USD
Using the charge ID of: ch_1EhOJ2JbAfK4zMcbrrtC0Qov
PROCESSED PROPERLY!
Processing refund for Order Number: AG-US-00806103
For the amount of: 10800 cents USD
Using the charge ID of: ch_1E09yeJbAfK4zMcbxrXPsqMz
PROCESSED PROPERLY!
Processing refund for Order Number: AG-US-00818380
For the amount of: 10800 cents USD
Using the charge ID of: 
***********FAILED TO PROCESS***********
Processing refund for Order Number: AG-US-00868087
For the amount of: 10800 cents USD
Using the charge ID of: ch_1EqlVuJbAfK4zMcbSHLBuQWI
PROCESSED PROPERLY!
Processing refund for Order Number: AG-US-00861238
For the amount of: 10370 cents USD
Using the charge ID of: ch_1Ej4S3JbAfK4zMcbZ5ngoaXG
PROCESSED PROPERLY!
Processing refund for Order Number: AG-US-00865347
For the amount of: 10370 cents USD
Using the charge ID of: ch_1EmmN8JbAfK4zMcbGMjj6Rtq
PROCESSED PROPERLY!
Processing refund for Order Number: AG-US-00824329
For the amount of: 10030 cents USD
Using the charge ID of: ch_1EDKN7JbAfK4zMcbqigFeqRb
PROCESSED PROPERLY!
Processing refund for Order Number: AG-US-00858678
For the amount of: 10030 cents USD
Using the charge ID of: ch_1EgabiJbAfK4zMcbZolGY3i9
PROCESSED PROPERLY!
Processing refund for Order Number: AG-US-00859512
For the amount of: 10030 cents USD
Using the charge ID of: ch_1EhF4DJbAfK4zMcbTanGxEbU
PROCESSED PROPERLY!
Processing refund for Order Number: AG-US-00853295
For the amount of: 10030 cents USD
Using the charge ID of: ch_1EbrqUJbAfK4zMcbIu5ilaLd
PROCESSED PROPERLY!
Processing refund for Order Number: AG-US-00858688
For the amount of: 10030 cents USD
Using the charge ID of: ch_1EgbKcJbAfK4zMcbgWlvYGNP
PROCESSED PROPERLY!
Processing refund for Order Number: AG-US-00866509
For the amount of: 9800 cents USD
Using the charge ID of: 
***********FAILED TO PROCESS***********
Processing refund for Order Number: AG-US-00866733
For the amount of: 9800 cents USD
Using the charge ID of: 
***********FAILED TO PROCESS***********
Processing refund for Order Number: AG-US-00860879
For the amount of: 9614 cents USD
Using the charge ID of: ch_1EiiR1JbAfK4zMcb3hYiPXH6
PROCESSED PROPERLY!
Processing refund for Order Number: AG-US-00866215
For the amount of: 9180 cents USD
Using the charge ID of: ch_1EnwWAJbAfK4zMcbvsMJyXRr
PROCESSED PROPERLY!
Processing refund for Order Number: AG-US-00858097
For the amount of: 9100 cents USD
Using the charge ID of: ch_1EfvYRJbAfK4zMcbl7xMNLzu
PROCESSED PROPERLY!
Processing refund for Order Number: AG-US-00864740
For the amount of: 8800 cents USD
Using the charge ID of: ch_1EmKT3JbAfK4zMcbQwngZAqI
PROCESSED PROPERLY!
Processing refund for Order Number: AG-US-00863507
For the amount of: 8733 cents USD
Using the charge ID of: ch_1El6GcJbAfK4zMcbwhs9K3zy
PROCESSED PROPERLY!
Processing refund for Order Number: AG-US-00833366
For the amount of: 8522 cents USD
Using the charge ID of: ch_1EKV8bJbAfK4zMcbv6ddL96H
PROCESSED PROPERLY!
Processing refund for Order Number: AG-US-00861641
For the amount of: 7990 cents USD
Using the charge ID of: ch_1EjIf8JbAfK4zMcbp7qq1aKF
PROCESSED PROPERLY!
Processing refund for Order Number: AG-US-00867519
For the amount of: 7800 cents USD
Using the charge ID of: 
***********FAILED TO PROCESS***********
Processing refund for Order Number: AG-US-00868291
For the amount of: 7800 cents USD
Using the charge ID of: ch_1ErFQrJbAfK4zMcbn0RukKMz
PROCESSED PROPERLY!
Processing refund for Order Number: AG-US-00868215
For the amount of: 7520 cents USD
Using the charge ID of: ch_1EqrmvJbAfK4zMcbWtgRzqIq
PROCESSED PROPERLY!
Processing refund for Order Number: AG-US-00865478
For the amount of: 7480 cents USD
Using the charge ID of: ch_1En4PTJbAfK4zMcbmUoVGwSz
PROCESSED PROPERLY!
Processing refund for Order Number: AG-US-00866785
For the amount of: 7480 cents USD
Using the charge ID of: 
***********FAILED TO PROCESS***********
Processing refund for Order Number: AG-US-00865655
For the amount of: 7463 cents USD
Using the charge ID of: ch_1En8UjJbAfK4zMcbpKkapdYe
PROCESSED PROPERLY!
Processing refund for Order Number: AG-US-00866993
For the amount of: 7140 cents USD
Using the charge ID of: ch_1EotW8JbAfK4zMcbFKwyetJr
PROCESSED PROPERLY!
Processing refund for Order Number: AG-US-00858590
For the amount of: 6800 cents USD
Using the charge ID of: ch_1Ega84JbAfK4zMcb6k0idB6u
PROCESSED PROPERLY!
Processing refund for Order Number: AG-US-00859012
For the amount of: 6800 cents USD
Using the charge ID of: ch_1EgvQeJbAfK4zMcbgvwDGMzf
PROCESSED PROPERLY!
Processing refund for Order Number: AG-US-00861131
For the amount of: 6800 cents USD
Using the charge ID of: ch_1EinJ6JbAfK4zMcbIq8Fj5Zb
PROCESSED PROPERLY!
Processing refund for Order Number: AG-US-00861521
For the amount of: 6800 cents USD
Using the charge ID of: ch_1EjADBJbAfK4zMcbv8HIL4Ae
PROCESSED PROPERLY!
Processing refund for Order Number: AG-US-00866575
For the amount of: 6800 cents USD
Using the charge ID of: ch_1EoMMWJbAfK4zMcbS2rR3jLW
PROCESSED PROPERLY!
Processing refund for Order Number: AG-US-00867561
For the amount of: 6800 cents USD
Using the charge ID of: ch_1EpdFuJbAfK4zMcbj3DFd50X
PROCESSED PROPERLY!
Processing refund for Order Number: AG-US-00867629
For the amount of: 6800 cents USD
Using the charge ID of: 
***********FAILED TO PROCESS***********
Processing refund for Order Number: AG-US-00867665
For the amount of: 6800 cents USD
Using the charge ID of: 
***********FAILED TO PROCESS***********
Processing refund for Order Number: AG-US-00867254
For the amount of: 6800 cents USD
Using the charge ID of: ch_1EpI2gJbAfK4zMcbqJcXjR34
PROCESSED PROPERLY!
Processing refund for Order Number: AG-US-00867507
For the amount of: 6800 cents USD
Using the charge ID of: ch_1EpPGRJbAfK4zMcbd3cmxh6W
PROCESSED PROPERLY!
Processing refund for Order Number: AG-US-00867724
For the amount of: 6800 cents USD
Using the charge ID of: ch_1EpmnmJbAfK4zMcbpaHcX3Ai
PROCESSED PROPERLY!
Processing refund for Order Number: AG-US-00868322
For the amount of: 6800 cents USD
Using the charge ID of: ch_1Er2TDJbAfK4zMcb5TKaBwV0
PROCESSED PROPERLY!
Processing refund for Order Number: AG-US-00868493
For the amount of: 6366 cents USD
Using the charge ID of: ch_1ErLZYJbAfK4zMcblkzId1s7
PROCESSED PROPERLY!
Processing refund for Order Number: AG-US-00857889
For the amount of: 6300 cents USD
Using the charge ID of: 
***********FAILED TO PROCESS***********
Processing refund for Order Number: AG-US-00860022
For the amount of: 5913 cents USD
Using the charge ID of: ch_1EhfG3JbAfK4zMcbqgEfwG7j
PROCESSED PROPERLY!
Processing refund for Order Number: AG-US-00867446
For the amount of: 5902 cents USD
Using the charge ID of: ch_1EpVexJbAfK4zMcb6SL7egay
PROCESSED PROPERLY!
Processing refund for Order Number: AG-US-00861992
For the amount of: 5819 cents USD
Using the charge ID of: ch_1EjbceJbAfK4zMcbTJ2vuqoR
PROCESSED PROPERLY!
Processing refund for Order Number: AG-US-00867847
For the amount of: 5780 cents USD
Using the charge ID of: ch_1Eq9RGJbAfK4zMcb1lmIAdQP
PROCESSED PROPERLY!
Processing refund for Order Number: AG-US-00859565
For the amount of: 5780 cents USD
Using the charge ID of: ch_1EhIHkJbAfK4zMcb6wlQ2iZ4
PROCESSED PROPERLY!
Processing refund for Order Number: AG-US-00858211
For the amount of: 4000 cents USD
Using the charge ID of: ch_1EfzmNJbAfK4zMcblBXSlYzG
PROCESSED PROPERLY!
Processing refund for Order Number: AG-US-00867512
For the amount of: 2000 cents USD
Using the charge ID of: ch_1EpQ0eJbAfK4zMcbDEzLnhl5
PROCESSED PROPERLY!
Processing refund for Order Number: AG-US-00862261
For the amount of: 4800 cents USD
Using the charge ID of: 
***********FAILED TO PROCESS***********
