Processing refund for Order Number: AG-US-00853548
For the amount of: 20012 cents USD
Using the charge ID of: 
***********FAILED TO PROCESS***********
Processing refund for Order Number: AG-US-00830304
For the amount of: 23600 cents USD
Using the charge ID of: 
***********FAILED TO PROCESS***********
Processing refund for Order Number: AG-US-00857658
For the amount of: 22069 cents USD
Using the charge ID of: ch_1EfWgpJbAfK4zMcbfk4tGmux
PROCESSED PROPERLY!
Processing refund for Order Number: AG-US-00849897
For the amount of: 18360 cents USD
Using the charge ID of: ch_1EZJL2JbAfK4zMcb9R7KKRkx
PROCESSED PROPERLY!
Processing refund for Order Number: AG-US-00862854
For the amount of: 12640 cents USD
Using the charge ID of: ch_1EkMr0JbAfK4zMcb8WqzJDD5
PROCESSED PROPERLY!
Processing refund for Order Number: AG-US-00854458
For the amount of: 11560 cents USD
Using the charge ID of: ch_1EclXtJbAfK4zMcbqDIyxJ8O
PROCESSED PROPERLY!
Processing refund for Order Number: AG-US-00833283
For the amount of: 8172 cents USD
Using the charge ID of: ch_1EKW5XJbAfK4zMcbkiX4oopO
PROCESSED PROPERLY!
Processing refund for Order Number: AG-US-00850942
For the amount of: 7800 cents USD
Using the charge ID of: 
***********FAILED TO PROCESS***********
Processing refund for Order Number: AG-US-00857760
For the amount of: 5100 cents USD
Using the charge ID of: ch_1EfePjJbAfK4zMcbp1tCahbB
PROCESSED PROPERLY!
Processing refund for Order Number: AG-US-00863113
For the amount of: 9180 cents USD
Using the charge ID of: ch_1Ekbs6JbAfK4zMcb3TJqaM32
PROCESSED PROPERLY!
