Processing refund for Order Number: AG-US-00855254
For the amount of: 23600 cents USD
Using the charge ID of: 
***********FAILED TO PROCESS***********
Processing refund for Order Number: AG-US-00859430
For the amount of: 23600 cents USD
Using the charge ID of: 
***********FAILED TO PROCESS***********
Processing refund for Order Number: AG-US-00867460
For the amount of: 18300 cents USD
Using the charge ID of: ch_1EpbQpJbAfK4zMcbnaCPbqd2
PROCESSED PROPERLY!
Processing refund for Order Number: AG-US-00867774
For the amount of: 17431 cents USD
Using the charge ID of: 
***********FAILED TO PROCESS***********
Processing refund for Order Number: AG-US-00868075
For the amount of: 16600 cents USD
Using the charge ID of: ch_1EqjCeJbAfK4zMcbawUbHHKV
PROCESSED PROPERLY!
Processing refund for Order Number: AG-US-00864339
For the amount of: 16060 cents USD
Using the charge ID of: ch_1Elxw0JbAfK4zMcbmRFDS9zl
PROCESSED PROPERLY!
Processing refund for Order Number: AG-US-00867678
For the amount of: 15951 cents USD
Using the charge ID of: ch_1EpzjWJbAfK4zMcb0lDHwAeC
PROCESSED PROPERLY!
Processing refund for Order Number: AG-US-00857613
For the amount of: 14800 cents USD
Using the charge ID of: 
***********FAILED TO PROCESS***********
Processing refund for Order Number: AG-US-00868470
For the amount of: 13600 cents USD
Using the charge ID of: ch_1ErmdHJbAfK4zMcbPSoGsMiS
PROCESSED PROPERLY!
Processing refund for Order Number: AG-US-00855995
For the amount of: 12847 cents USD
Using the charge ID of: ch_1Ee2xtJbAfK4zMcbcbUyZUSy
PROCESSED PROPERLY!
Processing refund for Order Number: AG-US-00857836
For the amount of: 12847 cents USD
Using the charge ID of: ch_1EfdiEJbAfK4zMcbtAw8wvtY
PROCESSED PROPERLY!
Processing refund for Order Number: AG-US-00857342
For the amount of: 12833 cents USD
Using the charge ID of: 
***********FAILED TO PROCESS***********
Processing refund for Order Number: AG-US-00852670
For the amount of: 12715 cents USD
Using the charge ID of: ch_1EbUDAJbAfK4zMcbRkqBXmW2
PROCESSED PROPERLY!
Processing refund for Order Number: AG-US-00860223
For the amount of: 12600 cents USD
Using the charge ID of: ch_1EhpJaJbAfK4zMcbifL2bBYk
PROCESSED PROPERLY!
Processing refund for Order Number: AG-US-00851921
For the amount of: 11800 cents USD
Using the charge ID of: 
***********FAILED TO PROCESS***********
Processing refund for Order Number: AG-US-00853533
For the amount of: 11800 cents USD
Using the charge ID of: ch_1Ec10uJbAfK4zMcbqPzIsXLN
PROCESSED PROPERLY!
Processing refund for Order Number: AG-US-00854104
For the amount of: 11800 cents USD
Using the charge ID of: ch_1EcNjKJbAfK4zMcby5MsrsPp
PROCESSED PROPERLY!
Processing refund for Order Number: AG-US-00857726
For the amount of: 11800 cents USD
Using the charge ID of: ch_1EfbJIJbAfK4zMcbRXuT8s4G
PROCESSED PROPERLY!
Processing refund for Order Number: AG-US-00775292
For the amount of: 11732 cents USD
Using the charge ID of: ch_1DgyDkJbAfK4zMcb4QANaeeo
***********FAILED TO PROCESS***********
Processing refund for Order Number: AG-US-00868277
For the amount of: 11501 cents USD
Using the charge ID of: ch_1ErBD0JbAfK4zMcbYokRyhaY
PROCESSED PROPERLY!
Processing refund for Order Number: AG-US-00854659
For the amount of: 10920 cents USD
Using the charge ID of: 
***********FAILED TO PROCESS***********
Processing refund for Order Number: AG-US-00857354
For the amount of: 10920 cents USD
Using the charge ID of: ch_1EfQ41JbAfK4zMcbItj6pT6Q
PROCESSED PROPERLY!
Processing refund for Order Number: AG-US-00866987
For the amount of: 10800 cents USD
Using the charge ID of: 
***********FAILED TO PROCESS***********
Processing refund for Order Number: AG-US-00868266
For the amount of: 10800 cents USD
Using the charge ID of: 
***********FAILED TO PROCESS***********
Processing refund for Order Number: AG-US-00851748
For the amount of: 10030 cents USD
Using the charge ID of: ch_1EaiJLJbAfK4zMcbwoS1uZ47
PROCESSED PROPERLY!
Processing refund for Order Number: AG-US-00853008
For the amount of: 10030 cents USD
Using the charge ID of: 
***********FAILED TO PROCESS***********
Processing refund for Order Number: AG-US-00840894
For the amount of: 10030 cents USD
Using the charge ID of: 
***********FAILED TO PROCESS***********
Processing refund for Order Number: AG-US-00858402
For the amount of: 10030 cents USD
Using the charge ID of: ch_1EgCL8JbAfK4zMcbAzg6Idbs
PROCESSED PROPERLY!
Processing refund for Order Number: AG-US-00809764
For the amount of: 9891 cents USD
Using the charge ID of: ch_1E2uHkJbAfK4zMcbXB3Mc5O5
PROCESSED PROPERLY!
Processing refund for Order Number: AG-US-00861390
For the amount of: 8200 cents USD
Using the charge ID of: ch_1Ej6cLJbAfK4zMcbof1aSj7Y
PROCESSED PROPERLY!
Processing refund for Order Number: AG-US-00863254
For the amount of: 7562 cents USD
Using the charge ID of: 
***********FAILED TO PROCESS***********
Processing refund for Order Number: AG-US-00843977
For the amount of: 7559 cents USD
Using the charge ID of: ch_1ETw7wJbAfK4zMcb3HoqwFV8
PROCESSED PROPERLY!
Processing refund for Order Number: AG-US-00858351
For the amount of: 6800 cents USD
Using the charge ID of: 
***********FAILED TO PROCESS***********
Processing refund for Order Number: AG-US-00864285
For the amount of: 6800 cents USD
Using the charge ID of: 
***********FAILED TO PROCESS***********
Processing refund for Order Number: AG-US-00864959
For the amount of: 6800 cents USD
Using the charge ID of: ch_1EmSvRJbAfK4zMcbFkneHN8X
PROCESSED PROPERLY!
Processing refund for Order Number: AG-US-00866791
For the amount of: 6800 cents USD
Using the charge ID of: ch_1Eodq2JbAfK4zMcbHF5Kp3HT
PROCESSED PROPERLY!
Processing refund for Order Number: AG-US-00866886
For the amount of: 6800 cents USD
Using the charge ID of: ch_1EotHyJbAfK4zMcbV2oJO04A
PROCESSED PROPERLY!
Processing refund for Order Number: AG-US-00867776
For the amount of: 6329 cents USD
Using the charge ID of: ch_1Eq2LfJbAfK4zMcbNqjGi9q2
PROCESSED PROPERLY!
Processing refund for Order Number: AG-US-00862255
For the amount of: 2834 cents USD
Using the charge ID of: 
***********FAILED TO PROCESS***********
Processing refund for Order Number: AG-US-00831473
For the amount of: 14600 cents USD
Using the charge ID of: ch_1EJ1LmJbAfK4zMcbGk2PT34T
***********FAILED TO PROCESS***********
Processing refund for Order Number: AG-US-00857677
For the amount of: 9180 cents USD
Using the charge ID of: ch_1EfXVQJbAfK4zMcbKtB9eiqK
PROCESSED PROPERLY!
Processing refund for Order Number: AG-US-00823358
For the amount of: 11800 cents USD
Using the charge ID of: 
***********FAILED TO PROCESS***********
Processing refund for Order Number: AG-US-00857043
For the amount of: 20290 cents USD
Using the charge ID of: ch_1EexFfJbAfK4zMcbmAZvy1wP
PROCESSED PROPERLY!
Processing refund for Order Number: AG-US-00868221
For the amount of: 17600 cents USD
Using the charge ID of: ch_1EquIbJbAfK4zMcbf10TbC2S
PROCESSED PROPERLY!
Processing refund for Order Number: AG-US-00868237
For the amount of: 14600 cents USD
Using the charge ID of: ch_1Er51gJbAfK4zMcbyaVtQAGX
PROCESSED PROPERLY!
Processing refund for Order Number: AG-US-00865070
For the amount of: 13800 cents USD
Using the charge ID of: ch_1EmY4VJbAfK4zMcbGxYL0qc5
PROCESSED PROPERLY!
Processing refund for Order Number: AG-US-00867151
For the amount of: 13188 cents USD
Using the charge ID of: ch_1Ep0V4JbAfK4zMcbGjqbq04b
PROCESSED PROPERLY!
Processing refund for Order Number: AG-US-00863117
For the amount of: 11907 cents USD
Using the charge ID of: ch_1EkcDrJbAfK4zMcbINx96Pdn
PROCESSED PROPERLY!
Processing refund for Order Number: AG-US-00832817
For the amount of: 11800 cents USD
Using the charge ID of: ch_1EK6qtJbAfK4zMcbacjL3IIe
PROCESSED PROPERLY!
Processing refund for Order Number: AG-US-00840993
For the amount of: 11800 cents USD
Using the charge ID of: ch_1ER86cJbAfK4zMcbW2DYUxwN
PROCESSED PROPERLY!
Processing refund for Order Number: AG-US-00868217
For the amount of: 11718 cents USD
Using the charge ID of: 
***********FAILED TO PROCESS***********
Processing refund for Order Number: AG-US-00779695
For the amount of: 11597 cents USD
Using the charge ID of: 
***********FAILED TO PROCESS***********
Processing refund for Order Number: AG-US-00844814
For the amount of: 10800 cents USD
Using the charge ID of: ch_1EUJOBJbAfK4zMcbrRnxWrtj
PROCESSED PROPERLY!
Processing refund for Order Number: AG-US-00860426
For the amount of: 10707 cents USD
Using the charge ID of: ch_1Ei3ksJbAfK4zMcbX3yVFPRk
PROCESSED PROPERLY!
Processing refund for Order Number: AG-US-00867782
For the amount of: 9600 cents USD
Using the charge ID of: 
***********FAILED TO PROCESS***********
Processing refund for Order Number: AG-US-00860662
For the amount of: 9180 cents USD
Using the charge ID of: ch_1EiO4oJbAfK4zMcbCvuba2Xb
PROCESSED PROPERLY!
Processing refund for Order Number: AG-US-00865456
For the amount of: 8800 cents USD
Using the charge ID of: ch_1EmwHKJbAfK4zMcbxV5PNYUp
PROCESSED PROPERLY!
Processing refund for Order Number: AG-US-00864432
For the amount of: 7800 cents USD
Using the charge ID of: ch_1Em2tWJbAfK4zMcb38vrJCMc
PROCESSED PROPERLY!
Processing refund for Order Number: AG-US-00861924
For the amount of: 7429 cents USD
Using the charge ID of: ch_1EjVg2JbAfK4zMcbMlBy1UaR
PROCESSED PROPERLY!
Processing refund for Order Number: AG-US-00868181
For the amount of: 7429 cents USD
Using the charge ID of: ch_1EqnKZJbAfK4zMcbM451NjSu
PROCESSED PROPERLY!
Processing refund for Order Number: AG-US-00868392
For the amount of: 7234 cents USD
Using the charge ID of: ch_1ErJ8DJbAfK4zMcb4cqZ3gGR
PROCESSED PROPERLY!
Processing refund for Order Number: AG-US-00862064
For the amount of: 7140 cents USD
Using the charge ID of: ch_1EjcrPJbAfK4zMcb9BRLyx4w
PROCESSED PROPERLY!
Processing refund for Order Number: AG-US-00859521
For the amount of: 6800 cents USD
Using the charge ID of: ch_1EhGCtJbAfK4zMcbdnivxGRl
PROCESSED PROPERLY!
Processing refund for Order Number: AG-US-00866891
For the amount of: 4800 cents USD
Using the charge ID of: ch_1EotSiJbAfK4zMcbt7Es8734
PROCESSED PROPERLY!
