Processing refund for Order Number: AG-US-00863474
For the amount of: 26800 cents USD
Using the charge ID of: ch_1ElBGuJbAfK4zMcbbOwIZRqz
PROCESSED PROPERLY!
Processing refund for Order Number: AG-US-00850652
For the amount of: 25160 cents USD
Using the charge ID of: ch_1Ea0qHJbAfK4zMcb0J8X6NLK
PROCESSED PROPERLY!
Processing refund for Order Number: AG-US-00867859
For the amount of: 24909 cents USD
Using the charge ID of: ch_1EqCmqJbAfK4zMcbtfLdpP3f
PROCESSED PROPERLY!
Processing refund for Order Number: AG-US-00824146
For the amount of: 23600 cents USD
Using the charge ID of: ch_1EDFduJbAfK4zMcbowI9gW7u
PROCESSED PROPERLY!
Processing refund for Order Number: AG-US-00868052
For the amount of: 23600 cents USD
Using the charge ID of: ch_1EqgByJbAfK4zMcbaNtTtFBr
PROCESSED PROPERLY!
Processing refund for Order Number: AG-US-00867354
For the amount of: 21600 cents USD
Using the charge ID of: ch_1EpIwbJbAfK4zMcbT4RbcsIy
PROCESSED PROPERLY!
Processing refund for Order Number: AG-US-00851263
For the amount of: 20060 cents USD
Using the charge ID of: ch_1EaNPKJbAfK4zMcbjS5xeted
PROCESSED PROPERLY!
Processing refund for Order Number: AG-US-00861814
For the amount of: 19929 cents USD
Using the charge ID of: ch_1EjTh1JbAfK4zMcbM48Sxc8A
***********FAILED TO PROCESS***********
Processing refund for Order Number: AG-US-00863179
For the amount of: 17630 cents USD
Using the charge ID of: ch_1EkizGJbAfK4zMcbr05G8qi7
PROCESSED PROPERLY!
Processing refund for Order Number: AG-US-00858484
For the amount of: 13600 cents USD
Using the charge ID of: ch_1EgIKcJbAfK4zMcbQ3uY72hO
PROCESSED PROPERLY!
Processing refund for Order Number: AG-US-00856509
For the amount of: 12891 cents USD
Using the charge ID of: ch_1EeY1ZJbAfK4zMcb84VidiFi
***********FAILED TO PROCESS***********
Processing refund for Order Number: AG-US-00854661
For the amount of: 12891 cents USD
Using the charge ID of: ch_1EcxZCJbAfK4zMcbwHhBoBuh
PROCESSED PROPERLY!
Processing refund for Order Number: AG-US-00859613
For the amount of: 12847 cents USD
Using the charge ID of: ch_1EhIIoJbAfK4zMcb8nROl6jc
PROCESSED PROPERLY!
Processing refund for Order Number: AG-US-00867988
For the amount of: 12800 cents USD
Using the charge ID of: 
***********FAILED TO PROCESS***********
Processing refund for Order Number: AG-US-00857045
For the amount of: 12788 cents USD
Using the charge ID of: 
***********FAILED TO PROCESS***********
Processing refund for Order Number: AG-US-00857305
For the amount of: 12715 cents USD
Using the charge ID of: 
***********FAILED TO PROCESS***********
Processing refund for Order Number: AG-US-00857945
For the amount of: 11800 cents USD
Using the charge ID of: ch_1Efr5yJbAfK4zMcbnHXZWWtJ
PROCESSED PROPERLY!
Processing refund for Order Number: AG-US-00846307
For the amount of: 11800 cents USD
Using the charge ID of: 
***********FAILED TO PROCESS***********
Processing refund for Order Number: AG-US-00851853
For the amount of: 11800 cents USD
Using the charge ID of: 
***********FAILED TO PROCESS***********
Processing refund for Order Number: AG-US-00854733
For the amount of: 11800 cents USD
Using the charge ID of: ch_1Ecx1UJbAfK4zMcbPVlSrDVx
PROCESSED PROPERLY!
Processing refund for Order Number: AG-US-00856015
For the amount of: 11800 cents USD
Using the charge ID of: ch_1Ee4GdJbAfK4zMcbdRM12s90
PROCESSED PROPERLY!
Processing refund for Order Number: AG-US-00856024
For the amount of: 11800 cents USD
Using the charge ID of: ch_1Ee4ffJbAfK4zMcbMeVBEeLK
PROCESSED PROPERLY!
Processing refund for Order Number: AG-US-00857758
For the amount of: 11800 cents USD
Using the charge ID of: ch_1Efe9DJbAfK4zMcbMDZFt6id
PROCESSED PROPERLY!
Processing refund for Order Number: AG-US-00859175
For the amount of: 11800 cents USD
Using the charge ID of: ch_1Eh0KVJbAfK4zMcbGqDSAZFZ
PROCESSED PROPERLY!
Processing refund for Order Number: AG-US-00860373
For the amount of: 11800 cents USD
Using the charge ID of: ch_1Ei02vJbAfK4zMcbB6ArdUp6
PROCESSED PROPERLY!
Processing refund for Order Number: AG-US-00804672
For the amount of: 11691 cents USD
Using the charge ID of: ch_1DyoZPJbAfK4zMcb9f6V2gH6
PROCESSED PROPERLY!
Processing refund for Order Number: AG-US-00773023
For the amount of: 11637 cents USD
Using the charge ID of: ch_1DgZX3JbAfK4zMcbfLZh4ewi
PROCESSED PROPERLY!
Processing refund for Order Number: AG-US-00867216
For the amount of: 11560 cents USD
Using the charge ID of: ch_1EpEvMJbAfK4zMcb4nmorwCH
PROCESSED PROPERLY!
Processing refund for Order Number: AG-US-00848538
For the amount of: 10958 cents USD
Using the charge ID of: 
***********FAILED TO PROCESS***********
Processing refund for Order Number: AG-US-00858130
For the amount of: 10832 cents USD
Using the charge ID of: ch_1EfzzhJbAfK4zMcb9sOOWZQ9
PROCESSED PROPERLY!
Processing refund for Order Number: AG-US-00780871
For the amount of: 10800 cents USD
Using the charge ID of: ch_1DiJP3JbAfK4zMcbMVB2QfWs
PROCESSED PROPERLY!
Processing refund for Order Number: AG-US-00809173
For the amount of: 10800 cents USD
Using the charge ID of: ch_1E2YIKJbAfK4zMcbvwfGmBy7
PROCESSED PROPERLY!
Processing refund for Order Number: AG-US-00868173
For the amount of: 10609 cents USD
Using the charge ID of: 
***********FAILED TO PROCESS***********
Processing refund for Order Number: AG-US-00844045
For the amount of: 10560 cents USD
Using the charge ID of: ch_1ETxAvJbAfK4zMcbMq7VIKCF
PROCESSED PROPERLY!
Processing refund for Order Number: AG-US-00849489
For the amount of: 10293 cents USD
Using the charge ID of: ch_1EYxPvJbAfK4zMcbTt6I8SN1
PROCESSED PROPERLY!
Processing refund for Order Number: AG-US-00856947
For the amount of: 10030 cents USD
Using the charge ID of: 
***********FAILED TO PROCESS***********
Processing refund for Order Number: AG-US-00858608
For the amount of: 10030 cents USD
Using the charge ID of: ch_1EgON2JbAfK4zMcbP6K9gJ90
PROCESSED PROPERLY!
Processing refund for Order Number: AG-US-00844141
For the amount of: 10030 cents USD
Using the charge ID of: ch_1EU36CJbAfK4zMcbbnpqVzO9
PROCESSED PROPERLY!
Processing refund for Order Number: AG-US-00846054
For the amount of: 10030 cents USD
Using the charge ID of: ch_1EVJqgJbAfK4zMcbioaSob6V
PROCESSED PROPERLY!
Processing refund for Order Number: AG-US-00846314
For the amount of: 10030 cents USD
Using the charge ID of: 
***********FAILED TO PROCESS***********
Processing refund for Order Number: AG-US-00838865
For the amount of: 10030 cents USD
Using the charge ID of: 
***********FAILED TO PROCESS***********
Processing refund for Order Number: AG-US-00859138
For the amount of: 10000 cents USD
Using the charge ID of: ch_1EgyBtJbAfK4zMcbksfPV6LD
PROCESSED PROPERLY!
Processing refund for Order Number: AG-US-00855448
For the amount of: 9800 cents USD
Using the charge ID of: ch_1EdezKJbAfK4zMcbjl7AI4EB
PROCESSED PROPERLY!
Processing refund for Order Number: AG-US-00849330
For the amount of: 9570 cents USD
Using the charge ID of: 
***********FAILED TO PROCESS***********
Processing refund for Order Number: AG-US-00840684
For the amount of: 9440 cents USD
Using the charge ID of: ch_1EQyhLJbAfK4zMcbYwr9xzs8
PROCESSED PROPERLY!
Processing refund for Order Number: AG-US-00865282
For the amount of: 9180 cents USD
Using the charge ID of: ch_1Emlh6JbAfK4zMcbxZcWXtgu
PROCESSED PROPERLY!
Processing refund for Order Number: AG-US-00864025
For the amount of: 8800 cents USD
Using the charge ID of: 
***********FAILED TO PROCESS***********
Processing refund for Order Number: AG-US-00858068
For the amount of: 8330 cents USD
Using the charge ID of: ch_1EftaxJbAfK4zMcbjKrDXUcW
PROCESSED PROPERLY!
Processing refund for Order Number: AG-US-00778019
For the amount of: 8100 cents USD
Using the charge ID of: ch_1DhUl5JbAfK4zMcbs1DlxbYg
PROCESSED PROPERLY!
Processing refund for Order Number: AG-US-00862620
For the amount of: 8059 cents USD
Using the charge ID of: ch_1EkAHyJbAfK4zMcbWHKoXt2W
PROCESSED PROPERLY!
Processing refund for Order Number: AG-US-00868457
For the amount of: 7633 cents USD
Using the charge ID of: ch_1ErbHyJbAfK4zMcbpZ9AVSVG
PROCESSED PROPERLY!
Processing refund for Order Number: AG-US-00843313
For the amount of: 7559 cents USD
Using the charge ID of: ch_1ETGX2JbAfK4zMcb5yQEmS3e
PROCESSED PROPERLY!
Processing refund for Order Number: AG-US-00865513
For the amount of: 7480 cents USD
Using the charge ID of: ch_1EmvXtJbAfK4zMcbdtOgRL4t
PROCESSED PROPERLY!
Processing refund for Order Number: AG-US-00857758
For the amount of: 6800 cents USD
Using the charge ID of: ch_1Efe9DJbAfK4zMcbMDZFt6id
PROCESSED PROPERLY!
Processing refund for Order Number: AG-US-00864323
For the amount of: 6800 cents USD
Using the charge ID of: 
***********FAILED TO PROCESS***********
Processing refund for Order Number: AG-US-00867147
For the amount of: 6800 cents USD
Using the charge ID of: ch_1EozuQJbAfK4zMcbhUjcnTfZ
PROCESSED PROPERLY!
Processing refund for Order Number: AG-US-00867514
For the amount of: 6800 cents USD
Using the charge ID of: 
***********FAILED TO PROCESS***********
Processing refund for Order Number: AG-US-00868029
For the amount of: 6800 cents USD
Using the charge ID of: 
***********FAILED TO PROCESS***********
Processing refund for Order Number: AG-US-00868305
For the amount of: 6315 cents USD
Using the charge ID of: ch_1Eqs3EJbAfK4zMcbtQRVEDeA
PROCESSED PROPERLY!
Processing refund for Order Number: AG-US-00849989
For the amount of: 5886 cents USD
Using the charge ID of: ch_1EZOzDJbAfK4zMcbQg5AQQoz
PROCESSED PROPERLY!
Processing refund for Order Number: AG-US-00866595
For the amount of: 5780 cents USD
Using the charge ID of: 
***********FAILED TO PROCESS***********
Processing refund for Order Number: AG-US-00868264
For the amount of: 5765 cents USD
Using the charge ID of: 
***********FAILED TO PROCESS***********
Processing refund for Order Number: AG-US-00852046
For the amount of: 5400 cents USD
Using the charge ID of: ch_1EavisJbAfK4zMcbcScgUSTc
PROCESSED PROPERLY!
Processing refund for Order Number: AG-US-00863144
For the amount of: 4800 cents USD
Using the charge ID of: ch_1EkfNEJbAfK4zMcbfftkZZHi
PROCESSED PROPERLY!
Processing refund for Order Number: AG-US-00844332
For the amount of: 3329 cents USD
Using the charge ID of: ch_1EUEv4JbAfK4zMcbhFud9Hm8
PROCESSED PROPERLY!
Processing refund for Order Number: AG-US-00859801
For the amount of: 2600 cents USD
Using the charge ID of: ch_1EhOe9JbAfK4zMcbJ5mEoQtj
PROCESSED PROPERLY!
Processing refund for Order Number: AG-US-00859164
For the amount of: 2300 cents USD
Using the charge ID of: ch_1EgzeuJbAfK4zMcbsf0u5nyO
PROCESSED PROPERLY!
