Processing refund for Order Number: AG-US-00856353
For the amount of: 3800 cents USD
Using the charge ID of: 
***********FAILED TO PROCESS***********
Processing refund for Order Number: AG-US-00867882
For the amount of: 29200 cents USD
Using the charge ID of: ch_1EqM5GJbAfK4zMcb9PlWYk3t
PROCESSED PROPERLY!
Processing refund for Order Number: AG-US-00866131
For the amount of: 23652 cents USD
Using the charge ID of: ch_1EnebzJbAfK4zMcbnPO17rzz
PROCESSED PROPERLY!
Processing refund for Order Number: AG-US-00854624
For the amount of: 21715 cents USD
Using the charge ID of: ch_1EcvcLJbAfK4zMcb6dyAPiMY
***********FAILED TO PROCESS***********
Processing refund for Order Number: AG-US-00863853
For the amount of: 19600 cents USD
Using the charge ID of: ch_1ElT85JbAfK4zMcbhw8OH8UC
PROCESSED PROPERLY!
Processing refund for Order Number: AG-US-00866246
For the amount of: 16132 cents USD
Using the charge ID of: 
***********FAILED TO PROCESS***********
Processing refund for Order Number: AG-US-00859702
For the amount of: 12891 cents USD
Using the charge ID of: ch_1EhKXWJbAfK4zMcbDA3gGW6O
PROCESSED PROPERLY!
Processing refund for Order Number: AG-US-00840518
For the amount of: 12862 cents USD
Using the charge ID of: ch_1EQgbMJbAfK4zMcb5Grl0BRJ
PROCESSED PROPERLY!
Processing refund for Order Number: AG-US-00841014
For the amount of: 12715 cents USD
Using the charge ID of: 
***********FAILED TO PROCESS***********
Processing refund for Order Number: AG-US-00828462
For the amount of: 11800 cents USD
Using the charge ID of: 
***********FAILED TO PROCESS***********
Processing refund for Order Number: AG-US-00855834
For the amount of: 11800 cents USD
Using the charge ID of: ch_1EdycgJbAfK4zMcbVUy2B4X0
PROCESSED PROPERLY!
Processing refund for Order Number: AG-US-00853632
For the amount of: 11800 cents USD
Using the charge ID of: ch_1EcC7xJbAfK4zMcbVKWvjoJ6
PROCESSED PROPERLY!
Processing refund for Order Number: AG-US-00772902
For the amount of: 11799 cents USD
Using the charge ID of: ch_1DgZN8JbAfK4zMcbFay6ItmS
PROCESSED PROPERLY!
Processing refund for Order Number: AG-US-00861962
For the amount of: 11691 cents USD
Using the charge ID of: 
***********FAILED TO PROCESS***********
Processing refund for Order Number: AG-US-00833783
For the amount of: 10858 cents USD
Using the charge ID of: ch_1EKxuVJbAfK4zMcbu02mRz2x
PROCESSED PROPERLY!
Processing refund for Order Number: AG-US-00829795
For the amount of: 10030 cents USD
Using the charge ID of: ch_1EHfxYJbAfK4zMcbk2KXXMWD
PROCESSED PROPERLY!
Processing refund for Order Number: AG-US-00859163
For the amount of: 10030 cents USD
Using the charge ID of: ch_1EgzaUJbAfK4zMcbaNF0FB7O
PROCESSED PROPERLY!
Processing refund for Order Number: AG-US-00856945
For the amount of: 10030 cents USD
Using the charge ID of: 
***********FAILED TO PROCESS***********
Processing refund for Order Number: AG-US-00855895
For the amount of: 10030 cents USD
Using the charge ID of: ch_1Ee03YJbAfK4zMcb5Y9dc0st
PROCESSED PROPERLY!
Processing refund for Order Number: AG-US-00820213
For the amount of: 9891 cents USD
Using the charge ID of: ch_1EB9IqJbAfK4zMcbMIJJCYBb
***********FAILED TO PROCESS***********
Processing refund for Order Number: AG-US-00842814
For the amount of: 9440 cents USD
Using the charge ID of: ch_1ESw3UJbAfK4zMcbz6mxP3qb
PROCESSED PROPERLY!
Processing refund for Order Number: AG-US-00858171
For the amount of: 9440 cents USD
Using the charge ID of: ch_1Eg9mHJbAfK4zMcbiC8jUWaE
PROCESSED PROPERLY!
Processing refund for Order Number: AG-US-00866898
For the amount of: 7480 cents USD
Using the charge ID of: ch_1EoehCJbAfK4zMcb7lvrYFan
PROCESSED PROPERLY!
Processing refund for Order Number: AG-US-00866941
For the amount of: 6800 cents USD
Using the charge ID of: 
***********FAILED TO PROCESS***********
