Processing refund for Order Number: AG-US-00867797
For the amount of: 29239 cents USD
Using the charge ID of: ch_1Eq3E7JbAfK4zMcbQBSS4VRq
PROCESSED PROPERLY!
Processing refund for Order Number: AG-US-00854377
For the amount of: 23600 cents USD
Using the charge ID of: ch_1EcfM3JbAfK4zMcbDQ0CJEtz
PROCESSED PROPERLY!
Processing refund for Order Number: AG-US-00867311
For the amount of: 18360 cents USD
Using the charge ID of: ch_1EpF7JJbAfK4zMcb9sG8Sxy6
PROCESSED PROPERLY!
Processing refund for Order Number: AG-US-00861900
For the amount of: 17200 cents USD
Using the charge ID of: ch_1EjTrHJbAfK4zMcbOuTgYzaQ
PROCESSED PROPERLY!
Processing refund for Order Number: AG-US-00866484
For the amount of: 16021 cents USD
Using the charge ID of: ch_1EoIrUJbAfK4zMcbcjYFaoiL
PROCESSED PROPERLY!
Processing refund for Order Number: AG-US-00868060
For the amount of: 15600 cents USD
Using the charge ID of: ch_1EqhUsJbAfK4zMcbT0xeYN8Z
PROCESSED PROPERLY!
Processing refund for Order Number: AG-US-00867761
For the amount of: 14858 cents USD
Using the charge ID of: 
***********FAILED TO PROCESS***********
Processing refund for Order Number: AG-US-00860099
For the amount of: 14800 cents USD
Using the charge ID of: ch_1EhepIJbAfK4zMcbpSaML7oq
PROCESSED PROPERLY!
Processing refund for Order Number: AG-US-00867692
For the amount of: 14688 cents USD
Using the charge ID of: ch_1Eq2BKJbAfK4zMcbM8ppppEs
PROCESSED PROPERLY!
Processing refund for Order Number: AG-US-00867946
For the amount of: 14600 cents USD
Using the charge ID of: ch_1EqGfRJbAfK4zMcbv53IdKds
PROCESSED PROPERLY!
Processing refund for Order Number: AG-US-00864596
For the amount of: 13600 cents USD
Using the charge ID of: ch_1Em8mwJbAfK4zMcbm3dVF7WV
PROCESSED PROPERLY!
Processing refund for Order Number: AG-US-00866833
For the amount of: 13600 cents USD
Using the charge ID of: ch_1Eoh4FJbAfK4zMcbjxkuRxiu
PROCESSED PROPERLY!
Processing refund for Order Number: AG-US-00824290
For the amount of: 12891 cents USD
Using the charge ID of: ch_1EDMfFJbAfK4zMcbvWaLCwlJ
PROCESSED PROPERLY!
Processing refund for Order Number: AG-US-00850583
For the amount of: 12495 cents USD
Using the charge ID of: ch_1EZrsCJbAfK4zMcbrwimFLAI
PROCESSED PROPERLY!
Processing refund for Order Number: AG-US-00866657
For the amount of: 12127 cents USD
Using the charge ID of: 
***********FAILED TO PROCESS***********
Processing refund for Order Number: AG-US-00852771
For the amount of: 11800 cents USD
Using the charge ID of: ch_1EbWJ9JbAfK4zMcbASU7AHXB
PROCESSED PROPERLY!
Processing refund for Order Number: AG-US-00853058
For the amount of: 11800 cents USD
Using the charge ID of: ch_1Ebp6eJbAfK4zMcbZbm87ayB
PROCESSED PROPERLY!
Processing refund for Order Number: AG-US-00854867
For the amount of: 11800 cents USD
Using the charge ID of: ch_1Ed6VPJbAfK4zMcbbBxy0bZq
PROCESSED PROPERLY!
Processing refund for Order Number: AG-US-00867764
For the amount of: 11733 cents USD
Using the charge ID of: 
***********FAILED TO PROCESS***********
Processing refund for Order Number: AG-US-00805139
For the amount of: 10800 cents USD
Using the charge ID of: ch_1DzA8dJbAfK4zMcb8Ke0v6Rw
PROCESSED PROPERLY!
Processing refund for Order Number: AG-US-00862454
For the amount of: 10800 cents USD
Using the charge ID of: ch_1EjxDSJbAfK4zMcbxT6WhooE
PROCESSED PROPERLY!
Processing refund for Order Number: AG-US-00867801
For the amount of: 10800 cents USD
Using the charge ID of: 
***********FAILED TO PROCESS***********
Processing refund for Order Number: AG-US-00867880
For the amount of: 10800 cents USD
Using the charge ID of: ch_1EqLwYJbAfK4zMcbc2jGPy4q
PROCESSED PROPERLY!
Processing refund for Order Number: AG-US-00857862
For the amount of: 9800 cents USD
Using the charge ID of: ch_1Efh9qJbAfK4zMcbx1kkmUYM
PROCESSED PROPERLY!
Processing refund for Order Number: AG-US-00866147
For the amount of: 9400 cents USD
Using the charge ID of: ch_1EnmsRJbAfK4zMcb5g7DIZbV
PROCESSED PROPERLY!
Processing refund for Order Number: AG-US-00855813
For the amount of: 9180 cents USD
Using the charge ID of: ch_1EdrNrJbAfK4zMcb9v67kYBy
PROCESSED PROPERLY!
Processing refund for Order Number: AG-US-00864930
For the amount of: 8502 cents USD
Using the charge ID of: ch_1EmPeQJbAfK4zMcbQjG4Ozif
PROCESSED PROPERLY!
Processing refund for Order Number: AG-US-00865676
For the amount of: 8400 cents USD
Using the charge ID of: ch_1EnBk5JbAfK4zMcbxMyVlcIa
PROCESSED PROPERLY!
Processing refund for Order Number: AG-US-00866805
For the amount of: 8200 cents USD
Using the charge ID of: ch_1EodqcJbAfK4zMcb8zbLWly4
PROCESSED PROPERLY!
Processing refund for Order Number: AG-US-00838611
For the amount of: 7463 cents USD
Using the charge ID of: 
***********FAILED TO PROCESS***********
Processing refund for Order Number: AG-US-00867849
For the amount of: 7429 cents USD
Using the charge ID of: ch_1EqAjlJbAfK4zMcbNQTaUsUr
PROCESSED PROPERLY!
Processing refund for Order Number: AG-US-00868585
For the amount of: 6970 cents USD
Using the charge ID of: ch_1ErnXRJbAfK4zMcbNBWBdcm0
PROCESSED PROPERLY!
Processing refund for Order Number: AG-US-00866073
For the amount of: 6800 cents USD
Using the charge ID of: ch_1Enpa8JbAfK4zMcbppBYVNuL
PROCESSED PROPERLY!
Processing refund for Order Number: AG-US-00867103
For the amount of: 6800 cents USD
Using the charge ID of: 
***********FAILED TO PROCESS***********
Processing refund for Order Number: AG-US-00867771
For the amount of: 6800 cents USD
Using the charge ID of: ch_1Eq1ZQJbAfK4zMcbXQ1AU62I
PROCESSED PROPERLY!
Processing refund for Order Number: AG-US-00867898
For the amount of: 6800 cents USD
Using the charge ID of: ch_1Eq5Q9JbAfK4zMcbHwr94nOT
PROCESSED PROPERLY!
Processing refund for Order Number: AG-US-00867958
For the amount of: 6630 cents USD
Using the charge ID of: ch_1EqJbXJbAfK4zMcb2QBzQsnm
PROCESSED PROPERLY!
Processing refund for Order Number: AG-US-00867331
For the amount of: 6000 cents USD
Using the charge ID of: 
***********FAILED TO PROCESS***********
Processing refund for Order Number: AG-US-00854339
For the amount of: 5800 cents USD
Using the charge ID of: ch_1EcdHJJbAfK4zMcbZrylsOi1
PROCESSED PROPERLY!
Processing refund for Order Number: AG-US-00862862
For the amount of: 5780 cents USD
Using the charge ID of: ch_1EkTvsJbAfK4zMcbgyGPziq2
PROCESSED PROPERLY!
Processing refund for Order Number: AG-US-00866554
For the amount of: 5780 cents USD
Using the charge ID of: ch_1EoIwqJbAfK4zMcbL7S7lZ6o
PROCESSED PROPERLY!
Processing refund for Order Number: AG-US-00866782
For the amount of: 5780 cents USD
Using the charge ID of: ch_1EodMhJbAfK4zMcbaHiisx8p
PROCESSED PROPERLY!
Processing refund for Order Number: AG-US-00867531
For the amount of: 5780 cents USD
Using the charge ID of: ch_1EpSgeJbAfK4zMcbi3Gd0x1D
PROCESSED PROPERLY!
Processing refund for Order Number: AG-US-00860857
For the amount of: 5600 cents USD
Using the charge ID of: ch_1EiZqVJbAfK4zMcbdaHciYKk
PROCESSED PROPERLY!
Processing refund for Order Number: AG-US-00860735
For the amount of: 5400 cents USD
Using the charge ID of: ch_1EiMksJbAfK4zMcba8K5e0NM
PROCESSED PROPERLY!
Processing refund for Order Number: AG-US-00861619
For the amount of: 5400 cents USD
Using the charge ID of: ch_1EjGfaJbAfK4zMcb35oScyO2
PROCESSED PROPERLY!
Processing refund for Order Number: AG-US-00866260
For the amount of: 5400 cents USD
Using the charge ID of: ch_1Eo8S5JbAfK4zMcbnfzmQ22k
PROCESSED PROPERLY!
Processing refund for Order Number: AG-US-00868024
For the amount of: 4320 cents USD
Using the charge ID of: ch_1EqSqBJbAfK4zMcbwwNUfpRr
PROCESSED PROPERLY!
Processing refund for Order Number: AG-US-00847858
For the amount of: 3800 cents USD
Using the charge ID of: ch_1EXAqdJbAfK4zMcbXncCIh8W
PROCESSED PROPERLY!
Processing refund for Order Number: AG-US-00868338
For the amount of: 2800 cents USD
Using the charge ID of: ch_1Er6VNJbAfK4zMcbNYbrBJYU
PROCESSED PROPERLY!
Processing refund for Order Number: AG-US-00868441
For the amount of: 2300 cents USD
Using the charge ID of: ch_1ErXRsJbAfK4zMcbsF6SAqsx
PROCESSED PROPERLY!
Processing refund for Order Number: AG-US-00865974
For the amount of: 12543 cents USD
Using the charge ID of: ch_1EnWX9JbAfK4zMcb1YkPsFzv
PROCESSED PROPERLY!
Processing refund for Order Number: AG-US-00867370
For the amount of: 26073 cents USD
Using the charge ID of: ch_1EpKCnJbAfK4zMcbdLhe09zZ
PROCESSED PROPERLY!
Processing refund for Order Number: AG-US-00867202
For the amount of: 23400 cents USD
Using the charge ID of: ch_1EpC1OJbAfK4zMcbZM6VXriP
PROCESSED PROPERLY!
Processing refund for Order Number: AG-US-00864272
For the amount of: 17600 cents USD
Using the charge ID of: ch_1ElzeDJbAfK4zMcbCJjUrmGh
PROCESSED PROPERLY!
Processing refund for Order Number: AG-US-00864161
For the amount of: 16490 cents USD
Using the charge ID of: ch_1Elk7hJbAfK4zMcbg5yZVka0
PROCESSED PROPERLY!
Processing refund for Order Number: AG-US-00861950
For the amount of: 15600 cents USD
Using the charge ID of: 
***********FAILED TO PROCESS***********
Processing refund for Order Number: AG-US-00859837
For the amount of: 14600 cents USD
Using the charge ID of: 
***********FAILED TO PROCESS***********
Processing refund for Order Number: AG-US-00716639
For the amount of: 13800 cents USD
Using the charge ID of: 
***********FAILED TO PROCESS***********
Processing refund for Order Number: AG-US-00860282
For the amount of: 13769 cents USD
Using the charge ID of: 
***********FAILED TO PROCESS***********
Processing refund for Order Number: AG-US-00867996
For the amount of: 13600 cents USD
Using the charge ID of: 
***********FAILED TO PROCESS***********
Processing refund for Order Number: AG-US-00846752
For the amount of: 11800 cents USD
Using the charge ID of: ch_1EW5voJbAfK4zMcblePuZAZE
PROCESSED PROPERLY!
Processing refund for Order Number: AG-US-00848415
For the amount of: 11800 cents USD
Using the charge ID of: ch_1EXbeWJbAfK4zMcbddqJMjx7
PROCESSED PROPERLY!
Processing refund for Order Number: AG-US-00788118
For the amount of: 10800 cents USD
Using the charge ID of: 
***********FAILED TO PROCESS***********
Processing refund for Order Number: AG-US-00867557
For the amount of: 10800 cents USD
Using the charge ID of: ch_1Epcq2JbAfK4zMcbQVz06NFC
PROCESSED PROPERLY!
Processing refund for Order Number: AG-US-00847168
For the amount of: 10707 cents USD
Using the charge ID of: ch_1EWiXyJbAfK4zMcbPO0MluoE
PROCESSED PROPERLY!
Processing refund for Order Number: AG-US-00857239
For the amount of: 10000 cents USD
Using the charge ID of: 
***********FAILED TO PROCESS***********
Processing refund for Order Number: AG-US-00864823
For the amount of: 10000 cents USD
Using the charge ID of: 
***********FAILED TO PROCESS***********
Processing refund for Order Number: AG-US-00862243
For the amount of: 9180 cents USD
Using the charge ID of: 
***********FAILED TO PROCESS***********
Processing refund for Order Number: AG-US-00864584
For the amount of: 7800 cents USD
Using the charge ID of: ch_1Em9QRJbAfK4zMcbKOAenZWJ
PROCESSED PROPERLY!
Processing refund for Order Number: AG-US-00868398
For the amount of: 7040 cents USD
Using the charge ID of: ch_1ErMmtJbAfK4zMcbVeO9GAwQ
PROCESSED PROPERLY!
Processing refund for Order Number: AG-US-00863979
For the amount of: 6800 cents USD
Using the charge ID of: ch_1EldE1JbAfK4zMcbJHOEfstt
PROCESSED PROPERLY!
Processing refund for Order Number: AG-US-00858596
For the amount of: 5780 cents USD
Using the charge ID of: ch_1EgNBpJbAfK4zMcbB8ZqElnH
PROCESSED PROPERLY!
Processing refund for Order Number: AG-US-00866510
For the amount of: 5400 cents USD
Using the charge ID of: ch_1EoDhCJbAfK4zMcbQY3h8wdR
PROCESSED PROPERLY!
Processing refund for Order Number: AG-US-00868168
For the amount of: 2800 cents USD
Using the charge ID of: ch_1Eqky9JbAfK4zMcbkl67DXdV
PROCESSED PROPERLY!
