Processing refund for Order Number: AG-US-00865800
For the amount of: 24600 cents USD
Using the charge ID of: ch_1EnGUHJbAfK4zMcbXyxBRLaz
PROCESSED PROPERLY!
Processing refund for Order Number: AG-US-00859933
For the amount of: 23600 cents USD
Using the charge ID of: ch_1EhTzSJbAfK4zMcb66gMMeRT
PROCESSED PROPERLY!
Processing refund for Order Number: AG-US-00861821
For the amount of: 22266 cents USD
Using the charge ID of: ch_1EjU4BJbAfK4zMcbU4Yx5zn1
PROCESSED PROPERLY!
Processing refund for Order Number: AG-US-00848540
For the amount of: 20400 cents USD
Using the charge ID of: ch_1EXi5fJbAfK4zMcbtkDD1ZK0
PROCESSED PROPERLY!
Processing refund for Order Number: AG-US-00859662
For the amount of: 20060 cents USD
Using the charge ID of: ch_1EhKmMJbAfK4zMcbofSxHTJd
PROCESSED PROPERLY!
Processing refund for Order Number: AG-US-00857205
For the amount of: 17600 cents USD
Using the charge ID of: 
***********FAILED TO PROCESS***********
Processing refund for Order Number: AG-US-00861456
For the amount of: 16800 cents USD
Using the charge ID of: ch_1EjAuZJbAfK4zMcbfBBJ5TSv
PROCESSED PROPERLY!
Processing refund for Order Number: AG-US-00862155
For the amount of: 16600 cents USD
Using the charge ID of: 
***********FAILED TO PROCESS***********
Processing refund for Order Number: AG-US-00867642
For the amount of: 15951 cents USD
Using the charge ID of: ch_1EpqoBJbAfK4zMcbtZicbsEf
PROCESSED PROPERLY!
Processing refund for Order Number: AG-US-00852744
For the amount of: 14869 cents USD
Using the charge ID of: ch_1EbV2eJbAfK4zMcbCCA7VL7m
PROCESSED PROPERLY!
Processing refund for Order Number: AG-US-00867097
For the amount of: 14600 cents USD
Using the charge ID of: ch_1EouseJbAfK4zMcbnpl0qicd
PROCESSED PROPERLY!
Processing refund for Order Number: AG-US-00858922
For the amount of: 12847 cents USD
Using the charge ID of: ch_1EgqZbJbAfK4zMcbFdiPFnmI
PROCESSED PROPERLY!
Processing refund for Order Number: AG-US-00824239
For the amount of: 12744 cents USD
Using the charge ID of: ch_1EDIkuJbAfK4zMcbfb5pl2Pv
***********FAILED TO PROCESS***********
Processing refund for Order Number: AG-US-00860563
For the amount of: 12715 cents USD
Using the charge ID of: ch_1Ei89QJbAfK4zMcbcHgpUePL
PROCESSED PROPERLY!
Processing refund for Order Number: AG-US-00830272
For the amount of: 12508 cents USD
Using the charge ID of: ch_1EI2ehJbAfK4zMcbIw9uXw7T
PROCESSED PROPERLY!
Processing refund for Order Number: AG-US-00853525
For the amount of: 11800 cents USD
Using the charge ID of: ch_1Ec06wJbAfK4zMcb2rQgm2RV
PROCESSED PROPERLY!
Processing refund for Order Number: AG-US-00860220
For the amount of: 11800 cents USD
Using the charge ID of: 
***********FAILED TO PROCESS***********
Processing refund for Order Number: AG-US-00844032
For the amount of: 11800 cents USD
Using the charge ID of: ch_1ETvSpJbAfK4zMcbRCFPGD8L
PROCESSED PROPERLY!
Processing refund for Order Number: AG-US-00857260
For the amount of: 11800 cents USD
Using the charge ID of: ch_1EfCWoJbAfK4zMcbMjQJfETR
PROCESSED PROPERLY!
Processing refund for Order Number: AG-US-00842984
For the amount of: 11800 cents USD
Using the charge ID of: ch_1ET9HpJbAfK4zMcbEHX98dNK
PROCESSED PROPERLY!
Processing refund for Order Number: AG-US-00843706
For the amount of: 11800 cents USD
Using the charge ID of: 
***********FAILED TO PROCESS***********
Processing refund for Order Number: AG-US-00859966
For the amount of: 11800 cents USD
Using the charge ID of: ch_1Ehc4kJbAfK4zMcb52xcsMs1
PROCESSED PROPERLY!
Processing refund for Order Number: AG-US-00843048
For the amount of: 11800 cents USD
Using the charge ID of: 
***********FAILED TO PROCESS***********
Processing refund for Order Number: AG-US-00852724
For the amount of: 11800 cents USD
Using the charge ID of: ch_1EbUBEJbAfK4zMcbWfO8UJuQ
PROCESSED PROPERLY!
Processing refund for Order Number: AG-US-00846325
For the amount of: 11800 cents USD
Using the charge ID of: 
***********FAILED TO PROCESS***********
Processing refund for Order Number: AG-US-00848540
For the amount of: 11800 cents USD
Using the charge ID of: ch_1EXi5fJbAfK4zMcbtkDD1ZK0
PROCESSED PROPERLY!
Processing refund for Order Number: AG-US-00854739
For the amount of: 11800 cents USD
Using the charge ID of: 
***********FAILED TO PROCESS***********
Processing refund for Order Number: AG-US-00857089
For the amount of: 11800 cents USD
Using the charge ID of: 
***********FAILED TO PROCESS***********
Processing refund for Order Number: AG-US-00817797
For the amount of: 11799 cents USD
Using the charge ID of: ch_1E9xJWJbAfK4zMcb0DdiLip2
***********FAILED TO PROCESS***********
Processing refund for Order Number: AG-US-00775030
For the amount of: 11799 cents USD
Using the charge ID of: ch_1DgwHsJbAfK4zMcbNpKde6Lg
PROCESSED PROPERLY!
Processing refund for Order Number: AG-US-00784927
For the amount of: 11799 cents USD
Using the charge ID of: ch_1Djb5KJbAfK4zMcbdJuokdDg
PROCESSED PROPERLY!
Processing refund for Order Number: AG-US-00867478
For the amount of: 11718 cents USD
Using the charge ID of: ch_1EpdvSJbAfK4zMcbk0bfYrOT
PROCESSED PROPERLY!
Processing refund for Order Number: AG-US-00823871
For the amount of: 11637 cents USD
Using the charge ID of: ch_1EDC8RJbAfK4zMcbychroiOn
PROCESSED PROPERLY!
Processing refund for Order Number: AG-US-00821378
For the amount of: 11637 cents USD
Using the charge ID of: 
***********FAILED TO PROCESS***********
Processing refund for Order Number: AG-US-00852465
For the amount of: 11560 cents USD
Using the charge ID of: 
***********FAILED TO PROCESS***********
Processing refund for Order Number: AG-US-00848862
For the amount of: 10958 cents USD
Using the charge ID of: 
***********FAILED TO PROCESS***********
Processing refund for Order Number: AG-US-00844814
For the amount of: 10800 cents USD
Using the charge ID of: ch_1EUJOBJbAfK4zMcbrRnxWrtj
PROCESSED PROPERLY!
Processing refund for Order Number: AG-US-00775535
For the amount of: 10800 cents USD
Using the charge ID of: 
***********FAILED TO PROCESS***********
Processing refund for Order Number: AG-US-00868140
For the amount of: 10800 cents USD
Using the charge ID of: ch_1EqecvJbAfK4zMcbTl3KqCwc
PROCESSED PROPERLY!
Processing refund for Order Number: AG-US-00831638
For the amount of: 10030 cents USD
Using the charge ID of: ch_1EJ5luJbAfK4zMcbZvRlJVaU
PROCESSED PROPERLY!
Processing refund for Order Number: AG-US-00843722
For the amount of: 10030 cents USD
Using the charge ID of: ch_1ETdA6JbAfK4zMcbttvJoH9I
PROCESSED PROPERLY!
Processing refund for Order Number: AG-US-00808437
For the amount of: 9995 cents USD
Using the charge ID of: ch_1E24N2JbAfK4zMcbxbFZElva
PROCESSED PROPERLY!
Processing refund for Order Number: AG-US-00864878
For the amount of: 9800 cents USD
Using the charge ID of: 
***********FAILED TO PROCESS***********
Processing refund for Order Number: AG-US-00865829
For the amount of: 9800 cents USD
Using the charge ID of: ch_1EnR1DJbAfK4zMcb774HtPqQ
PROCESSED PROPERLY!
Processing refund for Order Number: AG-US-00866374
For the amount of: 9800 cents USD
Using the charge ID of: ch_1Eo8eMJbAfK4zMcbJzwmzU90
PROCESSED PROPERLY!
Processing refund for Order Number: AG-US-00859417
For the amount of: 8800 cents USD
Using the charge ID of: ch_1Eh50EJbAfK4zMcbxTrVaxTD
PROCESSED PROPERLY!
Processing refund for Order Number: AG-US-00868140
For the amount of: 8800 cents USD
Using the charge ID of: ch_1EqecvJbAfK4zMcbTl3KqCwc
PROCESSED PROPERLY!
Processing refund for Order Number: AG-US-00867090
For the amount of: 7800 cents USD
Using the charge ID of: ch_1Ep5rvJbAfK4zMcbzPdbBQvA
PROCESSED PROPERLY!
Processing refund for Order Number: AG-US-00856311
For the amount of: 7327 cents USD
Using the charge ID of: ch_1EePeIJbAfK4zMcbR2FUbE43
PROCESSED PROPERLY!
Processing refund for Order Number: AG-US-00866592
For the amount of: 7194 cents USD
Using the charge ID of: ch_1EoSxEJbAfK4zMcbUmZTGbxg
PROCESSED PROPERLY!
Processing refund for Order Number: AG-US-00859158
For the amount of: 6900 cents USD
Using the charge ID of: ch_1EgzVSJbAfK4zMcbo3l5oEcJ
PROCESSED PROPERLY!
Processing refund for Order Number: AG-US-00855961
For the amount of: 6800 cents USD
Using the charge ID of: 
***********FAILED TO PROCESS***********
Processing refund for Order Number: AG-US-00859933
For the amount of: 6800 cents USD
Using the charge ID of: ch_1EhTzSJbAfK4zMcb66gMMeRT
PROCESSED PROPERLY!
Processing refund for Order Number: AG-US-00852558
For the amount of: 6800 cents USD
Using the charge ID of: 
***********FAILED TO PROCESS***********
Processing refund for Order Number: AG-US-00865259
For the amount of: 6630 cents USD
Using the charge ID of: ch_1Emk1UJbAfK4zMcblMfI2U2U
PROCESSED PROPERLY!
Processing refund for Order Number: AG-US-00861284
For the amount of: 5780 cents USD
Using the charge ID of: ch_1Ej75GJbAfK4zMcbzrdGNyrh
PROCESSED PROPERLY!
Processing refund for Order Number: AG-US-00856288
For the amount of: 3400 cents USD
Using the charge ID of: ch_1EeP59JbAfK4zMcbmpYBIlkb
PROCESSED PROPERLY!
Processing refund for Order Number: AG-US-00783714
For the amount of: 2900 cents USD
Using the charge ID of: ch_1Dj8SPJbAfK4zMcbtMkYNve8
PROCESSED PROPERLY!
Processing refund for Order Number: AG-US-00862176
For the amount of: 1400 cents USD
Using the charge ID of: ch_1Ejp5zJbAfK4zMcbexqcBoL9
PROCESSED PROPERLY!
