Processing refund for Order Number: AG-US-00868159
For the amount of: 48066 cents USD
Using the charge ID of: ch_1EqjjlJbAfK4zMcblvNcUsG4
PROCESSED PROPERLY!
Processing refund for Order Number: AG-US-00864071
For the amount of: 48000 cents USD
Using the charge ID of: ch_1EljcYJbAfK4zMcbQpDlDvFA
PROCESSED PROPERLY!
Processing refund for Order Number: AG-US-00867920
For the amount of: 43200 cents USD
Using the charge ID of: ch_1Eq9j0JbAfK4zMcbBsNdQ0TN
PROCESSED PROPERLY!
Processing refund for Order Number: AG-US-00868027
For the amount of: 43200 cents USD
Using the charge ID of: ch_1EqU8sJbAfK4zMcbuOSRKU5b
PROCESSED PROPERLY!
Processing refund for Order Number: AG-US-00852874
For the amount of: 31027 cents USD
Using the charge ID of: ch_1EbbBiJbAfK4zMcbBldl5kJN
PROCESSED PROPERLY!
Processing refund for Order Number: AG-US-00860336
For the amount of: 30380 cents USD
Using the charge ID of: ch_1Ehr9AJbAfK4zMcbBOHy7GNH
PROCESSED PROPERLY!
Processing refund for Order Number: AG-US-00865810
For the amount of: 30089 cents USD
Using the charge ID of: 
***********FAILED TO PROCESS***********
Processing refund for Order Number: AG-US-00865805
For the amount of: 27116 cents USD
Using the charge ID of: ch_1EnHexJbAfK4zMcbbZXvQD5Z
PROCESSED PROPERLY!
Processing refund for Order Number: AG-US-00852158
For the amount of: 25547 cents USD
Using the charge ID of: 
***********FAILED TO PROCESS***********
Processing refund for Order Number: AG-US-00866191
For the amount of: 23970 cents USD
Using the charge ID of: ch_1Ent49JbAfK4zMcbz1lPYstq
PROCESSED PROPERLY!
Processing refund for Order Number: AG-US-00864898
For the amount of: 23460 cents USD
Using the charge ID of: ch_1EmMs9JbAfK4zMcbgDvGsD3G
PROCESSED PROPERLY!
Processing refund for Order Number: AG-US-00867952
For the amount of: 22600 cents USD
Using the charge ID of: 
***********FAILED TO PROCESS***********
Processing refund for Order Number: AG-US-00824831
For the amount of: 21841 cents USD
Using the charge ID of: 
***********FAILED TO PROCESS***********
Processing refund for Order Number: AG-US-00864204
For the amount of: 21800 cents USD
Using the charge ID of: ch_1ElmbJJbAfK4zMcbryFHxwRM
PROCESSED PROPERLY!
Processing refund for Order Number: AG-US-00860952
For the amount of: 21760 cents USD
Using the charge ID of: ch_1EiXUCJbAfK4zMcbFUJIUSJL
PROCESSED PROPERLY!
Processing refund for Order Number: AG-US-00866625
For the amount of: 21600 cents USD
Using the charge ID of: 
***********FAILED TO PROCESS***********
Processing refund for Order Number: AG-US-00837199
For the amount of: 20400 cents USD
Using the charge ID of: ch_1ENl2fJbAfK4zMcbLRzk9gP0
PROCESSED PROPERLY!
Processing refund for Order Number: AG-US-00864966
For the amount of: 20181 cents USD
Using the charge ID of: ch_1EmTmdJbAfK4zMcbUqW1pHLL
PROCESSED PROPERLY!
Processing refund for Order Number: AG-US-00866286
For the amount of: 20181 cents USD
Using the charge ID of: 
***********FAILED TO PROCESS***********
Processing refund for Order Number: AG-US-00825286
For the amount of: 20060 cents USD
Using the charge ID of: 
***********FAILED TO PROCESS***********
Processing refund for Order Number: AG-US-00864191
For the amount of: 19964 cents USD
Using the charge ID of: ch_1EloBxJbAfK4zMcbOpV50Zof
PROCESSED PROPERLY!
Processing refund for Order Number: AG-US-00862450
For the amount of: 19184 cents USD
Using the charge ID of: ch_1EjveXJbAfK4zMcbpIjeQMEg
PROCESSED PROPERLY!
Processing refund for Order Number: AG-US-00860706
For the amount of: 19096 cents USD
Using the charge ID of: ch_1EiDTdJbAfK4zMcbpjkjneCM
PROCESSED PROPERLY!
Processing refund for Order Number: AG-US-00867458
For the amount of: 18600 cents USD
Using the charge ID of: ch_1Epai6JbAfK4zMcbNetprzbX
PROCESSED PROPERLY!
Processing refund for Order Number: AG-US-00863533
For the amount of: 18533 cents USD
Using the charge ID of: ch_1ElFI4JbAfK4zMcbC1T5Lr3H
PROCESSED PROPERLY!
Processing refund for Order Number: AG-US-00867850
For the amount of: 18403 cents USD
Using the charge ID of: ch_1EqAnOJbAfK4zMcb1tzWVVUQ
PROCESSED PROPERLY!
Processing refund for Order Number: AG-US-00867861
For the amount of: 18200 cents USD
Using the charge ID of: ch_1EqDXUJbAfK4zMcbO0ZfQl5z
PROCESSED PROPERLY!
Processing refund for Order Number: AG-US-00865657
For the amount of: 17600 cents USD
Using the charge ID of: ch_1En97TJbAfK4zMcbP1Fyv2CN
PROCESSED PROPERLY!
Processing refund for Order Number: AG-US-00867075
For the amount of: 17121 cents USD
Using the charge ID of: 
***********FAILED TO PROCESS***********
Processing refund for Order Number: AG-US-00861708
For the amount of: 16926 cents USD
Using the charge ID of: ch_1EjHYfJbAfK4zMcbdHJSqSM7
PROCESSED PROPERLY!
Processing refund for Order Number: AG-US-00867685
For the amount of: 16200 cents USD
Using the charge ID of: 
***********FAILED TO PROCESS***********
Processing refund for Order Number: AG-US-00865037
For the amount of: 16169 cents USD
Using the charge ID of: 
***********FAILED TO PROCESS***********
Processing refund for Order Number: AG-US-00867214
For the amount of: 15600 cents USD
Using the charge ID of: ch_1EpEnZJbAfK4zMcbIsfaS3TS
PROCESSED PROPERLY!
Processing refund for Order Number: AG-US-00857644
For the amount of: 15008 cents USD
Using the charge ID of: ch_1EfWF7JbAfK4zMcbuup73U6K
PROCESSED PROPERLY!
Processing refund for Order Number: AG-US-00868555
For the amount of: 14732 cents USD
Using the charge ID of: 
***********FAILED TO PROCESS***********
Processing refund for Order Number: AG-US-00867885
For the amount of: 14600 cents USD
Using the charge ID of: ch_1EqMbEJbAfK4zMcbixFjlQM9
PROCESSED PROPERLY!
Processing refund for Order Number: AG-US-00867650
For the amount of: 14586 cents USD
Using the charge ID of: ch_1EpwQ4JbAfK4zMcbEmEcETtA
PROCESSED PROPERLY!
Processing refund for Order Number: AG-US-00864189
For the amount of: 13600 cents USD
Using the charge ID of: 
***********FAILED TO PROCESS***********
Processing refund for Order Number: AG-US-00868331
For the amount of: 13600 cents USD
Using the charge ID of: 
***********FAILED TO PROCESS***********
Processing refund for Order Number: AG-US-00856826
For the amount of: 12800 cents USD
Using the charge ID of: ch_1Een9mJbAfK4zMcbRoOLo5uN
PROCESSED PROPERLY!
Processing refund for Order Number: AG-US-00847545
For the amount of: 12744 cents USD
Using the charge ID of: 
***********FAILED TO PROCESS***********
Processing refund for Order Number: AG-US-00850271
For the amount of: 12685 cents USD
Using the charge ID of: ch_1EZingJbAfK4zMcb8qsPdCJ2
PROCESSED PROPERLY!
Processing refund for Order Number: AG-US-00863048
For the amount of: 12598 cents USD
Using the charge ID of: ch_1EkZhtJbAfK4zMcbDPSuo5T2
PROCESSED PROPERLY!
Processing refund for Order Number: AG-US-00831402
For the amount of: 12597 cents USD
Using the charge ID of: 
***********FAILED TO PROCESS***********
Processing refund for Order Number: AG-US-00861190
For the amount of: 11914 cents USD
Using the charge ID of: ch_1EisZaJbAfK4zMcbD6n7no1l
PROCESSED PROPERLY!
Processing refund for Order Number: AG-US-00831349
For the amount of: 11800 cents USD
Using the charge ID of: ch_1EIxyPJbAfK4zMcbEldTMB3A
PROCESSED PROPERLY!
Processing refund for Order Number: AG-US-00847111
For the amount of: 11800 cents USD
Using the charge ID of: 
***********FAILED TO PROCESS***********
Processing refund for Order Number: AG-US-00851445
For the amount of: 11800 cents USD
Using the charge ID of: ch_1EaT4PJbAfK4zMcboC7GEJEO
PROCESSED PROPERLY!
Processing refund for Order Number: AG-US-00853543
For the amount of: 11800 cents USD
Using the charge ID of: 
***********FAILED TO PROCESS***********
Processing refund for Order Number: AG-US-00833001
For the amount of: 11800 cents USD
Using the charge ID of: ch_1EKCXfJbAfK4zMcbi1gLWZki
PROCESSED PROPERLY!
Processing refund for Order Number: AG-US-00849272
For the amount of: 11800 cents USD
Using the charge ID of: ch_1EYZzmJbAfK4zMcb8Ig1Q64s
PROCESSED PROPERLY!
Processing refund for Order Number: AG-US-00849272
For the amount of: 11800 cents USD
Using the charge ID of: ch_1EYZzmJbAfK4zMcb8Ig1Q64s
PROCESSED PROPERLY!
Processing refund for Order Number: AG-US-00842298
For the amount of: 11799 cents USD
Using the charge ID of: ch_1EST6nJbAfK4zMcbvp0b7MjE
PROCESSED PROPERLY!
Processing refund for Order Number: AG-US-00866921
For the amount of: 11730 cents USD
Using the charge ID of: ch_1Eohg2JbAfK4zMcbKsl1POlS
PROCESSED PROPERLY!
Processing refund for Order Number: AG-US-00867128
For the amount of: 11730 cents USD
Using the charge ID of: ch_1EoxINJbAfK4zMcbzQhfuRuS
PROCESSED PROPERLY!
Processing refund for Order Number: AG-US-00866467
For the amount of: 11718 cents USD
Using the charge ID of: ch_1EoGW6JbAfK4zMcbw4kyukn6
PROCESSED PROPERLY!
Processing refund for Order Number: AG-US-00862652
For the amount of: 11680 cents USD
Using the charge ID of: 
***********FAILED TO PROCESS***********
Processing refund for Order Number: AG-US-00866586
For the amount of: 11637 cents USD
Using the charge ID of: 
***********FAILED TO PROCESS***********
Processing refund for Order Number: AG-US-00805192
For the amount of: 11637 cents USD
Using the charge ID of: ch_1DzHbMJbAfK4zMcbMFuwk2FF
PROCESSED PROPERLY!
Processing refund for Order Number: AG-US-00855653
For the amount of: 11400 cents USD
Using the charge ID of: ch_1EdktDJbAfK4zMcba7ZXgYHj
PROCESSED PROPERLY!
Processing refund for Order Number: AG-US-00862511
For the amount of: 11388 cents USD
Using the charge ID of: ch_1Ek3TfJbAfK4zMcbOps7r5Cb
PROCESSED PROPERLY!
Processing refund for Order Number: AG-US-00866582
For the amount of: 11200 cents USD
Using the charge ID of: ch_1EoO1YJbAfK4zMcbPHE3iBek
PROCESSED PROPERLY!
Processing refund for Order Number: AG-US-00866498
For the amount of: 11043 cents USD
Using the charge ID of: ch_1EoC48JbAfK4zMcbDOtZkvSI
PROCESSED PROPERLY!
Processing refund for Order Number: AG-US-00865455
For the amount of: 10950 cents USD
Using the charge ID of: ch_1Emw8hJbAfK4zMcbbBj7WltM
PROCESSED PROPERLY!
Processing refund for Order Number: AG-US-00779239
For the amount of: 10800 cents USD
Using the charge ID of: ch_1Dhq1PJbAfK4zMcb1t6d5PoY
PROCESSED PROPERLY!
Processing refund for Order Number: AG-US-00850431
For the amount of: 10800 cents USD
Using the charge ID of: ch_1EZn7kJbAfK4zMcboZ3kqj8y
PROCESSED PROPERLY!
Processing refund for Order Number: AG-US-00855358
For the amount of: 10800 cents USD
Using the charge ID of: ch_1EdTu3JbAfK4zMcbV3HsdN9c
PROCESSED PROPERLY!
Processing refund for Order Number: AG-US-00866066
For the amount of: 10800 cents USD
Using the charge ID of: ch_1EnoMIJbAfK4zMcb5SMyx7TY
PROCESSED PROPERLY!
Processing refund for Order Number: AG-US-00866689
For the amount of: 10800 cents USD
Using the charge ID of: ch_1EocXlJbAfK4zMcbIoOaEw1l
PROCESSED PROPERLY!
Processing refund for Order Number: AG-US-00867168
For the amount of: 10800 cents USD
Using the charge ID of: 
***********FAILED TO PROCESS***********
Processing refund for Order Number: AG-US-00796922
For the amount of: 10800 cents USD
Using the charge ID of: ch_1Dub1mJbAfK4zMcbdZuswQ6y
PROCESSED PROPERLY!
Processing refund for Order Number: AG-US-00867907
For the amount of: 10800 cents USD
Using the charge ID of: ch_1Eq6epJbAfK4zMcbOUqM1AZe
PROCESSED PROPERLY!
Processing refund for Order Number: AG-US-00868068
For the amount of: 10800 cents USD
Using the charge ID of: ch_1EqiTFJbAfK4zMcb1mxRAl4j
PROCESSED PROPERLY!
Processing refund for Order Number: AG-US-00859350
For the amount of: 10725 cents USD
Using the charge ID of: ch_1Eh4VjJbAfK4zMcbNQVV60Q0
PROCESSED PROPERLY!
Processing refund for Order Number: AG-US-00867903
For the amount of: 10540 cents USD
Using the charge ID of: ch_1Eq5zRJbAfK4zMcbNTU7El0m
PROCESSED PROPERLY!
Processing refund for Order Number: AG-US-00852423
For the amount of: 10030 cents USD
Using the charge ID of: 
***********FAILED TO PROCESS***********
Processing refund for Order Number: AG-US-00845403
For the amount of: 10030 cents USD
Using the charge ID of: ch_1EUdHCJbAfK4zMcbltWmtwIF
PROCESSED PROPERLY!
Processing refund for Order Number: AG-US-00850404
For the amount of: 10030 cents USD
Using the charge ID of: ch_1EZlXaJbAfK4zMcbkx22KRDT
PROCESSED PROPERLY!
Processing refund for Order Number: AG-US-00864309
For the amount of: 10029 cents USD
Using the charge ID of: ch_1ElqNNJbAfK4zMcbEcM8PDMr
PROCESSED PROPERLY!
Processing refund for Order Number: AG-US-00865636
For the amount of: 9800 cents USD
Using the charge ID of: ch_1En61hJbAfK4zMcbCOs7o2tZ
PROCESSED PROPERLY!
Processing refund for Order Number: AG-US-00858812
For the amount of: 9482 cents USD
Using the charge ID of: ch_1EgdKHJbAfK4zMcb8B1JI67e
PROCESSED PROPERLY!
Processing refund for Order Number: AG-US-00851596
For the amount of: 9440 cents USD
Using the charge ID of: 
***********FAILED TO PROCESS***********
Processing refund for Order Number: AG-US-00860096
For the amount of: 9180 cents USD
Using the charge ID of: 
***********FAILED TO PROCESS***********
Processing refund for Order Number: AG-US-00865523
For the amount of: 9180 cents USD
Using the charge ID of: 
***********FAILED TO PROCESS***********
Processing refund for Order Number: AG-US-00866055
For the amount of: 9180 cents USD
Using the charge ID of: ch_1Enn9sJbAfK4zMcbfZhwmdT4
PROCESSED PROPERLY!
Processing refund for Order Number: AG-US-00859881
For the amount of: 8800 cents USD
Using the charge ID of: ch_1Ehaq3JbAfK4zMcb9xIY4hXX
PROCESSED PROPERLY!
Processing refund for Order Number: AG-US-00864679
For the amount of: 8800 cents USD
Using the charge ID of: ch_1EmMGcJbAfK4zMcbU8yeN9PM
PROCESSED PROPERLY!
Processing refund for Order Number: AG-US-00867524
For the amount of: 8800 cents USD
Using the charge ID of: ch_1EpRNVJbAfK4zMcbtggzht9c
PROCESSED PROPERLY!
Processing refund for Order Number: AG-US-00867831
For the amount of: 8800 cents USD
Using the charge ID of: 
***********FAILED TO PROCESS***********
Processing refund for Order Number: AG-US-00866587
For the amount of: 8541 cents USD
Using the charge ID of: ch_1EoOYDJbAfK4zMcbQbNBQD18
PROCESSED PROPERLY!
Processing refund for Order Number: AG-US-00866698
For the amount of: 8400 cents USD
Using the charge ID of: ch_1EoVNuJbAfK4zMcbL1flIDx4
PROCESSED PROPERLY!
Processing refund for Order Number: AG-US-00855790
For the amount of: 8116 cents USD
Using the charge ID of: ch_1EdzecJbAfK4zMcbm4Sc5PCq
PROCESSED PROPERLY!
Processing refund for Order Number: AG-US-00866206
For the amount of: 8022 cents USD
Using the charge ID of: ch_1EnuxqJbAfK4zMcbjTKFTcC3
PROCESSED PROPERLY!
Processing refund for Order Number: AG-US-00864094
For the amount of: 7800 cents USD
Using the charge ID of: ch_1Ele4KJbAfK4zMcbnVhmHtbk
PROCESSED PROPERLY!
Processing refund for Order Number: AG-US-00865475
For the amount of: 7800 cents USD
Using the charge ID of: 
***********FAILED TO PROCESS***********
Processing refund for Order Number: AG-US-00865769
For the amount of: 7800 cents USD
Using the charge ID of: 
***********FAILED TO PROCESS***********
Processing refund for Order Number: AG-US-00866204
For the amount of: 7800 cents USD
Using the charge ID of: ch_1EnuXiJbAfK4zMcbDANRw5Nh
PROCESSED PROPERLY!
Processing refund for Order Number: AG-US-00867383
For the amount of: 7800 cents USD
Using the charge ID of: ch_1EpLLtJbAfK4zMcbbZ2W0Qrv
PROCESSED PROPERLY!
Processing refund for Order Number: AG-US-00867867
For the amount of: 7800 cents USD
Using the charge ID of: 
***********FAILED TO PROCESS***********
Processing refund for Order Number: AG-US-00868372
For the amount of: 7800 cents USD
Using the charge ID of: 
***********FAILED TO PROCESS***********
Processing refund for Order Number: AG-US-00864264
For the amount of: 7658 cents USD
Using the charge ID of: ch_1ElyKDJbAfK4zMcbDlZM0Yi5
PROCESSED PROPERLY!
Processing refund for Order Number: AG-US-00867148
For the amount of: 7556 cents USD
Using the charge ID of: ch_1EozwlJbAfK4zMcbKYbGUEW9
PROCESSED PROPERLY!
Processing refund for Order Number: AG-US-00866381
For the amount of: 7480 cents USD
Using the charge ID of: 
***********FAILED TO PROCESS***********
Processing refund for Order Number: AG-US-00867694
For the amount of: 7378 cents USD
Using the charge ID of: ch_1EpjXIJbAfK4zMcblYtNd4uQ
PROCESSED PROPERLY!
Processing refund for Order Number: AG-US-00862247
For the amount of: 7361 cents USD
Using the charge ID of: 
***********FAILED TO PROCESS***********
Processing refund for Order Number: AG-US-00866957
For the amount of: 7327 cents USD
Using the charge ID of: 
***********FAILED TO PROCESS***********
Processing refund for Order Number: AG-US-00867043
For the amount of: 7293 cents USD
Using the charge ID of: 
***********FAILED TO PROCESS***********
Processing refund for Order Number: AG-US-00850438
For the amount of: 7268 cents USD
Using the charge ID of: ch_1EZnPNJbAfK4zMcbTzQMEJpC
PROCESSED PROPERLY!
Processing refund for Order Number: AG-US-00862753
For the amount of: 7144 cents USD
Using the charge ID of: ch_1EkJlJJbAfK4zMcbaUZp7vAd
PROCESSED PROPERLY!
Processing refund for Order Number: AG-US-00864578
For the amount of: 6900 cents USD
Using the charge ID of: 
***********FAILED TO PROCESS***********
Processing refund for Order Number: AG-US-00863209
For the amount of: 6800 cents USD
Using the charge ID of: 
***********FAILED TO PROCESS***********
Processing refund for Order Number: AG-US-00863635
For the amount of: 6800 cents USD
Using the charge ID of: 
***********FAILED TO PROCESS***********
Processing refund for Order Number: AG-US-00864261
For the amount of: 6800 cents USD
Using the charge ID of: 
***********FAILED TO PROCESS***********
Processing refund for Order Number: AG-US-00864830
For the amount of: 6800 cents USD
Using the charge ID of: 
***********FAILED TO PROCESS***********
Processing refund for Order Number: AG-US-00864972
For the amount of: 6800 cents USD
Using the charge ID of: ch_1EmUyTJbAfK4zMcbDnZX4AQA
PROCESSED PROPERLY!
Processing refund for Order Number: AG-US-00865732
For the amount of: 6800 cents USD
Using the charge ID of: ch_1En9vJJbAfK4zMcb7iiEZ45p
PROCESSED PROPERLY!
Processing refund for Order Number: AG-US-00865749
For the amount of: 6800 cents USD
Using the charge ID of: ch_1EnBHYJbAfK4zMcbcmhvolPv
PROCESSED PROPERLY!
Processing refund for Order Number: AG-US-00865791
For the amount of: 6800 cents USD
Using the charge ID of: ch_1EnHLmJbAfK4zMcb4rosXKoJ
PROCESSED PROPERLY!
Processing refund for Order Number: AG-US-00867111
For the amount of: 6800 cents USD
Using the charge ID of: 
***********FAILED TO PROCESS***********
Processing refund for Order Number: AG-US-00867596
For the amount of: 6800 cents USD
Using the charge ID of: ch_1EpgEkJbAfK4zMcbimezLDG4
PROCESSED PROPERLY!
Processing refund for Order Number: AG-US-00867673
For the amount of: 6800 cents USD
Using the charge ID of: ch_1Epz9jJbAfK4zMcbItUl4A9j
PROCESSED PROPERLY!
Processing refund for Order Number: AG-US-00867899
For the amount of: 6800 cents USD
Using the charge ID of: ch_1Eq5i1JbAfK4zMcbuERz03QG
PROCESSED PROPERLY!
Processing refund for Order Number: AG-US-00867836
For the amount of: 6800 cents USD
Using the charge ID of: 
***********FAILED TO PROCESS***********
Processing refund for Order Number: AG-US-00867957
For the amount of: 6800 cents USD
Using the charge ID of: ch_1EqJaBJbAfK4zMcbmuyqrqoU
PROCESSED PROPERLY!
Processing refund for Order Number: AG-US-00868213
For the amount of: 6800 cents USD
Using the charge ID of: 
***********FAILED TO PROCESS***********
Processing refund for Order Number: AG-US-00858949
For the amount of: 6630 cents USD
Using the charge ID of: 
***********FAILED TO PROCESS***********
Processing refund for Order Number: AG-US-00861099
For the amount of: 6630 cents USD
Using the charge ID of: 
***********FAILED TO PROCESS***********
Processing refund for Order Number: AG-US-00864676
For the amount of: 6630 cents USD
Using the charge ID of: ch_1EmMArJbAfK4zMcbA0PvTaCx
PROCESSED PROPERLY!
Processing refund for Order Number: AG-US-00865656
For the amount of: 6630 cents USD
Using the charge ID of: ch_1En8dFJbAfK4zMcbkMXkvX3S
PROCESSED PROPERLY!
Processing refund for Order Number: AG-US-00867877
For the amount of: 6630 cents USD
Using the charge ID of: ch_1EqLY6JbAfK4zMcbOskCSTbV
PROCESSED PROPERLY!
Processing refund for Order Number: AG-US-00867977
For the amount of: 6630 cents USD
Using the charge ID of: ch_1EqNxnJbAfK4zMcbC3Yt8Drs
PROCESSED PROPERLY!
Processing refund for Order Number: AG-US-00863830
For the amount of: 6395 cents USD
Using the charge ID of: 
***********FAILED TO PROCESS***********
Processing refund for Order Number: AG-US-00866979
For the amount of: 6228 cents USD
Using the charge ID of: 
***********FAILED TO PROCESS***********
Processing refund for Order Number: AG-US-00864651
For the amount of: 5910 cents USD
Using the charge ID of: ch_1EmKwtJbAfK4zMcbf1QLPDeJ
PROCESSED PROPERLY!
Processing refund for Order Number: AG-US-00862361
For the amount of: 5780 cents USD
Using the charge ID of: 
***********FAILED TO PROCESS***********
Processing refund for Order Number: AG-US-00863419
For the amount of: 5780 cents USD
Using the charge ID of: 
***********FAILED TO PROCESS***********
Processing refund for Order Number: AG-US-00864583
For the amount of: 5600 cents USD
Using the charge ID of: 
***********FAILED TO PROCESS***********
Processing refund for Order Number: AG-US-00867626
For the amount of: 5600 cents USD
Using the charge ID of: ch_1EpnNOJbAfK4zMcbaoU547q9
PROCESSED PROPERLY!
Processing refund for Order Number: AG-US-00843011
For the amount of: 5400 cents USD
Using the charge ID of: ch_1ET8PiJbAfK4zMcbNgM6058a
PROCESSED PROPERLY!
Processing refund for Order Number: AG-US-00858239
For the amount of: 5400 cents USD
Using the charge ID of: ch_1Eg33QJbAfK4zMcbkGg5WFHa
PROCESSED PROPERLY!
Processing refund for Order Number: AG-US-00859947
For the amount of: 5400 cents USD
Using the charge ID of: ch_1Eha4JJbAfK4zMcbs0UQACby
PROCESSED PROPERLY!
Processing refund for Order Number: AG-US-00860754
For the amount of: 5400 cents USD
Using the charge ID of: 
***********FAILED TO PROCESS***********
Processing refund for Order Number: AG-US-00864092
For the amount of: 5400 cents USD
Using the charge ID of: ch_1Ell8CJbAfK4zMcbeKlCY3GL
PROCESSED PROPERLY!
Processing refund for Order Number: AG-US-00858125
For the amount of: 5280 cents USD
Using the charge ID of: ch_1EfztDJbAfK4zMcbHZqCaWSl
PROCESSED PROPERLY!
Processing refund for Order Number: AG-US-00861818
For the amount of: 4930 cents USD
Using the charge ID of: ch_1EjTsaJbAfK4zMcbTHubYxDl
PROCESSED PROPERLY!
Processing refund for Order Number: AG-US-00866304
For the amount of: 4900 cents USD
Using the charge ID of: ch_1Enuz5JbAfK4zMcb2Y9oiM5d
PROCESSED PROPERLY!
Processing refund for Order Number: AG-US-00860768
For the amount of: 4600 cents USD
Using the charge ID of: ch_1EiPPSJbAfK4zMcbmlq5oGrj
PROCESSED PROPERLY!
Processing refund for Order Number: AG-US-00865323
For the amount of: 4114 cents USD
Using the charge ID of: ch_1Emjk3JbAfK4zMcbXWQVj85n
PROCESSED PROPERLY!
Processing refund for Order Number: AG-US-00863543
For the amount of: 4000 cents USD
Using the charge ID of: ch_1ElG7oJbAfK4zMcbyagPckd9
PROCESSED PROPERLY!
Processing refund for Order Number: AG-US-00867085
For the amount of: 3840 cents USD
Using the charge ID of: ch_1Ep4JnJbAfK4zMcbKgREXNgZ
PROCESSED PROPERLY!
Processing refund for Order Number: AG-US-00865419
For the amount of: 3333 cents USD
Using the charge ID of: ch_1EmrW7JbAfK4zMcbqRwHUlWf
PROCESSED PROPERLY!
Processing refund for Order Number: AG-US-00864091
For the amount of: 3229 cents USD
Using the charge ID of: ch_1ElkyhJbAfK4zMcbpYYNo33X
PROCESSED PROPERLY!
Processing refund for Order Number: AG-US-00865779
For the amount of: 3229 cents USD
Using the charge ID of: ch_1EnGcSJbAfK4zMcb3chZk2OB
PROCESSED PROPERLY!
Processing refund for Order Number: AG-US-00866750
For the amount of: 2800 cents USD
Using the charge ID of: ch_1EoaUbJbAfK4zMcbRyFevjev
PROCESSED PROPERLY!
Processing refund for Order Number: AG-US-00861445
For the amount of: 2300 cents USD
Using the charge ID of: 
***********FAILED TO PROCESS***********
Processing refund for Order Number: AG-US-00822965
For the amount of: 2155 cents USD
Using the charge ID of: ch_1ECoeKJbAfK4zMcbFO4LaIJa
PROCESSED PROPERLY!
Processing refund for Order Number: AG-US-00774315
For the amount of: 11799 cents USD
Using the charge ID of: ch_1DgjoGJbAfK4zMcboD5GZU3m
PROCESSED PROPERLY!
Processing refund for Order Number: AG-US-00865370
For the amount of: 5800 cents USD
Using the charge ID of: ch_1EmorVJbAfK4zMcbYi61bnH1
PROCESSED PROPERLY!
