Processing refund for Order Number: AG-US-00865076
For the amount of: 45255 cents USD
Using the charge ID of: 452.55
***********FAILED TO PROCESS***********
Processing refund for Order Number: AG-US-00868570
For the amount of: 41856 cents USD
Using the charge ID of: 418.56
***********FAILED TO PROCESS***********
Processing refund for Order Number: AG-US-00864438
For the amount of: 36800 cents USD
Using the charge ID of: 368
***********FAILED TO PROCESS***********
Processing refund for Order Number: AG-US-00862758
For the amount of: 34229 cents USD
Using the charge ID of: 342.29
***********FAILED TO PROCESS***********
Processing refund for Order Number: AG-US-00867267
For the amount of: 29564 cents USD
Using the charge ID of: 295.65
***********FAILED TO PROCESS***********
Processing refund for Order Number: AG-US-00868533
For the amount of: 24934 cents USD
Using the charge ID of: 249.34
***********FAILED TO PROCESS***********
Processing refund for Order Number: AG-US-00868403
For the amount of: 24400 cents USD
Using the charge ID of: 244
***********FAILED TO PROCESS***********
Processing refund for Order Number: AG-US-00862018
For the amount of: 21600 cents USD
Using the charge ID of: 216
***********FAILED TO PROCESS***********
Processing refund for Order Number: AG-US-00866901
For the amount of: 20400 cents USD
Using the charge ID of: 204
***********FAILED TO PROCESS***********
Processing refund for Order Number: AG-US-00866500
For the amount of: 19949 cents USD
Using the charge ID of: 199.49
***********FAILED TO PROCESS***********
Processing refund for Order Number: AG-US-00868101
For the amount of: 19600 cents USD
Using the charge ID of: 196
***********FAILED TO PROCESS***********
Processing refund for Order Number: AG-US-00848647
For the amount of: 18600 cents USD
Using the charge ID of: 186
***********FAILED TO PROCESS***********
Processing refund for Order Number: AG-US-00860712
For the amount of: 18600 cents USD
Using the charge ID of: 186
***********FAILED TO PROCESS***********
Processing refund for Order Number: AG-US-00866588
For the amount of: 18396 cents USD
Using the charge ID of: 183.96
***********FAILED TO PROCESS***********
Processing refund for Order Number: AG-US-00865034
For the amount of: 18360 cents USD
Using the charge ID of: 183.6
***********FAILED TO PROCESS***********
Processing refund for Order Number: AG-US-00868321
For the amount of: 18243 cents USD
Using the charge ID of: 182.43
***********FAILED TO PROCESS***********
Processing refund for Order Number: AG-US-00867689
For the amount of: 18200 cents USD
Using the charge ID of: 182
***********FAILED TO PROCESS***********
Processing refund for Order Number: AG-US-00852797
For the amount of: 17340 cents USD
Using the charge ID of: 173.4
***********FAILED TO PROCESS***********
Processing refund for Order Number: AG-US-00868166
For the amount of: 16644 cents USD
Using the charge ID of: 166.44
***********FAILED TO PROCESS***********
Processing refund for Order Number: AG-US-00867465
For the amount of: 15987 cents USD
Using the charge ID of: 159.87
***********FAILED TO PROCESS***********
Processing refund for Order Number: AG-US-00858687
For the amount of: 15600 cents USD
Using the charge ID of: 156
***********FAILED TO PROCESS***********
Processing refund for Order Number: AG-US-00838374
For the amount of: 15476 cents USD
Using the charge ID of: 154.76
***********FAILED TO PROCESS***********
Processing refund for Order Number: AG-US-00842708
For the amount of: 15025 cents USD
Using the charge ID of: 150.25
***********FAILED TO PROCESS***********
Processing refund for Order Number: AG-US-00857851
For the amount of: 14600 cents USD
Using the charge ID of: 146
***********FAILED TO PROCESS***********
Processing refund for Order Number: AG-US-00867430
For the amount of: 13600 cents USD
Using the charge ID of: 136
***********FAILED TO PROCESS***********
Processing refund for Order Number: AG-US-00867440
For the amount of: 13600 cents USD
Using the charge ID of: 136
***********FAILED TO PROCESS***********
Processing refund for Order Number: AG-US-00831808
For the amount of: 12744 cents USD
Using the charge ID of: 127.44
***********FAILED TO PROCESS***********
Processing refund for Order Number: AG-US-00832999
For the amount of: 11800 cents USD
Using the charge ID of: 118
***********FAILED TO PROCESS***********
Processing refund for Order Number: AG-US-00849685
For the amount of: 11800 cents USD
Using the charge ID of: 118
***********FAILED TO PROCESS***********
Processing refund for Order Number: AG-US-00865234
For the amount of: 11388 cents USD
Using the charge ID of: 113.88
***********FAILED TO PROCESS***********
Processing refund for Order Number: AG-US-00861148
For the amount of: 10875 cents USD
Using the charge ID of: 108.75
***********FAILED TO PROCESS***********
Processing refund for Order Number: AG-US-00776219
For the amount of: 10800 cents USD
Using the charge ID of: 108
***********FAILED TO PROCESS***********
Processing refund for Order Number: AG-US-00779585
For the amount of: 10800 cents USD
Using the charge ID of: 108
***********FAILED TO PROCESS***********
Processing refund for Order Number: AG-US-00840562
For the amount of: 10800 cents USD
Using the charge ID of: 108
***********FAILED TO PROCESS***********
Processing refund for Order Number: AG-US-00843056
For the amount of: 10800 cents USD
Using the charge ID of: 108
***********FAILED TO PROCESS***********
Processing refund for Order Number: AG-US-00861576
For the amount of: 10800 cents USD
Using the charge ID of: 108
***********FAILED TO PROCESS***********
Processing refund for Order Number: AG-US-00866318
For the amount of: 10800 cents USD
Using the charge ID of: 108
***********FAILED TO PROCESS***********
Processing refund for Order Number: AG-US-00867718
For the amount of: 10800 cents USD
Using the charge ID of: 108
***********FAILED TO PROCESS***********
Processing refund for Order Number: AG-US-00778199
For the amount of: 10800 cents USD
Using the charge ID of: 108
***********FAILED TO PROCESS***********
Processing refund for Order Number: AG-US-00840306
For the amount of: 10600 cents USD
Using the charge ID of: 106
***********FAILED TO PROCESS***********
Processing refund for Order Number: AG-US-00861405
For the amount of: 10052 cents USD
Using the charge ID of: 100.52
***********FAILED TO PROCESS***********
Processing refund for Order Number: AG-US-00849163
For the amount of: 10030 cents USD
Using the charge ID of: 100.3
***********FAILED TO PROCESS***********
Processing refund for Order Number: AG-US-00852968
For the amount of: 10030 cents USD
Using the charge ID of: 100.3
***********FAILED TO PROCESS***********
Processing refund for Order Number: AG-US-00850550
For the amount of: 10030 cents USD
Using the charge ID of: 100.3
***********FAILED TO PROCESS***********
Processing refund for Order Number: AG-US-00852797
For the amount of: 10030 cents USD
Using the charge ID of: 100.3
***********FAILED TO PROCESS***********
Processing refund for Order Number: AG-US-00860425
For the amount of: 10000 cents USD
Using the charge ID of: 100
***********FAILED TO PROCESS***********
Processing refund for Order Number: AG-US-00861030
For the amount of: 10000 cents USD
Using the charge ID of: 100
***********FAILED TO PROCESS***********
Processing refund for Order Number: AG-US-00864078
For the amount of: 10000 cents USD
Using the charge ID of: 100
***********FAILED TO PROCESS***********
Processing refund for Order Number: AG-US-00862248
For the amount of: 9800 cents USD
Using the charge ID of: 98
***********FAILED TO PROCESS***********
Processing refund for Order Number: AG-US-00848645
For the amount of: 9440 cents USD
Using the charge ID of: 94.4
***********FAILED TO PROCESS***********
Processing refund for Order Number: AG-US-00865440
For the amount of: 9180 cents USD
Using the charge ID of: 91.8
***********FAILED TO PROCESS***********
Processing refund for Order Number: AG-US-00772956
For the amount of: 9180 cents USD
Using the charge ID of: 91.8
***********FAILED TO PROCESS***********
Processing refund for Order Number: AG-US-00859222
For the amount of: 8840 cents USD
Using the charge ID of: 88.4
***********FAILED TO PROCESS***********
Processing refund for Order Number: AG-US-00862447
For the amount of: 8800 cents USD
Using the charge ID of: 88
***********FAILED TO PROCESS***********
Processing refund for Order Number: AG-US-00867689
For the amount of: 8800 cents USD
Using the charge ID of: 88
***********FAILED TO PROCESS***********
Processing refund for Order Number: AG-US-00866590
For the amount of: 8541 cents USD
Using the charge ID of: 85.41
***********FAILED TO PROCESS***********
Processing refund for Order Number: AG-US-00863003
For the amount of: 8385 cents USD
Using the charge ID of: 83.85
***********FAILED TO PROCESS***********
Processing refund for Order Number: AG-US-00866005
For the amount of: 7800 cents USD
Using the charge ID of: 78
***********FAILED TO PROCESS***********
Processing refund for Order Number: AG-US-00868090
For the amount of: 7800 cents USD
Using the charge ID of: 78
***********FAILED TO PROCESS***********
Processing refund for Order Number: AG-US-00866902
For the amount of: 7480 cents USD
Using the charge ID of: 74.8
***********FAILED TO PROCESS***********
Processing refund for Order Number: AG-US-00864012
For the amount of: 7434 cents USD
Using the charge ID of: 74.35
***********FAILED TO PROCESS***********
Processing refund for Order Number: AG-US-00864017
For the amount of: 7327 cents USD
Using the charge ID of: 73.27
***********FAILED TO PROCESS***********
Processing refund for Order Number: AG-US-00866214
For the amount of: 7293 cents USD
Using the charge ID of: 72.93
***********FAILED TO PROCESS***********
Processing refund for Order Number: AG-US-00853723
For the amount of: 6800 cents USD
Using the charge ID of: 68
***********FAILED TO PROCESS***********
Processing refund for Order Number: AG-US-00859923
For the amount of: 6800 cents USD
Using the charge ID of: 68
***********FAILED TO PROCESS***********
Processing refund for Order Number: AG-US-00861189
For the amount of: 6800 cents USD
Using the charge ID of: 68
***********FAILED TO PROCESS***********
Processing refund for Order Number: AG-US-00861664
For the amount of: 6800 cents USD
Using the charge ID of: 68
***********FAILED TO PROCESS***********
Processing refund for Order Number: AG-US-00861963
For the amount of: 6800 cents USD
Using the charge ID of: 68
***********FAILED TO PROCESS***********
Processing refund for Order Number: AG-US-00865701
For the amount of: 6800 cents USD
Using the charge ID of: 68
***********FAILED TO PROCESS***********
Processing refund for Order Number: AG-US-00867393
For the amount of: 6800 cents USD
Using the charge ID of: 68
***********FAILED TO PROCESS***********
Processing refund for Order Number: AG-US-00867417
For the amount of: 6800 cents USD
Using the charge ID of: 68
***********FAILED TO PROCESS***********
Processing refund for Order Number: AG-US-00867513
For the amount of: 6800 cents USD
Using the charge ID of: 68
***********FAILED TO PROCESS***********
Processing refund for Order Number: AG-US-00867454
For the amount of: 6800 cents USD
Using the charge ID of: 68
***********FAILED TO PROCESS***********
Processing refund for Order Number: AG-US-00868382
For the amount of: 6630 cents USD
Using the charge ID of: 66.3
***********FAILED TO PROCESS***********
Processing refund for Order Number: AG-US-00861406
For the amount of: 6240 cents USD
Using the charge ID of: 62.4
***********FAILED TO PROCESS***********
Processing refund for Order Number: AG-US-00867775
For the amount of: 5800 cents USD
Using the charge ID of: 58
***********FAILED TO PROCESS***********
Processing refund for Order Number: AG-US-00852297
For the amount of: 5780 cents USD
Using the charge ID of: 57.8
***********FAILED TO PROCESS***********
Processing refund for Order Number: AG-US-00853018
For the amount of: 5780 cents USD
Using the charge ID of: 57.8
***********FAILED TO PROCESS***********
Processing refund for Order Number: AG-US-00863885
For the amount of: 5780 cents USD
Using the charge ID of: 57.8
***********FAILED TO PROCESS***********
Processing refund for Order Number: AG-US-00864326
For the amount of: 5780 cents USD
Using the charge ID of: 57.8
***********FAILED TO PROCESS***********
Processing refund for Order Number: AG-US-00866334
For the amount of: 5780 cents USD
Using the charge ID of: 57.8
***********FAILED TO PROCESS***********
Processing refund for Order Number: AG-US-00866645
For the amount of: 5780 cents USD
Using the charge ID of: 57.8
***********FAILED TO PROCESS***********
Processing refund for Order Number: AG-US-00856957
For the amount of: 5400 cents USD
Using the charge ID of: 54
***********FAILED TO PROCESS***********
Processing refund for Order Number: AG-US-00861899
For the amount of: 5400 cents USD
Using the charge ID of: 54
***********FAILED TO PROCESS***********
Processing refund for Order Number: AG-US-00860177
For the amount of: 4800 cents USD
Using the charge ID of: 48
***********FAILED TO PROCESS***********
Processing refund for Order Number: AG-US-00854459
For the amount of: 4600 cents USD
Using the charge ID of: 46
***********FAILED TO PROCESS***********
Processing refund for Order Number: AG-US-00861114
For the amount of: 4590 cents USD
Using the charge ID of: 45.9
***********FAILED TO PROCESS***********
Processing refund for Order Number: AG-US-00865870
For the amount of: 4590 cents USD
Using the charge ID of: 45.9
***********FAILED TO PROCESS***********
Processing refund for Order Number: AG-US-00863809
For the amount of: 3534 cents USD
Using the charge ID of: 35.34
***********FAILED TO PROCESS***********
Processing refund for Order Number: AG-US-00829432
For the amount of: 2800 cents USD
Using the charge ID of: 28
***********FAILED TO PROCESS***********
Processing refund for Order Number: AG-US-00838624
For the amount of: 2800 cents USD
Using the charge ID of: 28
***********FAILED TO PROCESS***********
Processing refund for Order Number: AG-US-00864083
For the amount of: 2380 cents USD
Using the charge ID of: 23.8
***********FAILED TO PROCESS***********
