Processing refund for Order Number: AG-US-00866135
For the amount of: 19600 cents USD
Using the charge ID of: ch_1Enf8EJbAfK4zMcbLqWWhr68
PROCESSED PROPERLY!
Processing refund for Order Number: AG-US-00857337
For the amount of: 12833 cents USD
Using the charge ID of: ch_1EfIzsJbAfK4zMcbeMU651d2
PROCESSED PROPERLY!
Processing refund for Order Number: AG-US-00824183
For the amount of: 11800 cents USD
Using the charge ID of: ch_1EDHD5JbAfK4zMcbR5ke86qF
PROCESSED PROPERLY!
Processing refund for Order Number: AG-US-00824362
For the amount of: 11800 cents USD
Using the charge ID of: ch_1EDMb9JbAfK4zMcbGrxh2HZL
PROCESSED PROPERLY!
Processing refund for Order Number: AG-US-00858635
For the amount of: 11800 cents USD
Using the charge ID of: ch_1EgWnFJbAfK4zMcbxd45K4Yf
PROCESSED PROPERLY!
Processing refund for Order Number: AG-US-00859747
For the amount of: 11800 cents USD
Using the charge ID of: 
***********FAILED TO PROCESS***********
Processing refund for Order Number: AG-US-00859499
For the amount of: 10800 cents USD
Using the charge ID of: ch_1Eh9SaJbAfK4zMcbpjQTeBYG
PROCESSED PROPERLY!
Processing refund for Order Number: AG-US-00859976
For the amount of: 10600 cents USD
Using the charge ID of: ch_1EhdGVJbAfK4zMcbnQ6ia0nA
PROCESSED PROPERLY!
Processing refund for Order Number: AG-US-00865407
For the amount of: 9180 cents USD
Using the charge ID of: ch_1EmpfFJbAfK4zMcbVrj7TqJz
PROCESSED PROPERLY!
Processing refund for Order Number: AG-US-00867640
For the amount of: 7480 cents USD
Using the charge ID of: 
***********FAILED TO PROCESS***********
Processing refund for Order Number: AG-US-00865352
For the amount of: 4800 cents USD
Using the charge ID of: ch_1Emn59JbAfK4zMcbxRdzAIPi
PROCESSED PROPERLY!
