Processing refund for Order Number: AG-US-00854730
For the amount of: 36800 cents USD
Using the charge ID of: ch_1EcwYtJbAfK4zMcbK5OmEw60
PROCESSED PROPERLY!
Processing refund for Order Number: AG-US-00867198
For the amount of: 24567 cents USD
Using the charge ID of: ch_1Ep6dSJbAfK4zMcbFjtnWM7Z
PROCESSED PROPERLY!
Processing refund for Order Number: AG-US-00868508
For the amount of: 23652 cents USD
Using the charge ID of: 
***********FAILED TO PROCESS***********
Processing refund for Order Number: AG-US-00858154
For the amount of: 23600 cents USD
Using the charge ID of: 
***********FAILED TO PROCESS***********
Processing refund for Order Number: AG-US-00865039
For the amount of: 23200 cents USD
Using the charge ID of: 
***********FAILED TO PROCESS***********
Processing refund for Order Number: AG-US-00868269
For the amount of: 23000 cents USD
Using the charge ID of: 
***********FAILED TO PROCESS***********
Processing refund for Order Number: AG-US-00868334
For the amount of: 21600 cents USD
Using the charge ID of: ch_1Er52qJbAfK4zMcblhxEfkN4
PROCESSED PROPERLY!
Processing refund for Order Number: AG-US-00866188
For the amount of: 17600 cents USD
Using the charge ID of: ch_1Ensi4JbAfK4zMcbthYIEhah
PROCESSED PROPERLY!
Processing refund for Order Number: AG-US-00867497
For the amount of: 17082 cents USD
Using the charge ID of: 
***********FAILED TO PROCESS***********
Processing refund for Order Number: AG-US-00847644
For the amount of: 16001 cents USD
Using the charge ID of: 
***********FAILED TO PROCESS***********
Processing refund for Order Number: AG-US-00860463
For the amount of: 15600 cents USD
Using the charge ID of: ch_1Ei7hAJbAfK4zMcbepx6YRcr
PROCESSED PROPERLY!
Processing refund for Order Number: AG-US-00867125
For the amount of: 14654 cents USD
Using the charge ID of: 
***********FAILED TO PROCESS***********
Processing refund for Order Number: AG-US-00867498
For the amount of: 14454 cents USD
Using the charge ID of: ch_1EpNHTJbAfK4zMcbc17G0ykk
PROCESSED PROPERLY!
Processing refund for Order Number: AG-US-00826939
For the amount of: 11800 cents USD
Using the charge ID of: 
***********FAILED TO PROCESS***********
Processing refund for Order Number: AG-US-00830251
For the amount of: 11800 cents USD
Using the charge ID of: ch_1EI1GrJbAfK4zMcb16ORE52Q
PROCESSED PROPERLY!
Processing refund for Order Number: AG-US-00852149
For the amount of: 11800 cents USD
Using the charge ID of: ch_1Eb2BsJbAfK4zMcbZJccNZSR
PROCESSED PROPERLY!
Processing refund for Order Number: AG-US-00852399
For the amount of: 11800 cents USD
Using the charge ID of: 
***********FAILED TO PROCESS***********
Processing refund for Order Number: AG-US-00857107
For the amount of: 11800 cents USD
Using the charge ID of: 
***********FAILED TO PROCESS***********
Processing refund for Order Number: AG-US-00855413
For the amount of: 11800 cents USD
Using the charge ID of: ch_1EdcF0JbAfK4zMcb8KAeS7FO
PROCESSED PROPERLY!
Processing refund for Order Number: AG-US-00864905
For the amount of: 11730 cents USD
Using the charge ID of: 
***********FAILED TO PROCESS***********
Processing refund for Order Number: AG-US-00826531
For the amount of: 10030 cents USD
Using the charge ID of: 
***********FAILED TO PROCESS***********
Processing refund for Order Number: AG-US-00858745
For the amount of: 10030 cents USD
Using the charge ID of: ch_1EgeuCJbAfK4zMcbEPEyeiwK
PROCESSED PROPERLY!
Processing refund for Order Number: AG-US-00852583
For the amount of: 10030 cents USD
Using the charge ID of: ch_1EbQPzJbAfK4zMcbn402nM7n
PROCESSED PROPERLY!
Processing refund for Order Number: AG-US-00857372
For the amount of: 10030 cents USD
Using the charge ID of: ch_1EfSTnJbAfK4zMcb8n3KDtQ5
PROCESSED PROPERLY!
Processing refund for Order Number: AG-US-00859895
For the amount of: 10030 cents USD
Using the charge ID of: 
***********FAILED TO PROCESS***********
Processing refund for Order Number: AG-US-00866523
For the amount of: 9800 cents USD
Using the charge ID of: ch_1EoEraJbAfK4zMcbdBnHLm8Y
PROCESSED PROPERLY!
Processing refund for Order Number: AG-US-00858418
For the amount of: 9636 cents USD
Using the charge ID of: ch_1EgDP4JbAfK4zMcbWlIwAsqH
PROCESSED PROPERLY!
Processing refund for Order Number: AG-US-00867912
For the amount of: 6900 cents USD
Using the charge ID of: ch_1Eq8aDJbAfK4zMcb8ZLErZof
PROCESSED PROPERLY!
Processing refund for Order Number: AG-US-00866871
For the amount of: 6800 cents USD
Using the charge ID of: ch_1EoszbJbAfK4zMcbj4BXr2YD
PROCESSED PROPERLY!
Processing refund for Order Number: AG-US-00867199
For the amount of: 6800 cents USD
Using the charge ID of: 
***********FAILED TO PROCESS***********
Processing refund for Order Number: AG-US-00862394
For the amount of: 5913 cents USD
Using the charge ID of: ch_1Ejr2uJbAfK4zMcbDIQewX37
PROCESSED PROPERLY!
Processing refund for Order Number: AG-US-00862910
For the amount of: 5780 cents USD
Using the charge ID of: 
***********FAILED TO PROCESS***********
Processing refund for Order Number: AG-US-00862493
For the amount of: 2834 cents USD
Using the charge ID of: ch_1Ek0xZJbAfK4zMcbDjLU72bv
PROCESSED PROPERLY!
Processing refund for Order Number: AG-US-00824006
For the amount of: 23600 cents USD
Using the charge ID of: ch_1EDCqbJbAfK4zMcbON7AkvYp
PROCESSED PROPERLY!
