Processing refund for Order Number: AG-US-00862178
For the amount of: 18005 cents USD
Using the charge ID of: ch_1EjpFDJbAfK4zMcbrR4s7Hvo
PROCESSED PROPERLY!
Processing refund for Order Number: AG-US-00843640
For the amount of: 13800 cents USD
Using the charge ID of: ch_1ETZ0NJbAfK4zMcbOKtkPWWI
PROCESSED PROPERLY!
Processing refund for Order Number: AG-US-00868308
For the amount of: 13800 cents USD
Using the charge ID of: ch_1EqtDcJbAfK4zMcb09Khs0TK
PROCESSED PROPERLY!
Processing refund for Order Number: AG-US-00853309
For the amount of: 12862 cents USD
Using the charge ID of: ch_1Ebsa0JbAfK4zMcb9iiwgofs
PROCESSED PROPERLY!
Processing refund for Order Number: AG-US-00824690
For the amount of: 11800 cents USD
Using the charge ID of: 
***********FAILED TO PROCESS***********
Processing refund for Order Number: AG-US-00815435
For the amount of: 11718 cents USD
Using the charge ID of: 
***********FAILED TO PROCESS***********
Processing refund for Order Number: AG-US-00840181
For the amount of: 10983 cents USD
Using the charge ID of: 
***********FAILED TO PROCESS***********
Processing refund for Order Number: AG-US-00864723
For the amount of: 10633 cents USD
Using the charge ID of: ch_1EmDeWJbAfK4zMcbZuQ4OttV
PROCESSED PROPERLY!
Processing refund for Order Number: AG-US-00866873
For the amount of: 9526 cents USD
Using the charge ID of: 
***********FAILED TO PROCESS***********
Processing refund for Order Number: AG-US-00868414
For the amount of: 6800 cents USD
Using the charge ID of: ch_1ErT5RJbAfK4zMcbnNFucC8w
PROCESSED PROPERLY!
Processing refund for Order Number: AG-US-00790460
For the amount of: 9180 cents USD
Using the charge ID of: 
***********FAILED TO PROCESS***********
