Processing refund for Order Number: AG-US-00862283
For the amount of: 42670 cents USD
Using the charge ID of: ch_1EjqaLJbAfK4zMcbOfw8dkel
PROCESSED PROPERLY!
Processing refund for Order Number: AG-US-00866966
For the amount of: 19600 cents USD
Using the charge ID of: ch_1Eot21JbAfK4zMcbh4WkTs0g
PROCESSED PROPERLY!
Processing refund for Order Number: AG-US-00868356
For the amount of: 18360 cents USD
Using the charge ID of: 
***********FAILED TO PROCESS***********
Processing refund for Order Number: AG-US-00864662
For the amount of: 17792 cents USD
Using the charge ID of: ch_1EmLleJbAfK4zMcbAKzSRGN8
PROCESSED PROPERLY!
Processing refund for Order Number: AG-US-00863353
For the amount of: 16863 cents USD
Using the charge ID of: ch_1EkyaxJbAfK4zMcbkDJRNuNH
PROCESSED PROPERLY!
Processing refund for Order Number: AG-US-00861499
For the amount of: 15730 cents USD
Using the charge ID of: ch_1Ej875JbAfK4zMcbnET6wRbh
PROCESSED PROPERLY!
Processing refund for Order Number: AG-US-00864725
For the amount of: 15450 cents USD
Using the charge ID of: ch_1EmGCuJbAfK4zMcbYwFBK0Ct
PROCESSED PROPERLY!
Processing refund for Order Number: AG-US-00862295
For the amount of: 14600 cents USD
Using the charge ID of: ch_1EjqkUJbAfK4zMcbsnftNgiA
PROCESSED PROPERLY!
Processing refund for Order Number: AG-US-00866136
For the amount of: 12258 cents USD
Using the charge ID of: ch_1EngD7JbAfK4zMcbqsQ4BTzU
PROCESSED PROPERLY!
Processing refund for Order Number: AG-US-00868254
For the amount of: 11853 cents USD
Using the charge ID of: ch_1Er8oHJbAfK4zMcbgxIhoVkq
PROCESSED PROPERLY!
Processing refund for Order Number: AG-US-00867053
For the amount of: 11826 cents USD
Using the charge ID of: ch_1EozlVJbAfK4zMcbHt1A02yH
PROCESSED PROPERLY!
Processing refund for Order Number: AG-US-00829694
For the amount of: 11800 cents USD
Using the charge ID of: ch_1EHdG4JbAfK4zMcbTT8LrqVo
PROCESSED PROPERLY!
Processing refund for Order Number: AG-US-00854896
For the amount of: 11800 cents USD
Using the charge ID of: 
***********FAILED TO PROCESS***********
Processing refund for Order Number: AG-US-00855016
For the amount of: 11800 cents USD
Using the charge ID of: 
***********FAILED TO PROCESS***********
Processing refund for Order Number: AG-US-00845322
For the amount of: 11800 cents USD
Using the charge ID of: ch_1EUagOJbAfK4zMcbit8Kg41r
PROCESSED PROPERLY!
Processing refund for Order Number: AG-US-00851271
For the amount of: 11800 cents USD
Using the charge ID of: 
***********FAILED TO PROCESS***********
Processing refund for Order Number: AG-US-00788950
For the amount of: 11799 cents USD
Using the charge ID of: 
***********FAILED TO PROCESS***********
Processing refund for Order Number: AG-US-00852549
For the amount of: 11799 cents USD
Using the charge ID of: ch_1EbI0FJbAfK4zMcb7L2GtxAw
PROCESSED PROPERLY!
Processing refund for Order Number: AG-US-00804726
For the amount of: 11759 cents USD
Using the charge ID of: ch_1Dyn62JbAfK4zMcb177YmyN8
PROCESSED PROPERLY!
Processing refund for Order Number: AG-US-00779318
For the amount of: 11759 cents USD
Using the charge ID of: ch_1DhrO7JbAfK4zMcb5yVjhTeE
PROCESSED PROPERLY!
Processing refund for Order Number: AG-US-00868315
For the amount of: 11529 cents USD
Using the charge ID of: ch_1EqvAnJbAfK4zMcbcxu88w2z
PROCESSED PROPERLY!
Processing refund for Order Number: AG-US-00864088
For the amount of: 11025 cents USD
Using the charge ID of: ch_1Elkl1JbAfK4zMcbMp2GFNVF
PROCESSED PROPERLY!
Processing refund for Order Number: AG-US-00833686
For the amount of: 10920 cents USD
Using the charge ID of: ch_1EKuRtJbAfK4zMcbauQiiJvU
PROCESSED PROPERLY!
Processing refund for Order Number: AG-US-00850030
For the amount of: 10908 cents USD
Using the charge ID of: ch_1EZPNWJbAfK4zMcbaWE7VIj8
PROCESSED PROPERLY!
Processing refund for Order Number: AG-US-00829119
For the amount of: 10800 cents USD
Using the charge ID of: ch_1EHCJUJbAfK4zMcbAIXY3nkI
PROCESSED PROPERLY!
Processing refund for Order Number: AG-US-00867927
For the amount of: 10800 cents USD
Using the charge ID of: ch_1EqCY1JbAfK4zMcbTGbeCpIj
PROCESSED PROPERLY!
Processing refund for Order Number: AG-US-00847476
For the amount of: 10030 cents USD
Using the charge ID of: 
***********FAILED TO PROCESS***********
Processing refund for Order Number: AG-US-00859250
For the amount of: 10030 cents USD
Using the charge ID of: ch_1Eh0GSJbAfK4zMcbWmWqkaKd
PROCESSED PROPERLY!
Processing refund for Order Number: AG-US-00785065
For the amount of: 9983 cents USD
Using the charge ID of: 
***********FAILED TO PROCESS***********
Processing refund for Order Number: AG-US-00859702
For the amount of: 9614 cents USD
Using the charge ID of: ch_1EhKXWJbAfK4zMcbDA3gGW6O
PROCESSED PROPERLY!
Processing refund for Order Number: AG-US-00858648
For the amount of: 9180 cents USD
Using the charge ID of: 
***********FAILED TO PROCESS***********
Processing refund for Order Number: AG-US-00866257
For the amount of: 9180 cents USD
Using the charge ID of: ch_1Eo7hDJbAfK4zMcbQBsVn6Pe
PROCESSED PROPERLY!
Processing refund for Order Number: AG-US-00860235
For the amount of: 8000 cents USD
Using the charge ID of: ch_1Ehr9kJbAfK4zMcbDZBwGOAq
PROCESSED PROPERLY!
Processing refund for Order Number: AG-US-00859655
For the amount of: 7800 cents USD
Using the charge ID of: ch_1EhKQyJbAfK4zMcb8nVXUnua
PROCESSED PROPERLY!
Processing refund for Order Number: AG-US-00868439
For the amount of: 7429 cents USD
Using the charge ID of: ch_1ErX3MJbAfK4zMcbmWEOXheI
PROCESSED PROPERLY!
Processing refund for Order Number: AG-US-00868123
For the amount of: 6900 cents USD
Using the charge ID of: ch_1EqW5nJbAfK4zMcbVJw2w7yD
PROCESSED PROPERLY!
Processing refund for Order Number: AG-US-00867258
For the amount of: 6800 cents USD
Using the charge ID of: 
***********FAILED TO PROCESS***********
Processing refund for Order Number: AG-US-00868189
For the amount of: 6800 cents USD
Using the charge ID of: ch_1EqomjJbAfK4zMcbSy3UNzcw
PROCESSED PROPERLY!
Processing refund for Order Number: AG-US-00850262
For the amount of: 6329 cents USD
Using the charge ID of: 
***********FAILED TO PROCESS***********
Processing refund for Order Number: AG-US-00863638
For the amount of: 6300 cents USD
Using the charge ID of: ch_1ElIZXJbAfK4zMcbG4bqpTtG
PROCESSED PROPERLY!
Processing refund for Order Number: AG-US-00868500
For the amount of: 6133 cents USD
Using the charge ID of: 
***********FAILED TO PROCESS***********
Processing refund for Order Number: AG-US-00866817
For the amount of: 5865 cents USD
Using the charge ID of: 
***********FAILED TO PROCESS***********
Processing refund for Order Number: AG-US-00859717
For the amount of: 4600 cents USD
Using the charge ID of: 
***********FAILED TO PROCESS***********
Processing refund for Order Number: AG-US-00867276
For the amount of: 4076 cents USD
Using the charge ID of: 
***********FAILED TO PROCESS***********
Processing refund for Order Number: AG-US-00860913
For the amount of: 3640 cents USD
Using the charge ID of: ch_1EiTYYJbAfK4zMcbb2ymx9JR
PROCESSED PROPERLY!
Processing refund for Order Number: AG-US-00864620
For the amount of: 2300 cents USD
Using the charge ID of: ch_1EmBIkJbAfK4zMcbda4Rrlaw
PROCESSED PROPERLY!
Processing refund for Order Number: AG-US-00861788
For the amount of: 1955 cents USD
Using the charge ID of: 
***********FAILED TO PROCESS***********
Processing refund for Order Number: AG-US-00864704
For the amount of: 1860 cents USD
Using the charge ID of: ch_1EmBRvJbAfK4zMcbm2BRE6jo
PROCESSED PROPERLY!
Processing refund for Order Number: AG-US-00866894
For the amount of: 26689 cents USD
Using the charge ID of: ch_1EoeG1JbAfK4zMcbju39M7hr
PROCESSED PROPERLY!
Processing refund for Order Number: AG-US-00859984
For the amount of: 24600 cents USD
Using the charge ID of: ch_1EhdjGJbAfK4zMcb7UUSS3et
PROCESSED PROPERLY!
Processing refund for Order Number: AG-US-00864698
For the amount of: 20400 cents USD
Using the charge ID of: ch_1EmB2JJbAfK4zMcbHGHGbgtV
PROCESSED PROPERLY!
Processing refund for Order Number: AG-US-00868147
For the amount of: 15600 cents USD
Using the charge ID of: 
***********FAILED TO PROCESS***********
Processing refund for Order Number: AG-US-00865026
For the amount of: 13800 cents USD
Using the charge ID of: ch_1EmU3EJbAfK4zMcbXVxZ9V3Y
PROCESSED PROPERLY!
Processing refund for Order Number: AG-US-00861811
For the amount of: 13600 cents USD
Using the charge ID of: 
***********FAILED TO PROCESS***********
Processing refund for Order Number: AG-US-00864534
For the amount of: 13600 cents USD
Using the charge ID of: 
***********FAILED TO PROCESS***********
Processing refund for Order Number: AG-US-00867738
For the amount of: 12600 cents USD
Using the charge ID of: ch_1EpoeHJbAfK4zMcbajbDg8gD
PROCESSED PROPERLY!
Processing refund for Order Number: AG-US-00824485
For the amount of: 11800 cents USD
Using the charge ID of: ch_1EDaFrJbAfK4zMcbf67RLagD
PROCESSED PROPERLY!
Processing refund for Order Number: AG-US-00857587
For the amount of: 11800 cents USD
Using the charge ID of: ch_1EfYs4JbAfK4zMcbCdNB5d7T
PROCESSED PROPERLY!
Processing refund for Order Number: AG-US-00853985
For the amount of: 11800 cents USD
Using the charge ID of: ch_1EcLyMJbAfK4zMcbWyDmasrf
PROCESSED PROPERLY!
Processing refund for Order Number: AG-US-00853985
For the amount of: 11800 cents USD
Using the charge ID of: ch_1EcLyMJbAfK4zMcbWyDmasrf
PROCESSED PROPERLY!
Processing refund for Order Number: AG-US-00867042
For the amount of: 11730 cents USD
Using the charge ID of: ch_1EoyIsJbAfK4zMcbjLHRmPT3
PROCESSED PROPERLY!
Processing refund for Order Number: AG-US-00779340
For the amount of: 11637 cents USD
Using the charge ID of: ch_1DhsQwJbAfK4zMcbs2mAlNKg
PROCESSED PROPERLY!
Processing refund for Order Number: AG-US-00773362
For the amount of: 11583 cents USD
Using the charge ID of: 
***********FAILED TO PROCESS***********
Processing refund for Order Number: AG-US-00864319
For the amount of: 11560 cents USD
Using the charge ID of: 
***********FAILED TO PROCESS***********
Processing refund for Order Number: AG-US-00867054
For the amount of: 11560 cents USD
Using the charge ID of: ch_1EozwZJbAfK4zMcb4l3X7l8a
PROCESSED PROPERLY!
Processing refund for Order Number: AG-US-00807620
For the amount of: 10800 cents USD
Using the charge ID of: ch_1E1KMuJbAfK4zMcbKKy3kCOG
PROCESSED PROPERLY!
Processing refund for Order Number: AG-US-00808206
For the amount of: 10800 cents USD
Using the charge ID of: 
***********FAILED TO PROCESS***********
Processing refund for Order Number: AG-US-00839887
For the amount of: 10030 cents USD
Using the charge ID of: ch_1EQJoTJbAfK4zMcbwtkAyv6t
PROCESSED PROPERLY!
Processing refund for Order Number: AG-US-00859318
For the amount of: 6800 cents USD
Using the charge ID of: 
***********FAILED TO PROCESS***********
Processing refund for Order Number: AG-US-00862762
For the amount of: 6800 cents USD
Using the charge ID of: ch_1EkKIXJbAfK4zMcbbv8dhVif
PROCESSED PROPERLY!
Processing refund for Order Number: AG-US-00866934
For the amount of: 6800 cents USD
Using the charge ID of: 
***********FAILED TO PROCESS***********
Processing refund for Order Number: AG-US-00868187
For the amount of: 6800 cents USD
Using the charge ID of: ch_1EqofwJbAfK4zMcbs8LBNPP1
PROCESSED PROPERLY!
Processing refund for Order Number: AG-US-00861838
For the amount of: 6630 cents USD
Using the charge ID of: ch_1EjUqeJbAfK4zMcbhkTcHd8X
PROCESSED PROPERLY!
Processing refund for Order Number: AG-US-00846404
For the amount of: 6221 cents USD
Using the charge ID of: ch_1EVgc8JbAfK4zMcbPX955l8y
PROCESSED PROPERLY!
Processing refund for Order Number: AG-US-00858612
For the amount of: 3400 cents USD
Using the charge ID of: 
***********FAILED TO PROCESS***********
Processing refund for Order Number: AG-US-00860000
For the amount of: 2400 cents USD
Using the charge ID of: ch_1EhdVBJbAfK4zMcbfI32pQz5
PROCESSED PROPERLY!
