Processing refund for Order Number: AG-US-00857147
For the amount of: 32756 cents USD
Using the charge ID of: 
***********FAILED TO PROCESS***********
Processing refund for Order Number: AG-US-00817954
For the amount of: 11826 cents USD
Using the charge ID of: ch_1E9zsZJbAfK4zMcbf4Kul7wn
PROCESSED PROPERLY!
Processing refund for Order Number: AG-US-00858200
For the amount of: 11600 cents USD
Using the charge ID of: ch_1EfxloJbAfK4zMcbeXnbPIaT
PROCESSED PROPERLY!
Processing refund for Order Number: AG-US-00774130
For the amount of: 10800 cents USD
Using the charge ID of: 
***********FAILED TO PROCESS***********
Processing refund for Order Number: AG-US-00801103
For the amount of: 10800 cents USD
Using the charge ID of: 
***********FAILED TO PROCESS***********
Processing refund for Order Number: AG-US-00868395
For the amount of: 9482 cents USD
Using the charge ID of: ch_1ErHjeJbAfK4zMcbgiP3PlE3
PROCESSED PROPERLY!
Processing refund for Order Number: AG-US-00862063
For the amount of: 5400 cents USD
Using the charge ID of: 
***********FAILED TO PROCESS***********
