Processing refund for Order Number: AG-US-00860173
For the amount of: 34200 cents USD
Using the charge ID of: ch_1EhlOkJbAfK4zMcbZ729rNyZ
PROCESSED PROPERLY!
Processing refund for Order Number: AG-US-00863618
For the amount of: 21981 cents USD
Using the charge ID of: ch_1ElGw3JbAfK4zMcb8YF8cVru
PROCESSED PROPERLY!
Processing refund for Order Number: AG-US-00860470
For the amount of: 21119 cents USD
Using the charge ID of: ch_1Ei8XjJbAfK4zMcb66IOsuyN
PROCESSED PROPERLY!
Processing refund for Order Number: AG-US-00858801
For the amount of: 20242 cents USD
Using the charge ID of: ch_1EgcVeJbAfK4zMcbiV0PavBm
PROCESSED PROPERLY!
Processing refund for Order Number: AG-US-00868010
For the amount of: 18360 cents USD
Using the charge ID of: ch_1EqQMUJbAfK4zMcbYesBeUZM
PROCESSED PROPERLY!
Processing refund for Order Number: AG-US-00866680
For the amount of: 17600 cents USD
Using the charge ID of: ch_1EobclJbAfK4zMcbSx1GhxrB
PROCESSED PROPERLY!
Processing refund for Order Number: AG-US-00852022
For the amount of: 17456 cents USD
Using the charge ID of: ch_1EasdwJbAfK4zMcbnyjAsG6C
PROCESSED PROPERLY!
Processing refund for Order Number: AG-US-00866347
For the amount of: 17400 cents USD
Using the charge ID of: ch_1EnzSUJbAfK4zMcb2K4ON9Ro
PROCESSED PROPERLY!
Processing refund for Order Number: AG-US-00866930
For the amount of: 15600 cents USD
Using the charge ID of: 
***********FAILED TO PROCESS***********
Processing refund for Order Number: AG-US-00867254
For the amount of: 15600 cents USD
Using the charge ID of: ch_1EpI2gJbAfK4zMcbqJcXjR34
PROCESSED PROPERLY!
Processing refund for Order Number: AG-US-00860476
For the amount of: 14800 cents USD
Using the charge ID of: 
***********FAILED TO PROCESS***********
Processing refund for Order Number: AG-US-00861317
For the amount of: 13769 cents USD
Using the charge ID of: ch_1Eiw4TJbAfK4zMcb004IUoyq
PROCESSED PROPERLY!
Processing refund for Order Number: AG-US-00862861
For the amount of: 13372 cents USD
Using the charge ID of: ch_1EkTV0JbAfK4zMcb00sttr1X
PROCESSED PROPERLY!
Processing refund for Order Number: AG-US-00865522
For the amount of: 13133 cents USD
Using the charge ID of: ch_1EmxTBJbAfK4zMcbr7Y1Seof
PROCESSED PROPERLY!
Processing refund for Order Number: AG-US-00855942
For the amount of: 12921 cents USD
Using the charge ID of: 
***********FAILED TO PROCESS***********
Processing refund for Order Number: AG-US-00858212
For the amount of: 12862 cents USD
Using the charge ID of: ch_1EfzoDJbAfK4zMcbcvxVK9Nc
PROCESSED PROPERLY!
Processing refund for Order Number: AG-US-00858550
For the amount of: 12847 cents USD
Using the charge ID of: ch_1EgVZAJbAfK4zMcbj4HAH9On
***********FAILED TO PROCESS***********
Processing refund for Order Number: AG-US-00853635
For the amount of: 12715 cents USD
Using the charge ID of: 
***********FAILED TO PROCESS***********
Processing refund for Order Number: AG-US-00823885
For the amount of: 12656 cents USD
Using the charge ID of: ch_1EDCQRJbAfK4zMcbKCIoKkaG
PROCESSED PROPERLY!
Processing refund for Order Number: AG-US-00864138
For the amount of: 11826 cents USD
Using the charge ID of: ch_1ElhakJbAfK4zMcbd3x0rc38
PROCESSED PROPERLY!
Processing refund for Order Number: AG-US-00825686
For the amount of: 11800 cents USD
Using the charge ID of: ch_1EERoUJbAfK4zMcbGzelt0U0
PROCESSED PROPERLY!
Processing refund for Order Number: AG-US-00828946
For the amount of: 11800 cents USD
Using the charge ID of: ch_1EGzQhJbAfK4zMcb9QbJcJZH
PROCESSED PROPERLY!
Processing refund for Order Number: AG-US-00852362
For the amount of: 11800 cents USD
Using the charge ID of: 
***********FAILED TO PROCESS***********
Processing refund for Order Number: AG-US-00855380
For the amount of: 11800 cents USD
Using the charge ID of: ch_1Edb66JbAfK4zMcbsPXGh33g
PROCESSED PROPERLY!
Processing refund for Order Number: AG-US-00858258
For the amount of: 11800 cents USD
Using the charge ID of: 
***********FAILED TO PROCESS***********
Processing refund for Order Number: AG-US-00775718
For the amount of: 11745 cents USD
Using the charge ID of: ch_1Dh25OJbAfK4zMcb1jQDMEUG
PROCESSED PROPERLY!
Processing refund for Order Number: AG-US-00840542
For the amount of: 11033 cents USD
Using the charge ID of: ch_1EQiToJbAfK4zMcbve48VLBG
PROCESSED PROPERLY!
Processing refund for Order Number: AG-US-00843344
For the amount of: 10808 cents USD
Using the charge ID of: ch_1ETIriJbAfK4zMcbMxtTSjGV
***********FAILED TO PROCESS***********
Processing refund for Order Number: AG-US-00853843
For the amount of: 10808 cents USD
Using the charge ID of: ch_1EcHNXJbAfK4zMcb0pacw6wz
PROCESSED PROPERLY!
Processing refund for Order Number: AG-US-00860139
For the amount of: 10800 cents USD
Using the charge ID of: ch_1EhhqmJbAfK4zMcbynssEuaH
PROCESSED PROPERLY!
Processing refund for Order Number: AG-US-00772965
For the amount of: 10800 cents USD
Using the charge ID of: 
***********FAILED TO PROCESS***********
Processing refund for Order Number: AG-US-00865400
For the amount of: 10800 cents USD
Using the charge ID of: ch_1EmoXPJbAfK4zMcbMPtqZXDz
PROCESSED PROPERLY!
Processing refund for Order Number: AG-US-00796470
For the amount of: 10800 cents USD
Using the charge ID of: ch_1DuByiJbAfK4zMcb6hGq30II
PROCESSED PROPERLY!
Processing refund for Order Number: AG-US-00863158
For the amount of: 10052 cents USD
Using the charge ID of: ch_1EkgUzJbAfK4zMcbEAA8Aen8
PROCESSED PROPERLY!
Processing refund for Order Number: AG-US-00850140
For the amount of: 10030 cents USD
Using the charge ID of: 
***********FAILED TO PROCESS***********
Processing refund for Order Number: AG-US-00839650
For the amount of: 10030 cents USD
Using the charge ID of: ch_1EQ2LZJbAfK4zMcb1f6byy6t
PROCESSED PROPERLY!
Processing refund for Order Number: AG-US-00858676
For the amount of: 10030 cents USD
Using the charge ID of: 
***********FAILED TO PROCESS***********
Processing refund for Order Number: AG-US-00868550
For the amount of: 9548 cents USD
Using the charge ID of: ch_1EratkJbAfK4zMcbMR8QZkxI
PROCESSED PROPERLY!
Processing refund for Order Number: AG-US-00858067
For the amount of: 9180 cents USD
Using the charge ID of: ch_1EftWlJbAfK4zMcbBxPxRa68
PROCESSED PROPERLY!
Processing refund for Order Number: AG-US-00865345
For the amount of: 9180 cents USD
Using the charge ID of: ch_1EmlhxJbAfK4zMcbGkkA5RMg
PROCESSED PROPERLY!
Processing refund for Order Number: AG-US-00819553
For the amount of: 9180 cents USD
Using the charge ID of: 
***********FAILED TO PROCESS***********
Processing refund for Order Number: AG-US-00862574
For the amount of: 8800 cents USD
Using the charge ID of: ch_1EkCIlJbAfK4zMcb5rwGed5U
PROCESSED PROPERLY!
Processing refund for Order Number: AG-US-00857903
For the amount of: 8763 cents USD
Using the charge ID of: ch_1EfokaJbAfK4zMcb8OXh3N6S
PROCESSED PROPERLY!
Processing refund for Order Number: AG-US-00868124
For the amount of: 8620 cents USD
Using the charge ID of: ch_1EqWP8JbAfK4zMcbVH2BT5ZJ
PROCESSED PROPERLY!
Processing refund for Order Number: AG-US-00861906
For the amount of: 7800 cents USD
Using the charge ID of: ch_1EjUR0JbAfK4zMcb3MviJ7FR
PROCESSED PROPERLY!
Processing refund for Order Number: AG-US-00864718
For the amount of: 7800 cents USD
Using the charge ID of: ch_1EmCMZJbAfK4zMcbNE7o61Ty
PROCESSED PROPERLY!
Processing refund for Order Number: AG-US-00868583
For the amount of: 7409 cents USD
Using the charge ID of: ch_1ErnFfJbAfK4zMcblSUQRJUW
PROCESSED PROPERLY!
Processing refund for Order Number: AG-US-00868116
For the amount of: 7140 cents USD
Using the charge ID of: ch_1EqTf1JbAfK4zMcbe2Or4HV5
PROCESSED PROPERLY!
Processing refund for Order Number: AG-US-00864692
For the amount of: 6800 cents USD
Using the charge ID of: 
***********FAILED TO PROCESS***********
Processing refund for Order Number: AG-US-00865594
For the amount of: 6800 cents USD
Using the charge ID of: 
***********FAILED TO PROCESS***********
Processing refund for Order Number: AG-US-00866755
For the amount of: 6800 cents USD
Using the charge ID of: ch_1EobKEJbAfK4zMcb4MOwlHat
PROCESSED PROPERLY!
Processing refund for Order Number: AG-US-00867255
For the amount of: 6315 cents USD
Using the charge ID of: ch_1EpI9vJbAfK4zMcbRagZ0dJ6
PROCESSED PROPERLY!
Processing refund for Order Number: AG-US-00859709
For the amount of: 6300 cents USD
Using the charge ID of: 
***********FAILED TO PROCESS***********
Processing refund for Order Number: AG-US-00867607
For the amount of: 5780 cents USD
Using the charge ID of: ch_1Epj7xJbAfK4zMcbx2Zytj9R
PROCESSED PROPERLY!
Processing refund for Order Number: AG-US-00864961
For the amount of: 4800 cents USD
Using the charge ID of: 
***********FAILED TO PROCESS***********
Processing refund for Order Number: AG-US-00866589
For the amount of: 3481 cents USD
Using the charge ID of: ch_1EoOsaJbAfK4zMcbv9vG1IHD
PROCESSED PROPERLY!
Processing refund for Order Number: AG-US-00862718
For the amount of: 3400 cents USD
Using the charge ID of: ch_1EkGChJbAfK4zMcbA6CSSgdZ
PROCESSED PROPERLY!
Processing refund for Order Number: AG-US-00846320
For the amount of: 2000 cents USD
Using the charge ID of: ch_1EVQhQJbAfK4zMcbd5lxZZ5C
PROCESSED PROPERLY!
Processing refund for Order Number: AG-US-00867512
For the amount of: 2000 cents USD
Using the charge ID of: ch_1EpQ0eJbAfK4zMcbDEzLnhl5
PROCESSED PROPERLY!
Processing refund for Order Number: AG-US-00860391
For the amount of: 1839 cents USD
Using the charge ID of: 
***********FAILED TO PROCESS***********
