Processing refund for Order Number: AG-US-00863527
For the amount of: 8800 cents USD
Using the charge ID of: ch_1ElELoJbAfK4zMcb0bws7aF8
PROCESSED PROPERLY!
Processing refund for Order Number: AG-US-00868300
For the amount of: 13600 cents USD
Using the charge ID of: ch_1EqrMWJbAfK4zMcb6LYxZ7wR
PROCESSED PROPERLY!
Processing refund for Order Number: AG-US-00774375
For the amount of: 28200 cents USD
Using the charge ID of: ch_1DgkmAJbAfK4zMcbE5LnvMyb
PROCESSED PROPERLY!
Processing refund for Order Number: AG-US-00865789
For the amount of: 11826 cents USD
Using the charge ID of: 
***********FAILED TO PROCESS***********
Processing refund for Order Number: AG-US-00857662
For the amount of: 8070 cents USD
Using the charge ID of: ch_1EfWuIJbAfK4zMcbJVGIQi4F
PROCESSED PROPERLY!
