Processing refund for Order Number: AG-US-00865460
For the amount of: 13791 cents USD
Using the charge ID of: 
***********FAILED TO PROCESS***********
Processing refund for Order Number: AG-US-00865411
For the amount of: 21600 cents USD
Using the charge ID of: ch_1Emq4VJbAfK4zMcbqFHt1pJ1
PROCESSED PROPERLY!
Processing refund for Order Number: AG-US-00867401
For the amount of: 17082 cents USD
Using the charge ID of: ch_1EpNmqJbAfK4zMcbpX3cQpBK
PROCESSED PROPERLY!
Processing refund for Order Number: AG-US-00868084
For the amount of: 15800 cents USD
Using the charge ID of: ch_1EqkQSJbAfK4zMcbLU6iaVAU
PROCESSED PROPERLY!
Processing refund for Order Number: AG-US-00866095
For the amount of: 14774 cents USD
Using the charge ID of: ch_1EnXrDJbAfK4zMcbVlw8vgmB
PROCESSED PROPERLY!
Processing refund for Order Number: AG-US-00849784
For the amount of: 13600 cents USD
Using the charge ID of: 
***********FAILED TO PROCESS***********
Processing refund for Order Number: SO901270854
For the amount of: 12847 cents USD
Using the charge ID of: 
***********FAILED TO PROCESS***********
Processing refund for Order Number: AG-US-00853832
For the amount of: 12803 cents USD
Using the charge ID of: ch_1EcGg8JbAfK4zMcbzKtMGQeO
PROCESSED PROPERLY!
Processing refund for Order Number: AG-US-00868223
For the amount of: 12400 cents USD
Using the charge ID of: ch_1EquVmJbAfK4zMcbTCIRBrOl
PROCESSED PROPERLY!
Processing refund for Order Number: AG-US-00824022
For the amount of: 11800 cents USD
Using the charge ID of: ch_1EDD9WJbAfK4zMcb786mM0W5
PROCESSED PROPERLY!
Processing refund for Order Number: AG-US-00852522
For the amount of: 11800 cents USD
Using the charge ID of: 
***********FAILED TO PROCESS***********
Processing refund for Order Number: AG-US-00854237
For the amount of: 11800 cents USD
Using the charge ID of: 
***********FAILED TO PROCESS***********
Processing refund for Order Number: AG-US-00857750
For the amount of: 11800 cents USD
Using the charge ID of: 
***********FAILED TO PROCESS***********
Processing refund for Order Number: AG-US-00857592
For the amount of: 11800 cents USD
Using the charge ID of: ch_1EfZ6QJbAfK4zMcb0W29XMW2
PROCESSED PROPERLY!
Processing refund for Order Number: AG-US-00858658
For the amount of: 11800 cents USD
Using the charge ID of: ch_1EgYVyJbAfK4zMcbfOJ5NiTL
PROCESSED PROPERLY!
Processing refund for Order Number: AG-US-00854244
For the amount of: 10800 cents USD
Using the charge ID of: 
***********FAILED TO PROCESS***********
Processing refund for Order Number: AG-US-00853769
For the amount of: 10600 cents USD
Using the charge ID of: ch_1EcErwJbAfK4zMcbpZdrCwkk
PROCESSED PROPERLY!
Processing refund for Order Number: AG-US-00841377
For the amount of: 10030 cents USD
Using the charge ID of: 
***********FAILED TO PROCESS***********
Processing refund for Order Number: AG-US-00860545
For the amount of: 10030 cents USD
Using the charge ID of: ch_1Ei6HzJbAfK4zMcbx3HYrAx7
PROCESSED PROPERLY!
Processing refund for Order Number: AG-US-00857874
For the amount of: 10030 cents USD
Using the charge ID of: ch_1EfnLeJbAfK4zMcb8FkJFN7k
PROCESSED PROPERLY!
Processing refund for Order Number: AG-US-00860633
For the amount of: 10030 cents USD
Using the charge ID of: ch_1EiLSoJbAfK4zMcb7dUGN36u
PROCESSED PROPERLY!
Processing refund for Order Number: AG-US-00860806
For the amount of: 8330 cents USD
Using the charge ID of: ch_1EiRoSJbAfK4zMcbkxZNQe9a
PROCESSED PROPERLY!
Processing refund for Order Number: AG-US-00854378
For the amount of: 7800 cents USD
Using the charge ID of: ch_1EcfPqJbAfK4zMcbVRaVubvf
PROCESSED PROPERLY!
Processing refund for Order Number: AG-US-00848882
For the amount of: 6800 cents USD
Using the charge ID of: ch_1EYGa5JbAfK4zMcbwd7d8FW3
PROCESSED PROPERLY!
Processing refund for Order Number: AG-US-00867339
For the amount of: 6800 cents USD
Using the charge ID of: ch_1EpH1KJbAfK4zMcbTzuKzxFF
PROCESSED PROPERLY!
Processing refund for Order Number: AG-US-00854807
For the amount of: 6240 cents USD
Using the charge ID of: ch_1Ed0YgJbAfK4zMcbS0unB3Wb
PROCESSED PROPERLY!
Processing refund for Order Number: AG-US-00863482
For the amount of: 5780 cents USD
Using the charge ID of: ch_1ElDgTJbAfK4zMcbkbV2ObW1
PROCESSED PROPERLY!
Processing refund for Order Number: AG-US-00853410
For the amount of: 5440 cents USD
Using the charge ID of: 
***********FAILED TO PROCESS***********
Processing refund for Order Number: AG-US-00859227
For the amount of: 4600 cents USD
Using the charge ID of: ch_1EgzXHJbAfK4zMcbzOatRoW6
PROCESSED PROPERLY!
