Processing refund for Order Number: AG-US-00863331
For the amount of: 22400 cents USD
Using the charge ID of: ch_1EkwXaJbAfK4zMcbEiIWgNTg
PROCESSED PROPERLY!
Processing refund for Order Number: AG-US-00858537
For the amount of: 20640 cents USD
Using the charge ID of: ch_1EgOMkJbAfK4zMcbzKUpxQbr
PROCESSED PROPERLY!
Processing refund for Order Number: AG-US-00860743
For the amount of: 14400 cents USD
Using the charge ID of: ch_1EiNAfJbAfK4zMcb5vFlSUga
PROCESSED PROPERLY!
Processing refund for Order Number: AG-US-00853085
For the amount of: 12862 cents USD
Using the charge ID of: 
***********FAILED TO PROCESS***********
Processing refund for Order Number: AG-US-00853971
For the amount of: 11800 cents USD
Using the charge ID of: 
***********FAILED TO PROCESS***********
Processing refund for Order Number: AG-US-00845406
For the amount of: 11800 cents USD
Using the charge ID of: ch_1EUdMrJbAfK4zMcbpsjxLNYk
PROCESSED PROPERLY!
Processing refund for Order Number: AG-US-00854760
For the amount of: 10933 cents USD
Using the charge ID of: ch_1EcyPWJbAfK4zMcb4GGXpKMb
PROCESSED PROPERLY!
Processing refund for Order Number: AG-US-00854732
For the amount of: 10880 cents USD
Using the charge ID of: ch_1EcwumJbAfK4zMcbUsLxJwCB
PROCESSED PROPERLY!
Processing refund for Order Number: AG-US-00820048
For the amount of: 10800 cents USD
Using the charge ID of: ch_1EB6b5JbAfK4zMcb1yk9kbIq
PROCESSED PROPERLY!
Processing refund for Order Number: AG-US-00856922
For the amount of: 10030 cents USD
Using the charge ID of: ch_1EeuA6JbAfK4zMcbumijAqML
PROCESSED PROPERLY!
Processing refund for Order Number: AG-US-00858996
For the amount of: 10030 cents USD
Using the charge ID of: 
***********FAILED TO PROCESS***********
Processing refund for Order Number: AG-US-00863395
For the amount of: 9564 cents USD
Using the charge ID of: ch_1EkxUSJbAfK4zMcbVwQIZNub
PROCESSED PROPERLY!
Processing refund for Order Number: AG-US-00865929
For the amount of: 6800 cents USD
Using the charge ID of: 
***********FAILED TO PROCESS***********
Processing refund for Order Number: AG-US-00867965
For the amount of: 6800 cents USD
Using the charge ID of: 
***********FAILED TO PROCESS***********
Processing refund for Order Number: AG-US-00832175
For the amount of: 6127 cents USD
Using the charge ID of: ch_1EJSxYJbAfK4zMcbs3G18xBn
PROCESSED PROPERLY!
Processing refund for Order Number: AG-US-00866555
For the amount of: 5780 cents USD
Using the charge ID of: 
***********FAILED TO PROCESS***********
Processing refund for Order Number: AG-US-00859290
For the amount of: 4640 cents USD
Using the charge ID of: 
***********FAILED TO PROCESS***********
Processing refund for Order Number: AG-US-00854739
For the amount of: 11800 cents USD
Using the charge ID of: 
***********FAILED TO PROCESS***********
Processing refund for Order Number: AG-US-00508596
For the amount of: 4540 cents USD
Using the charge ID of: 
***********FAILED TO PROCESS***********
