Processing refund for Order Number: AG-US-00819185
For the amount of: 35200 cents USD
Using the charge ID of: 
***********FAILED TO PROCESS***********
Processing refund for Order Number: AG-US-00853644
For the amount of: 16200 cents USD
Using the charge ID of: ch_1EcCSCJbAfK4zMcbR4r5B2Qv
PROCESSED PROPERLY!
Processing refund for Order Number: AG-US-00841476
For the amount of: 12803 cents USD
Using the charge ID of: ch_1ERlj4JbAfK4zMcbqhC21c3r
PROCESSED PROPERLY!
Processing refund for Order Number: AG-US-00827219
For the amount of: 11800 cents USD
Using the charge ID of: ch_1EFXfDJbAfK4zMcbY5Ff5YUA
PROCESSED PROPERLY!
Processing refund for Order Number: AG-US-00853849
For the amount of: 10200 cents USD
Using the charge ID of: ch_1EcHlKJbAfK4zMcbHvsbvRLr
PROCESSED PROPERLY!
Processing refund for Order Number: AG-US-00866539
For the amount of: 8800 cents USD
Using the charge ID of: ch_1EoHM0JbAfK4zMcbzAxUv8MY
PROCESSED PROPERLY!
Processing refund for Order Number: AG-US-00860731
For the amount of: 7445 cents USD
Using the charge ID of: 
***********FAILED TO PROCESS***********
Processing refund for Order Number: SO901270873
For the amount of: 3800 cents USD
Using the charge ID of: 
***********FAILED TO PROCESS***********
