Processing refund for Order Number: AG-US-00837813
For the amount of: 31450 cents USD
Using the charge ID of: ch_1EOLECJbAfK4zMcbScK9GlnJ
PROCESSED PROPERLY!
Processing refund for Order Number: AG-US-00856217
For the amount of: 23600 cents USD
Using the charge ID of: 
***********FAILED TO PROCESS***********
Processing refund for Order Number: AG-US-00860103
For the amount of: 17400 cents USD
Using the charge ID of: ch_1Ehf8cJbAfK4zMcbq2Ya1Brz
PROCESSED PROPERLY!
Processing refund for Order Number: AG-US-00867994
For the amount of: 14858 cents USD
Using the charge ID of: ch_1EqNQiJbAfK4zMcbH4fOHjrF
PROCESSED PROPERLY!
Processing refund for Order Number: AG-US-00866673
For the amount of: 14600 cents USD
Using the charge ID of: 
***********FAILED TO PROCESS***********
Processing refund for Order Number: AG-US-00838690
For the amount of: 12833 cents USD
Using the charge ID of: ch_1EPEZiJbAfK4zMcbn5LQvahS
PROCESSED PROPERLY!
Processing refund for Order Number: AG-US-00848681
For the amount of: 11800 cents USD
Using the charge ID of: ch_1EXzSKJbAfK4zMcbpugEBiYW
PROCESSED PROPERLY!
Processing refund for Order Number: AG-US-00853517
For the amount of: 11800 cents USD
Using the charge ID of: 
***********FAILED TO PROCESS***********
Processing refund for Order Number: AG-US-00854301
For the amount of: 11800 cents USD
Using the charge ID of: 
***********FAILED TO PROCESS***********
Processing refund for Order Number: AG-US-00854579
For the amount of: 11800 cents USD
Using the charge ID of: ch_1EcszxJbAfK4zMcbVUx8AUTY
PROCESSED PROPERLY!
Processing refund for Order Number: AG-US-00855104
For the amount of: 11800 cents USD
Using the charge ID of: ch_1EdG3AJbAfK4zMcbqYwGl645
PROCESSED PROPERLY!
Processing refund for Order Number: AG-US-00856627
For the amount of: 11800 cents USD
Using the charge ID of: ch_1EeaSdJbAfK4zMcbCqTKcocb
PROCESSED PROPERLY!
Processing refund for Order Number: AG-US-00856629
For the amount of: 11800 cents USD
Using the charge ID of: ch_1EeaWGJbAfK4zMcbK7sYg9N0
PROCESSED PROPERLY!
Processing refund for Order Number: AG-US-00857257
For the amount of: 11800 cents USD
Using the charge ID of: 
***********FAILED TO PROCESS***********
Processing refund for Order Number: AG-US-00841030
For the amount of: 11800 cents USD
Using the charge ID of: 
***********FAILED TO PROCESS***********
Processing refund for Order Number: AG-US-00855597
For the amount of: 11800 cents USD
Using the charge ID of: ch_1EdhprJbAfK4zMcb1mTWfZXu
PROCESSED PROPERLY!
Processing refund for Order Number: AG-US-00859819
For the amount of: 11800 cents USD
Using the charge ID of: ch_1EhQxxJbAfK4zMcb8Cl4dWeJ
PROCESSED PROPERLY!
Processing refund for Order Number: AG-US-00854708
For the amount of: 10933 cents USD
Using the charge ID of: ch_1EcvXIJbAfK4zMcbFX7oitYQ
PROCESSED PROPERLY!
Processing refund for Order Number: AG-US-00857889
For the amount of: 10933 cents USD
Using the charge ID of: 
***********FAILED TO PROCESS***********
Processing refund for Order Number: AG-US-00859635
For the amount of: 10880 cents USD
Using the charge ID of: ch_1EhJLkJbAfK4zMcbCRN1mCXQ
PROCESSED PROPERLY!
Processing refund for Order Number: AG-US-00868289
For the amount of: 10800 cents USD
Using the charge ID of: ch_1ErF0IJbAfK4zMcbcuwOstfe
PROCESSED PROPERLY!
Processing refund for Order Number: AG-US-00855743
For the amount of: 10195 cents USD
Using the charge ID of: ch_1Edoq2JbAfK4zMcbZ0xk3Rvt
PROCESSED PROPERLY!
Processing refund for Order Number: AG-US-00858609
For the amount of: 10030 cents USD
Using the charge ID of: ch_1EgOO6JbAfK4zMcbpH6cnRoS
PROCESSED PROPERLY!
Processing refund for Order Number: AG-US-00859993
For the amount of: 10030 cents USD
Using the charge ID of: 
***********FAILED TO PROCESS***********
Processing refund for Order Number: AG-US-00841415
For the amount of: 10030 cents USD
Using the charge ID of: ch_1ERh5uJbAfK4zMcbzQmtKstT
PROCESSED PROPERLY!
Processing refund for Order Number: AG-US-00856463
For the amount of: 10030 cents USD
Using the charge ID of: ch_1EeUvxJbAfK4zMcbtgVcA5iI
PROCESSED PROPERLY!
Processing refund for Order Number: AG-US-00867947
For the amount of: 10000 cents USD
Using the charge ID of: 
***********FAILED TO PROCESS***********
Processing refund for Order Number: AG-US-00866024
For the amount of: 9775 cents USD
Using the charge ID of: ch_1EncV5JbAfK4zMcbcWR2RtSG
PROCESSED PROPERLY!
Processing refund for Order Number: AG-US-00866018
For the amount of: 9493 cents USD
Using the charge ID of: ch_1EnbUnJbAfK4zMcbFed0FQMD
PROCESSED PROPERLY!
Processing refund for Order Number: AG-US-00843250
For the amount of: 9384 cents USD
Using the charge ID of: ch_1ETG4eJbAfK4zMcbcWlrIx0z
PROCESSED PROPERLY!
Processing refund for Order Number: AG-US-00863501
For the amount of: 9180 cents USD
Using the charge ID of: ch_1El5TYJbAfK4zMcbgLsICKK2
PROCESSED PROPERLY!
Processing refund for Order Number: AG-US-00861987
For the amount of: 6800 cents USD
Using the charge ID of: ch_1EjasJJbAfK4zMcbSYoXKhxw
PROCESSED PROPERLY!
Processing refund for Order Number: AG-US-00841415
For the amount of: 6630 cents USD
Using the charge ID of: ch_1ERh5uJbAfK4zMcbzQmtKstT
PROCESSED PROPERLY!
Processing refund for Order Number: AG-US-00859888
For the amount of: 5780 cents USD
Using the charge ID of: ch_1Ehc2xJbAfK4zMcb5T4qf8cJ
PROCESSED PROPERLY!
Processing refund for Order Number: AG-US-00865467
For the amount of: 5780 cents USD
Using the charge ID of: 
***********FAILED TO PROCESS***********
Processing refund for Order Number: AG-US-00867072
For the amount of: 5780 cents USD
Using the charge ID of: ch_1Ep3CbJbAfK4zMcb6f2arzqz
PROCESSED PROPERLY!
Processing refund for Order Number: AG-US-00715183
For the amount of: 3800 cents USD
Using the charge ID of: ch_1DBCTrJbAfK4zMcbL74ofmjr
PROCESSED PROPERLY!
Processing refund for Order Number: AG-US-00867622
For the amount of: 3800 cents USD
Using the charge ID of: ch_1EpmfhJbAfK4zMcbYzwy3WxO
PROCESSED PROPERLY!
Processing refund for Order Number: AG-US-00867891
For the amount of: 3040 cents USD
Using the charge ID of: ch_1EqNATJbAfK4zMcbTqYCsmsk
PROCESSED PROPERLY!
Processing refund for Order Number: AG-US-00864113
For the amount of: 2300 cents USD
Using the charge ID of: ch_1ElfKrJbAfK4zMcbKMAuKfbf
PROCESSED PROPERLY!
