Processing refund for Order Number: AG-US-00868405
For the amount of: 44400 cents USD
Using the charge ID of: ch_1ErQQFJbAfK4zMcbjbexNGm5
PROCESSED PROPERLY!
Processing refund for Order Number: AG-US-00842032
For the amount of: 19072 cents USD
Using the charge ID of: ch_1ESFdHJbAfK4zMcbgSd08ZpF
PROCESSED PROPERLY!
Processing refund for Order Number: AG-US-00868158
For the amount of: 14800 cents USD
Using the charge ID of: ch_1EqjdEJbAfK4zMcbHvwf7Wpw
PROCESSED PROPERLY!
Processing refund for Order Number: AG-US-00859307
For the amount of: 12921 cents USD
Using the charge ID of: 
***********FAILED TO PROCESS***********
Processing refund for Order Number: AG-US-00866031
For the amount of: 12658 cents USD
Using the charge ID of: ch_1EneSnJbAfK4zMcbUgh2AcQV
PROCESSED PROPERLY!
Processing refund for Order Number: AG-US-00822990
For the amount of: 11826 cents USD
Using the charge ID of: ch_1ECp3kJbAfK4zMcbciAzosDF
PROCESSED PROPERLY!
Processing refund for Order Number: AG-US-00847104
For the amount of: 11800 cents USD
Using the charge ID of: 
***********FAILED TO PROCESS***********
Processing refund for Order Number: AG-US-00853488
For the amount of: 11800 cents USD
Using the charge ID of: 
***********FAILED TO PROCESS***********
Processing refund for Order Number: AG-US-00839916
For the amount of: 11800 cents USD
Using the charge ID of: ch_1EQDqgJbAfK4zMcbibGt0uSP
PROCESSED PROPERLY!
Processing refund for Order Number: AG-US-00839601
For the amount of: 11800 cents USD
Using the charge ID of: ch_1EPxTJJbAfK4zMcbdPhEdPiq
PROCESSED PROPERLY!
Processing refund for Order Number: AG-US-00846588
For the amount of: 11800 cents USD
Using the charge ID of: ch_1EVzexJbAfK4zMcb1atsvfPy
PROCESSED PROPERLY!
Processing refund for Order Number: AG-US-00854161
For the amount of: 11800 cents USD
Using the charge ID of: 
***********FAILED TO PROCESS***********
Processing refund for Order Number: AG-US-00855581
For the amount of: 11800 cents USD
Using the charge ID of: ch_1EdiW2JbAfK4zMcbVIUDyh90
PROCESSED PROPERLY!
Processing refund for Order Number: AG-US-00829025
For the amount of: 11759 cents USD
Using the charge ID of: ch_1EHBmWJbAfK4zMcbPrUHKrif
PROCESSED PROPERLY!
Processing refund for Order Number: AG-US-00820881
For the amount of: 11610 cents USD
Using the charge ID of: ch_1EBYiGJbAfK4zMcb4NrD0aXJ
PROCESSED PROPERLY!
Processing refund for Order Number: AG-US-00867273
For the amount of: 11560 cents USD
Using the charge ID of: 
***********FAILED TO PROCESS***********
Processing refund for Order Number: AG-US-00867695
For the amount of: 11560 cents USD
Using the charge ID of: ch_1EpjeTJbAfK4zMcbT13NAOIg
PROCESSED PROPERLY!
Processing refund for Order Number: AG-US-00868462
For the amount of: 11395 cents USD
Using the charge ID of: ch_1Ere4mJbAfK4zMcb4oMwM21I
PROCESSED PROPERLY!
Processing refund for Order Number: AG-US-00825155
For the amount of: 10958 cents USD
Using the charge ID of: 
***********FAILED TO PROCESS***********
Processing refund for Order Number: AG-US-00855081
For the amount of: 10950 cents USD
Using the charge ID of: 
***********FAILED TO PROCESS***********
Processing refund for Order Number: AG-US-00854788
For the amount of: 10832 cents USD
Using the charge ID of: 
***********FAILED TO PROCESS***********
Processing refund for Order Number: AG-US-00819849
For the amount of: 10800 cents USD
Using the charge ID of: 
***********FAILED TO PROCESS***********
Processing refund for Order Number: AG-US-00867975
For the amount of: 10800 cents USD
Using the charge ID of: 
***********FAILED TO PROCESS***********
Processing refund for Order Number: AG-US-00853811
For the amount of: 10293 cents USD
Using the charge ID of: ch_1EcEtGJbAfK4zMcb4So7Dw7M
PROCESSED PROPERLY!
Processing refund for Order Number: AG-US-00864536
For the amount of: 10293 cents USD
Using the charge ID of: ch_1Em5INJbAfK4zMcbtpB6Z1BB
PROCESSED PROPERLY!
Processing refund for Order Number: AG-US-00854925
For the amount of: 10030 cents USD
Using the charge ID of: ch_1Ed3SRJbAfK4zMcbn2IbCIiq
PROCESSED PROPERLY!
Processing refund for Order Number: AG-US-00838929
For the amount of: 10030 cents USD
Using the charge ID of: 
***********FAILED TO PROCESS***********
Processing refund for Order Number: AG-US-00854846
For the amount of: 10030 cents USD
Using the charge ID of: ch_1Ed3ffJbAfK4zMcbcIb84yRN
PROCESSED PROPERLY!
Processing refund for Order Number: AG-US-00857594
For the amount of: 10030 cents USD
Using the charge ID of: ch_1EfTUWJbAfK4zMcbhmjON6rm
PROCESSED PROPERLY!
Processing refund for Order Number: AG-US-00774169
For the amount of: 9914 cents USD
Using the charge ID of: ch_1Dgiu4JbAfK4zMcbrnoupMrj
PROCESSED PROPERLY!
Processing refund for Order Number: AG-US-00866237
For the amount of: 9800 cents USD
Using the charge ID of: ch_1EnzwKJbAfK4zMcbC6MIqev6
PROCESSED PROPERLY!
Processing refund for Order Number: AG-US-00854694
For the amount of: 9482 cents USD
Using the charge ID of: 
***********FAILED TO PROCESS***********
Processing refund for Order Number: AG-US-00852510
For the amount of: 9440 cents USD
Using the charge ID of: ch_1EbF0LJbAfK4zMcbXjyH3NG7
PROCESSED PROPERLY!
Processing refund for Order Number: AG-US-00868509
For the amount of: 9400 cents USD
Using the charge ID of: ch_1ErQtAJbAfK4zMcbrVsP1vTk
PROCESSED PROPERLY!
Processing refund for Order Number: AG-US-00859940
For the amount of: 9180 cents USD
Using the charge ID of: ch_1EhUnJJbAfK4zMcbXWI1RPue
PROCESSED PROPERLY!
Processing refund for Order Number: AG-US-00867402
For the amount of: 8800 cents USD
Using the charge ID of: ch_1EpNpmJbAfK4zMcbkRTHCDDP
PROCESSED PROPERLY!
Processing refund for Order Number: AG-US-00862677
For the amount of: 8541 cents USD
Using the charge ID of: ch_1EkDm6JbAfK4zMcbdhfUUSpB
PROCESSED PROPERLY!
Processing refund for Order Number: AG-US-00867236
For the amount of: 7800 cents USD
Using the charge ID of: ch_1EpGPOJbAfK4zMcb3CQLsPKh
PROCESSED PROPERLY!
Processing refund for Order Number: AG-US-00867064
For the amount of: 7480 cents USD
Using the charge ID of: ch_1Ep1rPJbAfK4zMcbSnwPZpen
PROCESSED PROPERLY!
Processing refund for Order Number: AG-US-00868020
For the amount of: 7480 cents USD
Using the charge ID of: ch_1EqRuDJbAfK4zMcb5CCgodVp
PROCESSED PROPERLY!
Processing refund for Order Number: AG-US-00856626
For the amount of: 7309 cents USD
Using the charge ID of: 
***********FAILED TO PROCESS***********
Processing refund for Order Number: AG-US-00864153
For the amount of: 6800 cents USD
Using the charge ID of: ch_1EljN7JbAfK4zMcbl7H9enrs
PROCESSED PROPERLY!
Processing refund for Order Number: AG-US-00866779
For the amount of: 6800 cents USD
Using the charge ID of: ch_1EodK5JbAfK4zMcbXfQ84f3I
PROCESSED PROPERLY!
Processing refund for Order Number: AG-US-00868096
For the amount of: 6800 cents USD
Using the charge ID of: ch_1EqRffJbAfK4zMcbGsGrNiul
PROCESSED PROPERLY!
Processing refund for Order Number: AG-US-00868082
For the amount of: 6800 cents USD
Using the charge ID of: ch_1EqjyIJbAfK4zMcb1L8NrCTD
PROCESSED PROPERLY!
Processing refund for Order Number: AG-US-00862830
For the amount of: 5780 cents USD
Using the charge ID of: ch_1EkJMOJbAfK4zMcbK2Vr8zs5
PROCESSED PROPERLY!
Processing refund for Order Number: AG-US-00864185
For the amount of: 5780 cents USD
Using the charge ID of: ch_1ElnXFJbAfK4zMcbruPxBfy2
PROCESSED PROPERLY!
Processing refund for Order Number: AG-US-00865753
For the amount of: 5780 cents USD
Using the charge ID of: ch_1EnCQ8JbAfK4zMcbFeeGrH5L
PROCESSED PROPERLY!
Processing refund for Order Number: AG-US-00861675
For the amount of: 5400 cents USD
Using the charge ID of: ch_1EjRQqJbAfK4zMcbTq2otoUN
PROCESSED PROPERLY!
Processing refund for Order Number: AG-US-00866668
For the amount of: 4800 cents USD
Using the charge ID of: 
***********FAILED TO PROCESS***********
Processing refund for Order Number: AG-US-00863386
For the amount of: 4498 cents USD
Using the charge ID of: 
***********FAILED TO PROCESS***********
Processing refund for Order Number: AG-US-00866449
For the amount of: 3800 cents USD
Using the charge ID of: ch_1EoEJzJbAfK4zMcbi2I3aZ9W
PROCESSED PROPERLY!
