Processing refund for Order Number: AG-US-00862426
For the amount of: 28400 cents USD
Using the charge ID of: ch_1Ejt1LJbAfK4zMcbcHtS2X5o
PROCESSED PROPERLY!
Processing refund for Order Number: AG-US-00866531
For the amount of: 12800 cents USD
Using the charge ID of: 
***********FAILED TO PROCESS***********
Processing refund for Order Number: AG-US-00825725
For the amount of: 11800 cents USD
Using the charge ID of: ch_1EENPkJbAfK4zMcbXoNncdFh
PROCESSED PROPERLY!
Processing refund for Order Number: AG-US-00860242
For the amount of: 11800 cents USD
Using the charge ID of: ch_1EhuOsJbAfK4zMcbBeSA5DKm
PROCESSED PROPERLY!
Processing refund for Order Number: AG-US-00825725
For the amount of: 11800 cents USD
Using the charge ID of: ch_1EENPkJbAfK4zMcbXoNncdFh
PROCESSED PROPERLY!
Processing refund for Order Number: AG-US-00825267
For the amount of: 11772 cents USD
Using the charge ID of: ch_1EE8d1JbAfK4zMcbmGS79APu
PROCESSED PROPERLY!
Processing refund for Order Number: AG-US-00842414
For the amount of: 10908 cents USD
Using the charge ID of: ch_1ESawIJbAfK4zMcbrESHNBw4
PROCESSED PROPERLY!
Processing refund for Order Number: AG-US-00778682
For the amount of: 10800 cents USD
Using the charge ID of: ch_1DhjB6JbAfK4zMcbSKD9de9n
PROCESSED PROPERLY!
Processing refund for Order Number: AG-US-00867359
For the amount of: 10800 cents USD
Using the charge ID of: ch_1EpJDQJbAfK4zMcbDMtKncV0
PROCESSED PROPERLY!
Processing refund for Order Number: AG-US-00865210
For the amount of: 7327 cents USD
Using the charge ID of: 
***********FAILED TO PROCESS***********
Processing refund for Order Number: AG-US-00841007
For the amount of: 6800 cents USD
Using the charge ID of: 
***********FAILED TO PROCESS***********
Processing refund for Order Number: AG-US-00852639
For the amount of: 6800 cents USD
Using the charge ID of: 
***********FAILED TO PROCESS***********
