Processing refund for Order Number: AG-US-00868310
For the amount of: 29920 cents USD
Using the charge ID of: ch_1EqtopJbAfK4zMcbEzxi0CNV
PROCESSED PROPERLY!
Processing refund for Order Number: AG-US-00854884
For the amount of: 25606 cents USD
Using the charge ID of: ch_1Ed8FDJbAfK4zMcbivsHjweR
PROCESSED PROPERLY!
Processing refund for Order Number: AG-US-00860542
For the amount of: 12036 cents USD
Using the charge ID of: 
***********FAILED TO PROCESS***********
Processing refund for Order Number: AG-US-00840720
For the amount of: 11800 cents USD
Using the charge ID of: ch_1EQrKhJbAfK4zMcbibiWP9LX
PROCESSED PROPERLY!
Processing refund for Order Number: AG-US-00856965
For the amount of: 11800 cents USD
Using the charge ID of: 
***********FAILED TO PROCESS***********
Processing refund for Order Number: AG-US-00858194
For the amount of: 11800 cents USD
Using the charge ID of: 
***********FAILED TO PROCESS***********
Processing refund for Order Number: AG-US-00846017
For the amount of: 10883 cents USD
Using the charge ID of: 
***********FAILED TO PROCESS***********
Processing refund for Order Number: AG-US-00853040
For the amount of: 9800 cents USD
Using the charge ID of: ch_1Ebl13JbAfK4zMcbk6mUOUmV
PROCESSED PROPERLY!
Processing refund for Order Number: AG-US-00775621
For the amount of: 8640 cents USD
Using the charge ID of: ch_1Dh0GjJbAfK4zMcbzYzit7VO
PROCESSED PROPERLY!
Processing refund for Order Number: AG-US-00858955
For the amount of: 32723 cents USD
Using the charge ID of: ch_1EgvDTJbAfK4zMcbzuvPqj2B
PROCESSED PROPERLY!
Processing refund for Order Number: AG-US-00863632
For the amount of: 17958 cents USD
Using the charge ID of: ch_1ElHzFJbAfK4zMcbtgcH3Nq3
PROCESSED PROPERLY!
Processing refund for Order Number: AG-US-00856236
For the amount of: 14016 cents USD
Using the charge ID of: 
***********FAILED TO PROCESS***********
Processing refund for Order Number: AG-US-00868556
For the amount of: 12800 cents USD
Using the charge ID of: ch_1Erc0EJbAfK4zMcb7SslnI1w
PROCESSED PROPERLY!
Processing refund for Order Number: AG-US-00857853
For the amount of: 11800 cents USD
Using the charge ID of: 
***********FAILED TO PROCESS***********
Processing refund for Order Number: AG-US-00860463
For the amount of: 11800 cents USD
Using the charge ID of: ch_1Ei7hAJbAfK4zMcbepx6YRcr
PROCESSED PROPERLY!
Processing refund for Order Number: AG-US-00864487
For the amount of: 11560 cents USD
Using the charge ID of: ch_1Em7mwJbAfK4zMcbjYTJGmQn
PROCESSED PROPERLY!
Processing refund for Order Number: AG-US-00857564
For the amount of: 9180 cents USD
Using the charge ID of: ch_1EfWkWJbAfK4zMcbtxgkaIpo
PROCESSED PROPERLY!
Processing refund for Order Number: AG-US-00868422
For the amount of: 7938 cents USD
Using the charge ID of: 
***********FAILED TO PROCESS***********
Processing refund for Order Number: AG-US-00866568
For the amount of: 7800 cents USD
Using the charge ID of: 
***********FAILED TO PROCESS***********
Processing refund for Order Number: AG-US-00867361
For the amount of: 6800 cents USD
Using the charge ID of: ch_1EpJLlJbAfK4zMcbcXRiYldB
PROCESSED PROPERLY!
