Processing refund for Order Number: AG-US-00864187
For the amount of: 16160 cents USD
Using the charge ID of: ch_1Elnq7JbAfK4zMcbztapwQNc
PROCESSED PROPERLY!
Processing refund for Order Number: AG-US-00841456
For the amount of: 10920 cents USD
Using the charge ID of: ch_1ERkKvJbAfK4zMcb9DqVl8xB
PROCESSED PROPERLY!
Processing refund for Order Number: AG-US-00858407
For the amount of: 5800 cents USD
Using the charge ID of: ch_1EgCYVJbAfK4zMcby3Gkor1C
PROCESSED PROPERLY!
Processing refund for Order Number: AG-US-00856165
For the amount of: 3333 cents USD
Using the charge ID of: ch_1EeM6dJbAfK4zMcbCJf8NJPy
PROCESSED PROPERLY!
Processing refund for Order Number: AG-US-00861451
For the amount of: 5000 cents USD
Using the charge ID of: ch_1EjA92JbAfK4zMcbCLMZ8wyk
***********FAILED TO PROCESS***********
Processing refund for Order Number: AG-US-00815251
For the amount of: 10800 cents USD
Using the charge ID of: ch_1E7jW7JbAfK4zMcbPRY571VY
PROCESSED PROPERLY!
Processing refund for Order Number: AG-US-00857948
For the amount of: 6400 cents USD
Using the charge ID of: ch_1EfrOZJbAfK4zMcbnLF4Gwdp
PROCESSED PROPERLY!
