Processing refund for Order Number: AG-US-00824294
For the amount of: 11800 cents USD
Using the charge ID of: ch_1EDHpdJbAfK4zMcbcBl5UiDI
PROCESSED PROPERLY!
Processing refund for Order Number: AG-US-00854009
For the amount of: 12744 cents USD
Using the charge ID of: 
***********FAILED TO PROCESS***********
Processing refund for Order Number: AG-US-00854999
For the amount of: 12508 cents USD
Using the charge ID of: 
***********FAILED TO PROCESS***********
Processing refund for Order Number: AG-US-00826895
For the amount of: 11800 cents USD
Using the charge ID of: 
***********FAILED TO PROCESS***********
Processing refund for Order Number: AG-US-00855752
For the amount of: 11800 cents USD
Using the charge ID of: ch_1EdqHlJbAfK4zMcbOXzmpQO3
PROCESSED PROPERLY!
Processing refund for Order Number: AG-US-00858487
For the amount of: 11800 cents USD
Using the charge ID of: 
***********FAILED TO PROCESS***********
Processing refund for Order Number: AG-US-00840426
For the amount of: 11800 cents USD
Using the charge ID of: ch_1EQfsOJbAfK4zMcbhGFBOvoo
PROCESSED PROPERLY!
Processing refund for Order Number: AG-US-00852556
For the amount of: 11800 cents USD
Using the charge ID of: ch_1EbJLPJbAfK4zMcbRfYeVpBb
PROCESSED PROPERLY!
Processing refund for Order Number: AG-US-00852556
For the amount of: 11800 cents USD
Using the charge ID of: ch_1EbJLPJbAfK4zMcbRfYeVpBb
PROCESSED PROPERLY!
Processing refund for Order Number: AG-US-00852790
For the amount of: 11800 cents USD
Using the charge ID of: 
***********FAILED TO PROCESS***********
Processing refund for Order Number: AG-US-00856717
For the amount of: 11800 cents USD
Using the charge ID of: ch_1EemHgJbAfK4zMcbJKJ2DPTy
PROCESSED PROPERLY!
Processing refund for Order Number: AG-US-00868079
For the amount of: 10800 cents USD
Using the charge ID of: ch_1EqjRrJbAfK4zMcbdsQlkv1t
PROCESSED PROPERLY!
Processing refund for Order Number: AG-US-00779242
For the amount of: 10800 cents USD
Using the charge ID of: 
***********FAILED TO PROCESS***********
Processing refund for Order Number: AG-US-00863456
For the amount of: 10800 cents USD
Using the charge ID of: ch_1El4u2JbAfK4zMcbPnXCSRIg
PROCESSED PROPERLY!
Processing refund for Order Number: AG-US-00777035
For the amount of: 10800 cents USD
Using the charge ID of: 
***********FAILED TO PROCESS***********
Processing refund for Order Number: AG-US-00802489
For the amount of: 10800 cents USD
Using the charge ID of: 
***********FAILED TO PROCESS***********
Processing refund for Order Number: AG-US-00857478
For the amount of: 10030 cents USD
Using the charge ID of: ch_1EfQKjJbAfK4zMcbV0W1siaK
PROCESSED PROPERLY!
Processing refund for Order Number: AG-US-00854781
For the amount of: 10030 cents USD
Using the charge ID of: ch_1EczpHJbAfK4zMcbHRnWnO3c
PROCESSED PROPERLY!
Processing refund for Order Number: AG-US-00859824
For the amount of: 10030 cents USD
Using the charge ID of: 
***********FAILED TO PROCESS***********
Processing refund for Order Number: AG-US-00843305
For the amount of: 10030 cents USD
Using the charge ID of: ch_1ETFpDJbAfK4zMcbhZl2cqpr
PROCESSED PROPERLY!
Processing refund for Order Number: AG-US-00850000
For the amount of: 9460 cents USD
Using the charge ID of: ch_1EZMx9JbAfK4zMcb3AazYiLA
PROCESSED PROPERLY!
Processing refund for Order Number: AG-US-00785618
For the amount of: 8800 cents USD
Using the charge ID of: ch_1Dk0ynJbAfK4zMcbPFAkUMbf
PROCESSED PROPERLY!
Processing refund for Order Number: AG-US-00867414
For the amount of: 7429 cents USD
Using the charge ID of: ch_1EpPSlJbAfK4zMcbpq9lexx7
PROCESSED PROPERLY!
Processing refund for Order Number: AG-US-00838709
For the amount of: 7208 cents USD
Using the charge ID of: 
***********FAILED TO PROCESS***********
Processing refund for Order Number: AG-US-00867084
For the amount of: 6800 cents USD
Using the charge ID of: ch_1Ep4IbJbAfK4zMcbUTzEnNnz
PROCESSED PROPERLY!
Processing refund for Order Number: AG-US-00861209
For the amount of: 6800 cents USD
Using the charge ID of: ch_1EiuxXJbAfK4zMcb1EZQadtR
PROCESSED PROPERLY!
Processing refund for Order Number: AG-US-00868053
For the amount of: 6800 cents USD
Using the charge ID of: ch_1EqgUFJbAfK4zMcbaLhqf6E2
PROCESSED PROPERLY!
Processing refund for Order Number: AG-US-00868036
For the amount of: 5780 cents USD
Using the charge ID of: ch_1EqWJYJbAfK4zMcb7owYwc5c
PROCESSED PROPERLY!
Processing refund for Order Number: AG-US-00856930
For the amount of: 5610 cents USD
Using the charge ID of: ch_1Eeuh2JbAfK4zMcbGWk5R5Ha
PROCESSED PROPERLY!
Processing refund for Order Number: AG-US-00867231
For the amount of: 3800 cents USD
Using the charge ID of: 
***********FAILED TO PROCESS***********
