Processing refund for Order Number: AG-US-00859842
For the amount of: 9180 cents USD
Using the charge ID of: ch_1EhSfCJbAfK4zMcbg2JKp1Ar
PROCESSED PROPERLY!
Processing refund for Order Number: AG-US-00866720
For the amount of: 11600 cents USD
Using the charge ID of: ch_1EoXhxJbAfK4zMcbgufNWqtZ
PROCESSED PROPERLY!
Processing refund for Order Number: AG-US-00860503
For the amount of: 2800 cents USD
Using the charge ID of: 
***********FAILED TO PROCESS***********
Processing refund for Order Number: AG-US-00868496
For the amount of: 20100 cents USD
Using the charge ID of: ch_1ErO9FJbAfK4zMcbUgBgRCF3
PROCESSED PROPERLY!
Processing refund for Order Number: AG-US-00850133
For the amount of: 13800 cents USD
Using the charge ID of: 
***********FAILED TO PROCESS***********
Processing refund for Order Number: AG-US-00864852
For the amount of: 12702 cents USD
Using the charge ID of: ch_1EmNqSJbAfK4zMcb1bSITIsF
PROCESSED PROPERLY!
Processing refund for Order Number: AG-US-00845169
For the amount of: 11800 cents USD
Using the charge ID of: 
***********FAILED TO PROCESS***********
Processing refund for Order Number: AG-US-00841268
For the amount of: 11800 cents USD
Using the charge ID of: 
***********FAILED TO PROCESS***********
Processing refund for Order Number: AG-US-00841001
For the amount of: 11800 cents USD
Using the charge ID of: 
***********FAILED TO PROCESS***********
Processing refund for Order Number: AG-US-00855186
For the amount of: 11800 cents USD
Using the charge ID of: 
***********FAILED TO PROCESS***********
Processing refund for Order Number: AG-US-00856133
For the amount of: 11800 cents USD
Using the charge ID of: ch_1EeCaiJbAfK4zMcbJJS12qlx
PROCESSED PROPERLY!
Processing refund for Order Number: AG-US-00805192
For the amount of: 11637 cents USD
Using the charge ID of: ch_1DzHbMJbAfK4zMcbMFuwk2FF
PROCESSED PROPERLY!
Processing refund for Order Number: AG-US-00828667
For the amount of: 10920 cents USD
Using the charge ID of: ch_1EGsGxJbAfK4zMcbxarR5BQW
PROCESSED PROPERLY!
Processing refund for Order Number: AG-US-00857502
For the amount of: 10030 cents USD
Using the charge ID of: ch_1EfSpoJbAfK4zMcbB6dtnNmg
PROCESSED PROPERLY!
Processing refund for Order Number: AG-US-00804919
For the amount of: 9180 cents USD
Using the charge ID of: ch_1Dz243JbAfK4zMcb80hjEo4S
PROCESSED PROPERLY!
Processing refund for Order Number: AG-US-00861359
For the amount of: 6800 cents USD
Using the charge ID of: 
***********FAILED TO PROCESS***********
Processing refund for Order Number: AG-US-00865770
For the amount of: 6800 cents USD
Using the charge ID of: ch_1EnEZYJbAfK4zMcbZ1GrMvC1
PROCESSED PROPERLY!
Processing refund for Order Number: AG-US-00867161
For the amount of: 6800 cents USD
Using the charge ID of: ch_1Ep2SsJbAfK4zMcbxTQLYlCo
PROCESSED PROPERLY!
Processing refund for Order Number: AG-US-00868231
For the amount of: 6800 cents USD
Using the charge ID of: ch_1Er2rWJbAfK4zMcb3V6QkRSC
PROCESSED PROPERLY!
Processing refund for Order Number: AG-US-00864989
For the amount of: 5780 cents USD
Using the charge ID of: ch_1EmWUHJbAfK4zMcbQG6varp1
PROCESSED PROPERLY!
Processing refund for Order Number: AG-US-00867716
For the amount of: 5780 cents USD
Using the charge ID of: ch_1EplZQJbAfK4zMcbXcp7ubdT
PROCESSED PROPERLY!
