Processing refund for Order Number: AG-US-00867181
For the amount of: 13600 cents USD
Using the charge ID of: ch_1Ep4QsJbAfK4zMcb6kgj55k5
PROCESSED PROPERLY!
Processing refund for Order Number: AG-US-00828301
For the amount of: 12000 cents USD
Using the charge ID of: 
***********FAILED TO PROCESS***********
Processing refund for Order Number: AG-US-00827399
For the amount of: 11772 cents USD
Using the charge ID of: ch_1EFjVjJbAfK4zMcbrLgz20xY
PROCESSED PROPERLY!
Processing refund for Order Number: AG-US-00835811
For the amount of: 10800 cents USD
Using the charge ID of: ch_1EMcsoJbAfK4zMcbST7N0t1V
PROCESSED PROPERLY!
Processing refund for Order Number: AG-US-00776262
For the amount of: 10800 cents USD
Using the charge ID of: ch_1Dh7kxJbAfK4zMcb4KiMcVLM
PROCESSED PROPERLY!
Processing refund for Order Number: AG-US-00849831
For the amount of: 6800 cents USD
Using the charge ID of: ch_1EZI8bJbAfK4zMcbChy6CG8i
PROCESSED PROPERLY!
