Processing refund for Order Number: AG-US-00855373
For the amount of: 28220 cents USD
Using the charge ID of: 
***********FAILED TO PROCESS***********
Processing refund for Order Number: AG-US-00860465
For the amount of: 23600 cents USD
Using the charge ID of: ch_1Ei7tpJbAfK4zMcbh2ojFAvL
PROCESSED PROPERLY!
Processing refund for Order Number: AG-US-00854779
For the amount of: 23436 cents USD
Using the charge ID of: ch_1EczjHJbAfK4zMcbevMdGy6O
PROCESSED PROPERLY!
Processing refund for Order Number: AG-US-00862207
For the amount of: 14600 cents USD
Using the charge ID of: ch_1EjlFTJbAfK4zMcb7Qwy2Oha
PROCESSED PROPERLY!
Processing refund for Order Number: AG-US-00867233
For the amount of: 13260 cents USD
Using the charge ID of: ch_1EpGF1JbAfK4zMcbv1k4Vi0Z
PROCESSED PROPERLY!
Processing refund for Order Number: AG-US-00826191
For the amount of: 12921 cents USD
Using the charge ID of: ch_1EEptdJbAfK4zMcbqCmj2ZyG
PROCESSED PROPERLY!
Processing refund for Order Number: AG-US-00858792
For the amount of: 12862 cents USD
Using the charge ID of: ch_1EgipPJbAfK4zMcbm9oHSYJX
PROCESSED PROPERLY!
Processing refund for Order Number: AG-US-00841515
For the amount of: 12847 cents USD
Using the charge ID of: ch_1ERih1JbAfK4zMcb52hBRm4H
PROCESSED PROPERLY!
Processing refund for Order Number: AG-US-00845957
For the amount of: 12847 cents USD
Using the charge ID of: ch_1EV4GoJbAfK4zMcbJERAl5Y9
PROCESSED PROPERLY!
Processing refund for Order Number: AG-US-00854552
For the amount of: 12800 cents USD
Using the charge ID of: 
***********FAILED TO PROCESS***********
Processing refund for Order Number: AG-US-00866639
For the amount of: 12629 cents USD
Using the charge ID of: ch_1EoXRSJbAfK4zMcbX5qk6cTF
PROCESSED PROPERLY!
Processing refund for Order Number: AG-US-00806866
For the amount of: 11826 cents USD
Using the charge ID of: ch_1E0tdQJbAfK4zMcbvK9gl1I4
PROCESSED PROPERLY!
Processing refund for Order Number: AG-US-00853141
For the amount of: 11800 cents USD
Using the charge ID of: ch_1EbplnJbAfK4zMcbKmmieoxO
PROCESSED PROPERLY!
Processing refund for Order Number: AG-US-00854107
For the amount of: 11800 cents USD
Using the charge ID of: 
***********FAILED TO PROCESS***********
Processing refund for Order Number: AG-US-00858822
For the amount of: 11800 cents USD
Using the charge ID of: 
***********FAILED TO PROCESS***********
Processing refund for Order Number: AG-US-00841150
For the amount of: 11800 cents USD
Using the charge ID of: ch_1ERJECJbAfK4zMcbtfmgTAh7
PROCESSED PROPERLY!
Processing refund for Order Number: AG-US-00846308
For the amount of: 11800 cents USD
Using the charge ID of: ch_1EVPUXJbAfK4zMcb7maYX70z
PROCESSED PROPERLY!
Processing refund for Order Number: AG-US-00846222
For the amount of: 11800 cents USD
Using the charge ID of: 
***********FAILED TO PROCESS***********
Processing refund for Order Number: AG-US-00858590
For the amount of: 11800 cents USD
Using the charge ID of: ch_1Ega84JbAfK4zMcb6k0idB6u
PROCESSED PROPERLY!
Processing refund for Order Number: AG-US-00858378
For the amount of: 11800 cents USD
Using the charge ID of: ch_1EgKX0JbAfK4zMcbiaZwyMW0
PROCESSED PROPERLY!
Processing refund for Order Number: AG-US-00859508
For the amount of: 11800 cents USD
Using the charge ID of: ch_1EhDkyJbAfK4zMcbFt2p4aM1
PROCESSED PROPERLY!
Processing refund for Order Number: AG-US-00852322
For the amount of: 11800 cents USD
Using the charge ID of: ch_1Eb8pjJbAfK4zMcb4gq2vTZP
PROCESSED PROPERLY!
Processing refund for Order Number: AG-US-00859593
For the amount of: 11800 cents USD
Using the charge ID of: 
***********FAILED TO PROCESS***********
Processing refund for Order Number: AG-US-00858683
For the amount of: 11800 cents USD
Using the charge ID of: 
***********FAILED TO PROCESS***********
Processing refund for Order Number: AG-US-00779087
For the amount of: 11799 cents USD
Using the charge ID of: ch_1Dhom7JbAfK4zMcb8dBMxw7Y
***********FAILED TO PROCESS***********
Processing refund for Order Number: AG-US-00861700
For the amount of: 11772 cents USD
Using the charge ID of: ch_1EjGmZJbAfK4zMcbREI7XnrH
PROCESSED PROPERLY!
Processing refund for Order Number: AG-US-00789531
For the amount of: 11732 cents USD
Using the charge ID of: 
***********FAILED TO PROCESS***********
Processing refund for Order Number: AG-US-00861844
For the amount of: 11200 cents USD
Using the charge ID of: ch_1EjVB1JbAfK4zMcbov3oLIGo
PROCESSED PROPERLY!
Processing refund for Order Number: AG-US-00856924
For the amount of: 10920 cents USD
Using the charge ID of: ch_1EeuHeJbAfK4zMcbPaEpmHaV
PROCESSED PROPERLY!
Processing refund for Order Number: AG-US-00868292
For the amount of: 10800 cents USD
Using the charge ID of: ch_1ErFn8JbAfK4zMcbqzNMRkWH
PROCESSED PROPERLY!
Processing refund for Order Number: AG-US-00775339
For the amount of: 10800 cents USD
Using the charge ID of: ch_1DgyeVJbAfK4zMcbcXJjX3Vu
PROCESSED PROPERLY!
Processing refund for Order Number: AG-US-00859476
For the amount of: 10800 cents USD
Using the charge ID of: ch_1EhG72JbAfK4zMcbBudQV38S
PROCESSED PROPERLY!
Processing refund for Order Number: AG-US-00861698
For the amount of: 10682 cents USD
Using the charge ID of: ch_1EjGfMJbAfK4zMcbPwBY4mPG
PROCESSED PROPERLY!
Processing refund for Order Number: AG-US-00824352
For the amount of: 10278 cents USD
Using the charge ID of: 
***********FAILED TO PROCESS***********
Processing refund for Order Number: AG-US-00840962
For the amount of: 10030 cents USD
Using the charge ID of: ch_1ER4nJJbAfK4zMcbb9jJwIID
PROCESSED PROPERLY!
Processing refund for Order Number: AG-US-00857532
For the amount of: 10030 cents USD
Using the charge ID of: ch_1EfUCHJbAfK4zMcbVLJymTJF
PROCESSED PROPERLY!
Processing refund for Order Number: AG-US-00839231
For the amount of: 10030 cents USD
Using the charge ID of: ch_1EPeoyJbAfK4zMcbUxzwqaYT
PROCESSED PROPERLY!
Processing refund for Order Number: AG-US-00843123
For the amount of: 10030 cents USD
Using the charge ID of: 
***********FAILED TO PROCESS***********
Processing refund for Order Number: AG-US-00857177
For the amount of: 10030 cents USD
Using the charge ID of: ch_1EfCA3JbAfK4zMcbwgMDI0dl
PROCESSED PROPERLY!
Processing refund for Order Number: AG-US-00854493
For the amount of: 10030 cents USD
Using the charge ID of: ch_1EcgGCJbAfK4zMcbHoFgoHBg
PROCESSED PROPERLY!
Processing refund for Order Number: AG-US-00803963
For the amount of: 10029 cents USD
Using the charge ID of: ch_1DyN5BJbAfK4zMcbnKWBiG83
***********FAILED TO PROCESS***********
Processing refund for Order Number: AG-US-00858578
For the amount of: 9891 cents USD
Using the charge ID of: ch_1EgYP6JbAfK4zMcbNjzvzAeE
PROCESSED PROPERLY!
Processing refund for Order Number: AG-US-00841451
For the amount of: 9440 cents USD
Using the charge ID of: ch_1ERjlHJbAfK4zMcbho8pNK7G
PROCESSED PROPERLY!
Processing refund for Order Number: AG-US-00774823
For the amount of: 9180 cents USD
Using the charge ID of: ch_1Dgu0iJbAfK4zMcbvfsUQ3km
PROCESSED PROPERLY!
Processing refund for Order Number: AG-US-00778561
For the amount of: 9180 cents USD
Using the charge ID of: ch_1DhiZ4JbAfK4zMcbQhVjXeXK
PROCESSED PROPERLY!
Processing refund for Order Number: AG-US-00860915
For the amount of: 9180 cents USD
Using the charge ID of: 
***********FAILED TO PROCESS***********
Processing refund for Order Number: AG-US-00773753
For the amount of: 9180 cents USD
Using the charge ID of: 
***********FAILED TO PROCESS***********
Processing refund for Order Number: AG-US-00801838
For the amount of: 9180 cents USD
Using the charge ID of: ch_1Dx52WJbAfK4zMcbrdSi2cRQ
PROCESSED PROPERLY!
Processing refund for Order Number: AG-US-00846215
For the amount of: 8850 cents USD
Using the charge ID of: 
***********FAILED TO PROCESS***********
Processing refund for Order Number: AG-US-00863342
For the amount of: 8800 cents USD
Using the charge ID of: 
***********FAILED TO PROCESS***********
Processing refund for Order Number: AG-US-00801479
For the amount of: 8782 cents USD
Using the charge ID of: ch_1Dwx0jJbAfK4zMcbQIBuuwTu
PROCESSED PROPERLY!
Processing refund for Order Number: AG-US-00788639
For the amount of: 8522 cents USD
Using the charge ID of: ch_1Dn6X7JbAfK4zMcbnqyfu6y2
PROCESSED PROPERLY!
Processing refund for Order Number: AG-US-00846215
For the amount of: 8100 cents USD
Using the charge ID of: 
***********FAILED TO PROCESS***********
Processing refund for Order Number: AG-US-00822614
For the amount of: 7611 cents USD
Using the charge ID of: ch_1ECZHYJbAfK4zMcbrVbOBi6x
PROCESSED PROPERLY!
Processing refund for Order Number: AG-US-00867118
For the amount of: 7445 cents USD
Using the charge ID of: 
***********FAILED TO PROCESS***********
Processing refund for Order Number: AG-US-00864369
For the amount of: 7429 cents USD
Using the charge ID of: ch_1Em0YvJbAfK4zMcb1aEN3wbr
PROCESSED PROPERLY!
Processing refund for Order Number: AG-US-00866734
For the amount of: 7418 cents USD
Using the charge ID of: ch_1EoYp9JbAfK4zMcbfp8k64KF
PROCESSED PROPERLY!
Processing refund for Order Number: AG-US-00787983
For the amount of: 7040 cents USD
Using the charge ID of: ch_1DmVKGJbAfK4zMcbvyyNlcMP
PROCESSED PROPERLY!
Processing refund for Order Number: AG-US-00866909
For the amount of: 6800 cents USD
Using the charge ID of: ch_1EofhPJbAfK4zMcbi7NCqV3c
PROCESSED PROPERLY!
Processing refund for Order Number: AG-US-00867568
For the amount of: 6800 cents USD
Using the charge ID of: ch_1EpeQvJbAfK4zMcboR6mplPS
PROCESSED PROPERLY!
Processing refund for Order Number: AG-US-00854493
For the amount of: 6630 cents USD
Using the charge ID of: ch_1EcgGCJbAfK4zMcbHoFgoHBg
PROCESSED PROPERLY!
Processing refund for Order Number: AG-US-00858220
For the amount of: 6351 cents USD
Using the charge ID of: ch_1Eg0u5JbAfK4zMcbXGgRf5tT
PROCESSED PROPERLY!
Processing refund for Order Number: AG-US-00867526
For the amount of: 6271 cents USD
Using the charge ID of: ch_1EpS6RJbAfK4zMcbkZbieZRq
PROCESSED PROPERLY!
Processing refund for Order Number: AG-US-00862906
For the amount of: 5120 cents USD
Using the charge ID of: ch_1EkPARJbAfK4zMcbO81IZxUR
PROCESSED PROPERLY!
Processing refund for Order Number: AG-US-00864901
For the amount of: 3800 cents USD
Using the charge ID of: ch_1EmN28JbAfK4zMcb5ueXIfdI
PROCESSED PROPERLY!
Processing refund for Order Number: AG-US-00858367
For the amount of: 2800 cents USD
Using the charge ID of: ch_1EgITFJbAfK4zMcbyJeTinEz
PROCESSED PROPERLY!
