Processing refund for Order Number: AG-US-00787464
For the amount of: 23490 cents USD
Using the charge ID of: ch_1Dm0yvJbAfK4zMcbTgI4yxbI
***********FAILED TO PROCESS***********
Processing refund for Order Number: AG-US-00864716
For the amount of: 13600 cents USD
Using the charge ID of: 
***********FAILED TO PROCESS***********
Processing refund for Order Number: AG-US-00847221
For the amount of: 12921 cents USD
Using the charge ID of: ch_1EWkYzJbAfK4zMcb9Tddgs9k
PROCESSED PROPERLY!
Processing refund for Order Number: AG-US-00845828
For the amount of: 12921 cents USD
Using the charge ID of: 
***********FAILED TO PROCESS***********
Processing refund for Order Number: AG-US-00855167
For the amount of: 12891 cents USD
Using the charge ID of: ch_1EdJzCJbAfK4zMcbaa5HncGv
PROCESSED PROPERLY!
Processing refund for Order Number: AG-US-00841669
For the amount of: 12891 cents USD
Using the charge ID of: ch_1ES2lcJbAfK4zMcb4eHMkLoQ
PROCESSED PROPERLY!
Processing refund for Order Number: AG-US-00824315
For the amount of: 12803 cents USD
Using the charge ID of: ch_1EDJFKJbAfK4zMcbIUlnu1jC
PROCESSED PROPERLY!
Processing refund for Order Number: AG-US-00860035
For the amount of: 12744 cents USD
Using the charge ID of: 
***********FAILED TO PROCESS***********
Processing refund for Order Number: AG-US-00853355
For the amount of: 12580 cents USD
Using the charge ID of: ch_1Ebv3kJbAfK4zMcbrCdW7Qlo
PROCESSED PROPERLY!
Processing refund for Order Number: AG-US-00831855
For the amount of: 11800 cents USD
Using the charge ID of: ch_1EJKOZJbAfK4zMcbYKxgi6Do
PROCESSED PROPERLY!
Processing refund for Order Number: AG-US-00846081
For the amount of: 11800 cents USD
Using the charge ID of: ch_1EVMxoJbAfK4zMcbEaY1Y5UO
PROCESSED PROPERLY!
Processing refund for Order Number: AG-US-00774358
For the amount of: 11799 cents USD
Using the charge ID of: 
***********FAILED TO PROCESS***********
Processing refund for Order Number: AG-US-00821567
For the amount of: 11799 cents USD
Using the charge ID of: 
***********FAILED TO PROCESS***********
Processing refund for Order Number: AG-US-00775128
For the amount of: 11745 cents USD
Using the charge ID of: 
***********FAILED TO PROCESS***********
Processing refund for Order Number: AG-US-00779571
For the amount of: 10800 cents USD
Using the charge ID of: 
***********FAILED TO PROCESS***********
Processing refund for Order Number: AG-US-00867099
For the amount of: 10000 cents USD
Using the charge ID of: ch_1Eov91JbAfK4zMcbuISjHoWH
PROCESSED PROPERLY!
Processing refund for Order Number: AG-US-00864188
For the amount of: 8640 cents USD
Using the charge ID of: ch_1Elo0wJbAfK4zMcbId7puLFv
PROCESSED PROPERLY!
Processing refund for Order Number: AG-US-00865446
For the amount of: 7800 cents USD
Using the charge ID of: 
***********FAILED TO PROCESS***********
Processing refund for Order Number: AG-US-00867038
For the amount of: 7497 cents USD
Using the charge ID of: 
***********FAILED TO PROCESS***********
Processing refund for Order Number: AG-US-00864040
For the amount of: 7400 cents USD
Using the charge ID of: ch_1ElgovJbAfK4zMcbENMdTfmr
PROCESSED PROPERLY!
Processing refund for Order Number: AG-US-00867601
For the amount of: 7327 cents USD
Using the charge ID of: ch_1EpggGJbAfK4zMcbmLAcTBgT
PROCESSED PROPERLY!
Processing refund for Order Number: AG-US-00862486
For the amount of: 6667 cents USD
Using the charge ID of: ch_1Ek00SJbAfK4zMcbWUu8O8f8
PROCESSED PROPERLY!
Processing refund for Order Number: AG-US-00857464
For the amount of: 6630 cents USD
Using the charge ID of: ch_1EfJv3JbAfK4zMcbeLjzFJLp
PROCESSED PROPERLY!
Processing refund for Order Number: AG-US-00848522
For the amount of: 6480 cents USD
Using the charge ID of: ch_1EXfzWJbAfK4zMcbL17mVXnz
PROCESSED PROPERLY!
Processing refund for Order Number: AG-US-00861048
For the amount of: 6257 cents USD
Using the charge ID of: ch_1EinsKJbAfK4zMcbcjth7sck
PROCESSED PROPERLY!
Processing refund for Order Number: AG-US-00414504
For the amount of: 5491 cents USD
Using the charge ID of: 
***********FAILED TO PROCESS***********
Processing refund for Order Number: AG-US-00853669
For the amount of: 5400 cents USD
Using the charge ID of: ch_1EcDJHJbAfK4zMcbU2FzjX2z
PROCESSED PROPERLY!
Processing refund for Order Number: AG-US-00868353
For the amount of: 4380 cents USD
Using the charge ID of: ch_1Er87rJbAfK4zMcbApQEkmut
PROCESSED PROPERLY!
