Processing refund for Order Number: AG-US-00847898
For the amount of: 45900 cents USD
Using the charge ID of: ch_1EXAbqJbAfK4zMcbogizjRo6
PROCESSED PROPERLY!
Processing refund for Order Number: AG-US-00862816
For the amount of: 14600 cents USD
Using the charge ID of: ch_1EkI19JbAfK4zMcbbD1yEUnf
PROCESSED PROPERLY!
Processing refund for Order Number: AG-US-00854447
For the amount of: 11800 cents USD
Using the charge ID of: 
***********FAILED TO PROCESS***********
Processing refund for Order Number: AG-US-00859854
For the amount of: 11800 cents USD
Using the charge ID of: 
***********FAILED TO PROCESS***********
Processing refund for Order Number: AG-US-00846037
For the amount of: 11800 cents USD
Using the charge ID of: 
***********FAILED TO PROCESS***********
Processing refund for Order Number: AG-US-00858563
For the amount of: 11800 cents USD
Using the charge ID of: ch_1EgXEfJbAfK4zMcbCAxAdgUt
PROCESSED PROPERLY!
Processing refund for Order Number: AG-US-00859517
For the amount of: 11800 cents USD
Using the charge ID of: 
***********FAILED TO PROCESS***********
Processing refund for Order Number: AG-US-00859647
For the amount of: 10908 cents USD
Using the charge ID of: ch_1EhK4eJbAfK4zMcbvMjFZ0Hc
PROCESSED PROPERLY!
Processing refund for Order Number: AG-US-00860896
For the amount of: 10800 cents USD
Using the charge ID of: 
***********FAILED TO PROCESS***********
Processing refund for Order Number: AG-US-00791061
For the amount of: 9180 cents USD
Using the charge ID of: ch_1DpJddJbAfK4zMcb4srciFUN
PROCESSED PROPERLY!
Processing refund for Order Number: AG-US-00864362
For the amount of: 6800 cents USD
Using the charge ID of: ch_1Em03TJbAfK4zMcbuCIfCEJd
PROCESSED PROPERLY!
