Processing refund for Order Number: AG-US-00866803
For the amount of: 12919 cents USD
Using the charge ID of: ch_1Eodn0JbAfK4zMcbfnsTHcDw
PROCESSED PROPERLY!
Processing refund for Order Number: AG-US-00862122
For the amount of: 8191 cents USD
Using the charge ID of: ch_1Eje0kJbAfK4zMcbQlv5xM2i
PROCESSED PROPERLY!
Processing refund for Order Number: SO901270208
For the amount of: 8330 cents USD
Using the charge ID of: 
***********FAILED TO PROCESS***********
Processing refund for Order Number: AG-US-00864307
For the amount of: 56677 cents USD
Using the charge ID of: ch_1Elq1yJbAfK4zMcbDvwfTlyH
PROCESSED PROPERLY!
Processing refund for Order Number: AG-US-00866028
For the amount of: 50447 cents USD
Using the charge ID of: ch_1Ene8RJbAfK4zMcb3Rtn24Sn
PROCESSED PROPERLY!
Processing refund for Order Number: AG-US-00862479
For the amount of: 55800 cents USD
Using the charge ID of: 
***********FAILED TO PROCESS***********
Processing refund for Order Number: AG-US-00865303
For the amount of: 58100 cents USD
Using the charge ID of: ch_1EmhlzJbAfK4zMcbRJ7WIR3Y
PROCESSED PROPERLY!
Processing refund for Order Number: AG-US-00857448
For the amount of: 59803 cents USD
Using the charge ID of: ch_1EfHkCJbAfK4zMcbpZhJQkq0
PROCESSED PROPERLY!
Processing refund for Order Number: AG-US-00866771
For the amount of: 56521 cents USD
Using the charge ID of: ch_1Eoc9SJbAfK4zMcb1YtGuSGd
PROCESSED PROPERLY!
Processing refund for Order Number: AG-US-00857865
For the amount of: 30668 cents USD
Using the charge ID of: ch_1Efi26JbAfK4zMcbibuusWld
PROCESSED PROPERLY!
Processing refund for Order Number: AG-US-00864282
For the amount of: 26600 cents USD
Using the charge ID of: ch_1ElztjJbAfK4zMcbDRZoRLqk
PROCESSED PROPERLY!
Processing refund for Order Number: AG-US-00864813
For the amount of: 26400 cents USD
Using the charge ID of: 
***********FAILED TO PROCESS***********
Processing refund for Order Number: AG-US-00848623
For the amount of: 25311 cents USD
Using the charge ID of: ch_1EXs9sJbAfK4zMcbgb1YDj5d
PROCESSED PROPERLY!
Processing refund for Order Number: AG-US-00868306
For the amount of: 23814 cents USD
Using the charge ID of: ch_1EqsHaJbAfK4zMcb8xp8Df3F
PROCESSED PROPERLY!
Processing refund for Order Number: AG-US-00864045
For the amount of: 23800 cents USD
Using the charge ID of: ch_1ElhGbJbAfK4zMcbZlLV4az6
PROCESSED PROPERLY!
Processing refund for Order Number: AG-US-00868282
For the amount of: 23400 cents USD
Using the charge ID of: ch_1ErCJGJbAfK4zMcbP3IolVEB
PROCESSED PROPERLY!
Processing refund for Order Number: AG-US-00868446
For the amount of: 22712 cents USD
Using the charge ID of: ch_1ErYaBJbAfK4zMcbzqhioQme
PROCESSED PROPERLY!
Processing refund for Order Number: AG-US-00864388
For the amount of: 22236 cents USD
Using the charge ID of: 
***********FAILED TO PROCESS***********
Processing refund for Order Number: AG-US-00866057
For the amount of: 20500 cents USD
Using the charge ID of: ch_1EnnPUJbAfK4zMcboH45NnuE
PROCESSED PROPERLY!
Processing refund for Order Number: AG-US-00868103
For the amount of: 19890 cents USD
Using the charge ID of: ch_1EqSCoJbAfK4zMcbxXUQCgii
PROCESSED PROPERLY!
Processing refund for Order Number: AG-US-00867549
For the amount of: 18600 cents USD
Using the charge ID of: ch_1EpbUWJbAfK4zMcbZzAVFw7O
PROCESSED PROPERLY!
Processing refund for Order Number: AG-US-00866426
For the amount of: 18597 cents USD
Using the charge ID of: ch_1EoCgkJbAfK4zMcbPWD1njdD
PROCESSED PROPERLY!
Processing refund for Order Number: AG-US-00858855
For the amount of: 17600 cents USD
Using the charge ID of: ch_1EgiOvJbAfK4zMcbVi8gNbxC
PROCESSED PROPERLY!
Processing refund for Order Number: AG-US-00866070
For the amount of: 16660 cents USD
Using the charge ID of: 
***********FAILED TO PROCESS***********
Processing refund for Order Number: AG-US-00867408
For the amount of: 16660 cents USD
Using the charge ID of: ch_1EpOpeJbAfK4zMcbjHOOBNEl
PROCESSED PROPERLY!
Processing refund for Order Number: AG-US-00856938
For the amount of: 16200 cents USD
Using the charge ID of: 
***********FAILED TO PROCESS***********
Processing refund for Order Number: AG-US-00867283
For the amount of: 14891 cents USD
Using the charge ID of: ch_1EpKyPJbAfK4zMcbFFrgDM8P
PROCESSED PROPERLY!
Processing refund for Order Number: AG-US-00867378
For the amount of: 14600 cents USD
Using the charge ID of: ch_1EpKzfJbAfK4zMcbRWJ9HDdW
PROCESSED PROPERLY!
Processing refund for Order Number: AG-US-00836975
For the amount of: 13600 cents USD
Using the charge ID of: ch_1ENSrjJbAfK4zMcbYSRqhRRe
PROCESSED PROPERLY!
Processing refund for Order Number: AG-US-00867788
For the amount of: 13600 cents USD
Using the charge ID of: 
***********FAILED TO PROCESS***********
Processing refund for Order Number: AG-US-00861762
For the amount of: 13515 cents USD
Using the charge ID of: ch_1EjRGpJbAfK4zMcbhfQjUA3c
PROCESSED PROPERLY!
Processing refund for Order Number: AG-US-00867166
For the amount of: 13400 cents USD
Using the charge ID of: 
***********FAILED TO PROCESS***********
Processing refund for Order Number: AG-US-00824122
For the amount of: 12891 cents USD
Using the charge ID of: 
***********FAILED TO PROCESS***********
Processing refund for Order Number: AG-US-00851179
For the amount of: 12803 cents USD
Using the charge ID of: ch_1EaApIJbAfK4zMcbf9kS8FiP
PROCESSED PROPERLY!
Processing refund for Order Number: AG-US-00856769
For the amount of: 12800 cents USD
Using the charge ID of: ch_1EepjpJbAfK4zMcbcOe5Xe0A
PROCESSED PROPERLY!
Processing refund for Order Number: AG-US-00863639
For the amount of: 12543 cents USD
Using the charge ID of: ch_1ElIpMJbAfK4zMcbkpOJjzUH
***********FAILED TO PROCESS***********
Processing refund for Order Number: AG-US-00853429
For the amount of: 12410 cents USD
Using the charge ID of: ch_1EbxdHJbAfK4zMcbBDCXrmqU
PROCESSED PROPERLY!
Processing refund for Order Number: AG-US-00867230
For the amount of: 12200 cents USD
Using the charge ID of: ch_1EpG0DJbAfK4zMcbvSlOl0jP
PROCESSED PROPERLY!
Processing refund for Order Number: AG-US-00866351
For the amount of: 12070 cents USD
Using the charge ID of: ch_1EnzyqJbAfK4zMcb59gpsvqH
PROCESSED PROPERLY!
Processing refund for Order Number: AG-US-00824360
For the amount of: 11800 cents USD
Using the charge ID of: 
***********FAILED TO PROCESS***********
Processing refund for Order Number: AG-US-00852503
For the amount of: 11800 cents USD
Using the charge ID of: ch_1EbEkrJbAfK4zMcbnMRGc4Wd
PROCESSED PROPERLY!
Processing refund for Order Number: AG-US-00823921
For the amount of: 11800 cents USD
Using the charge ID of: ch_1EDBZfJbAfK4zMcbVZ57bF5d
PROCESSED PROPERLY!
Processing refund for Order Number: AG-US-00779151
For the amount of: 11745 cents USD
Using the charge ID of: ch_1DhpTlJbAfK4zMcbIhxpVlPv
PROCESSED PROPERLY!
Processing refund for Order Number: AG-US-00859435
For the amount of: 11730 cents USD
Using the charge ID of: 
***********FAILED TO PROCESS***********
Processing refund for Order Number: AG-US-00863299
For the amount of: 11718 cents USD
Using the charge ID of: 
***********FAILED TO PROCESS***********
Processing refund for Order Number: AG-US-00860055
For the amount of: 11541 cents USD
Using the charge ID of: 
***********FAILED TO PROCESS***********
Processing refund for Order Number: AG-US-00867365
For the amount of: 11355 cents USD
Using the charge ID of: ch_1EpK2iJbAfK4zMcbvNkbOvtl
PROCESSED PROPERLY!
Processing refund for Order Number: AG-US-00850821
For the amount of: 11008 cents USD
Using the charge ID of: 
***********FAILED TO PROCESS***********
Processing refund for Order Number: AG-US-00773050
For the amount of: 10800 cents USD
Using the charge ID of: ch_1DgZhbJbAfK4zMcboOcF2QlJ
PROCESSED PROPERLY!
Processing refund for Order Number: AG-US-00776749
For the amount of: 10800 cents USD
Using the charge ID of: ch_1DhJBKJbAfK4zMcbsKh67NjG
PROCESSED PROPERLY!
Processing refund for Order Number: AG-US-00779311
For the amount of: 10800 cents USD
Using the charge ID of: ch_1DhrCRJbAfK4zMcbGNxy2jaZ
PROCESSED PROPERLY!
Processing refund for Order Number: AG-US-00795781
For the amount of: 10800 cents USD
Using the charge ID of: ch_1DtdcLJbAfK4zMcbyJ08X8dr
PROCESSED PROPERLY!
Processing refund for Order Number: AG-US-00852736
For the amount of: 10800 cents USD
Using the charge ID of: 
***********FAILED TO PROCESS***********
Processing refund for Order Number: AG-US-00853716
For the amount of: 10800 cents USD
Using the charge ID of: ch_1EcCj0JbAfK4zMcbyBWdp6ej
PROCESSED PROPERLY!
Processing refund for Order Number: AG-US-00861326
For the amount of: 10800 cents USD
Using the charge ID of: ch_1Eiy9PJbAfK4zMcbiAVCSn59
PROCESSED PROPERLY!
Processing refund for Order Number: AG-US-00862773
For the amount of: 10800 cents USD
Using the charge ID of: ch_1EkLSXJbAfK4zMcbN3qDmzL6
PROCESSED PROPERLY!
Processing refund for Order Number: AG-US-00776749
For the amount of: 10800 cents USD
Using the charge ID of: ch_1DhJBKJbAfK4zMcbsKh67NjG
PROCESSED PROPERLY!
Processing refund for Order Number: AG-US-00806103
For the amount of: 10800 cents USD
Using the charge ID of: ch_1E09yeJbAfK4zMcbxrXPsqMz
PROCESSED PROPERLY!
Processing refund for Order Number: AG-US-00778418
For the amount of: 10800 cents USD
Using the charge ID of: 
***********FAILED TO PROCESS***********
Processing refund for Order Number: AG-US-00806103
For the amount of: 10800 cents USD
Using the charge ID of: ch_1E09yeJbAfK4zMcbxrXPsqMz
PROCESSED PROPERLY!
Processing refund for Order Number: AG-US-00867682
For the amount of: 10800 cents USD
Using the charge ID of: ch_1Eq0erJbAfK4zMcbsosMfSAi
PROCESSED PROPERLY!
Processing refund for Order Number: AG-US-00866245
For the amount of: 10240 cents USD
Using the charge ID of: ch_1Eo1TvJbAfK4zMcbFLibB9bj
PROCESSED PROPERLY!
Processing refund for Order Number: AG-US-00865598
For the amount of: 10000 cents USD
Using the charge ID of: 
***********FAILED TO PROCESS***********
Processing refund for Order Number: AG-US-00864848
For the amount of: 9570 cents USD
Using the charge ID of: 
***********FAILED TO PROCESS***********
Processing refund for Order Number: AG-US-00863242
For the amount of: 9482 cents USD
Using the charge ID of: ch_1Ekj55JbAfK4zMcbIefPc1ep
PROCESSED PROPERLY!
Processing refund for Order Number: AG-US-00868395
For the amount of: 9482 cents USD
Using the charge ID of: ch_1ErHjeJbAfK4zMcbgiP3PlE3
PROCESSED PROPERLY!
Processing refund for Order Number: AG-US-00865087
For the amount of: 9180 cents USD
Using the charge ID of: 
***********FAILED TO PROCESS***********
Processing refund for Order Number: AG-US-00866534
For the amount of: 9180 cents USD
Using the charge ID of: ch_1EoGtJJbAfK4zMcbpHa8Hch0
PROCESSED PROPERLY!
Processing refund for Order Number: AG-US-00861644
For the amount of: 8976 cents USD
Using the charge ID of: ch_1EjJfTJbAfK4zMcbyoemzoj7
PROCESSED PROPERLY!
Processing refund for Order Number: AG-US-00857883
For the amount of: 8800 cents USD
Using the charge ID of: ch_1EfoBFJbAfK4zMcb3QFBI0lz
PROCESSED PROPERLY!
Processing refund for Order Number: AG-US-00861062
For the amount of: 8800 cents USD
Using the charge ID of: 
***********FAILED TO PROCESS***********
Processing refund for Order Number: AG-US-00865623
For the amount of: 8800 cents USD
Using the charge ID of: 
***********FAILED TO PROCESS***********
Processing refund for Order Number: AG-US-00866784
For the amount of: 8800 cents USD
Using the charge ID of: ch_1EodO9JbAfK4zMcbA8R4HsSA
PROCESSED PROPERLY!
Processing refund for Order Number: AG-US-00863966
For the amount of: 8640 cents USD
Using the charge ID of: 
***********FAILED TO PROCESS***********
Processing refund for Order Number: AG-US-00785501
For the amount of: 8640 cents USD
Using the charge ID of: 
***********FAILED TO PROCESS***********
Processing refund for Order Number: AG-US-00854507
For the amount of: 8463 cents USD
Using the charge ID of: ch_1EchOaJbAfK4zMcbGpH4pvg7
PROCESSED PROPERLY!
Processing refund for Order Number: AG-US-00862028
For the amount of: 8375 cents USD
Using the charge ID of: 
***********FAILED TO PROCESS***********
Processing refund for Order Number: AG-US-00864809
For the amount of: 8374 cents USD
Using the charge ID of: ch_1EmLgcJbAfK4zMcbL4Y08z12
PROCESSED PROPERLY!
Processing refund for Order Number: AG-US-00860853
For the amount of: 8366 cents USD
Using the charge ID of: ch_1EiXn4JbAfK4zMcbCjnTGHjC
PROCESSED PROPERLY!
Processing refund for Order Number: AG-US-00772998
For the amount of: 8240 cents USD
Using the charge ID of: ch_1DgZR1JbAfK4zMcbthgTKxo0
PROCESSED PROPERLY!
Processing refund for Order Number: AG-US-00861565
For the amount of: 7800 cents USD
Using the charge ID of: ch_1EjDSaJbAfK4zMcbwJr4654X
PROCESSED PROPERLY!
Processing refund for Order Number: AG-US-00863846
For the amount of: 7800 cents USD
Using the charge ID of: 
***********FAILED TO PROCESS***********
Processing refund for Order Number: AG-US-00867879
For the amount of: 7800 cents USD
Using the charge ID of: 
***********FAILED TO PROCESS***********
Processing refund for Order Number: AG-US-00867518
For the amount of: 7487 cents USD
Using the charge ID of: ch_1EpQWcJbAfK4zMcbPNCU5LPY
PROCESSED PROPERLY!
Processing refund for Order Number: AG-US-00868018
For the amount of: 7480 cents USD
Using the charge ID of: 
***********FAILED TO PROCESS***********
Processing refund for Order Number: AG-US-00866393
For the amount of: 7463 cents USD
Using the charge ID of: ch_1EoArhJbAfK4zMcbdUADIzt2
PROCESSED PROPERLY!
Processing refund for Order Number: AG-US-00841018
For the amount of: 7429 cents USD
Using the charge ID of: ch_1ERCKRJbAfK4zMcbQ80UGCK9
PROCESSED PROPERLY!
Processing refund for Order Number: AG-US-00855199
For the amount of: 7378 cents USD
Using the charge ID of: ch_1EdMPqJbAfK4zMcb4hoh51xQ
PROCESSED PROPERLY!
Processing refund for Order Number: AG-US-00867484
For the amount of: 7327 cents USD
Using the charge ID of: ch_1EpeNVJbAfK4zMcbFYjZ6ofw
PROCESSED PROPERLY!
Processing refund for Order Number: AG-US-00864633
For the amount of: 7300 cents USD
Using the charge ID of: ch_1EmDsuJbAfK4zMcbXwjViRRR
PROCESSED PROPERLY!
Processing refund for Order Number: AG-US-00857337
For the amount of: 7178 cents USD
Using the charge ID of: ch_1EfIzsJbAfK4zMcbeMU651d2
PROCESSED PROPERLY!
Processing refund for Order Number: AG-US-00848580
For the amount of: 6800 cents USD
Using the charge ID of: 
***********FAILED TO PROCESS***********
Processing refund for Order Number: AG-US-00851717
For the amount of: 6800 cents USD
Using the charge ID of: 
***********FAILED TO PROCESS***********
Processing refund for Order Number: AG-US-00858126
For the amount of: 6800 cents USD
Using the charge ID of: ch_1EfzuPJbAfK4zMcbwolBNTRY
PROCESSED PROPERLY!
Processing refund for Order Number: AG-US-00859432
For the amount of: 6800 cents USD
Using the charge ID of: ch_1Eh6VpJbAfK4zMcb6OQijyrZ
PROCESSED PROPERLY!
Processing refund for Order Number: AG-US-00865051
For the amount of: 6800 cents USD
Using the charge ID of: ch_1EmVmLJbAfK4zMcb24pEg8xW
PROCESSED PROPERLY!
Processing refund for Order Number: AG-US-00866086
For the amount of: 6800 cents USD
Using the charge ID of: ch_1EnsmFJbAfK4zMcbhwSVJCpY
PROCESSED PROPERLY!
Processing refund for Order Number: AG-US-00866908
For the amount of: 6800 cents USD
Using the charge ID of: ch_1EofhEJbAfK4zMcb0qiydw5K
PROCESSED PROPERLY!
Processing refund for Order Number: AG-US-00867419
For the amount of: 6800 cents USD
Using the charge ID of: 
***********FAILED TO PROCESS***********
Processing refund for Order Number: AG-US-00867539
For the amount of: 6800 cents USD
Using the charge ID of: 
***********FAILED TO PROCESS***********
Processing refund for Order Number: AG-US-00868324
For the amount of: 6800 cents USD
Using the charge ID of: ch_1Er2o8JbAfK4zMcbYWdlWuoB
PROCESSED PROPERLY!
Processing refund for Order Number: AG-US-00868265
For the amount of: 6800 cents USD
Using the charge ID of: ch_1Er9teJbAfK4zMcb4XffYvvV
PROCESSED PROPERLY!
Processing refund for Order Number: AG-US-00867794
For the amount of: 6667 cents USD
Using the charge ID of: ch_1Eq33YJbAfK4zMcbNX1fE8Vl
PROCESSED PROPERLY!
Processing refund for Order Number: AG-US-00851726
For the amount of: 6630 cents USD
Using the charge ID of: ch_1Eabk6JbAfK4zMcblsRQ3TOL
PROCESSED PROPERLY!
Processing refund for Order Number: AG-US-00859559
For the amount of: 6329 cents USD
Using the charge ID of: ch_1EhHyOJbAfK4zMcbVVBrCN7z
PROCESSED PROPERLY!
Processing refund for Order Number: AG-US-00867130
For the amount of: 6315 cents USD
Using the charge ID of: ch_1EoxZuJbAfK4zMcbAbuJ48N8
PROCESSED PROPERLY!
Processing refund for Order Number: AG-US-00865837
For the amount of: 6236 cents USD
Using the charge ID of: ch_1EnRvQJbAfK4zMcbl7dhQdIn
PROCESSED PROPERLY!
Processing refund for Order Number: AG-US-00858540
For the amount of: 5780 cents USD
Using the charge ID of: 
***********FAILED TO PROCESS***********
Processing refund for Order Number: AG-US-00861081
For the amount of: 5780 cents USD
Using the charge ID of: 
***********FAILED TO PROCESS***********
Processing refund for Order Number: AG-US-00865314
For the amount of: 5780 cents USD
Using the charge ID of: ch_1EmiflJbAfK4zMcbc5WEkvvZ
PROCESSED PROPERLY!
Processing refund for Order Number: AG-US-00868235
For the amount of: 5780 cents USD
Using the charge ID of: ch_1Er4DSJbAfK4zMcbYFTxPTRi
PROCESSED PROPERLY!
Processing refund for Order Number: AG-US-00852295
For the amount of: 5400 cents USD
Using the charge ID of: 
***********FAILED TO PROCESS***********
Processing refund for Order Number: AG-US-00863074
For the amount of: 5400 cents USD
Using the charge ID of: 
***********FAILED TO PROCESS***********
Processing refund for Order Number: AG-US-00866635
For the amount of: 5400 cents USD
Using the charge ID of: 
***********FAILED TO PROCESS***********
Processing refund for Order Number: AG-US-00865669
For the amount of: 4800 cents USD
Using the charge ID of: ch_1EnBOJJbAfK4zMcbHQAnFQkc
PROCESSED PROPERLY!
Processing refund for Order Number: AG-US-00863553
For the amount of: 4600 cents USD
Using the charge ID of: ch_1ElGc3JbAfK4zMcbXvpBhkd0
PROCESSED PROPERLY!
Processing refund for Order Number: AG-US-00867883
For the amount of: 4600 cents USD
Using the charge ID of: ch_1EqMEaJbAfK4zMcbgmeXcGy4
PROCESSED PROPERLY!
Processing refund for Order Number: AG-US-00865861
For the amount of: 4114 cents USD
Using the charge ID of: 
***********FAILED TO PROCESS***********
Processing refund for Order Number: AG-US-00864702
For the amount of: 3800 cents USD
Using the charge ID of: ch_1EmBACJbAfK4zMcbxDoXhwX8
PROCESSED PROPERLY!
Processing refund for Order Number: AG-US-00868444
For the amount of: 3800 cents USD
Using the charge ID of: ch_1ErY9gJbAfK4zMcbjWdDjmtF
PROCESSED PROPERLY!
Processing refund for Order Number: AG-US-00866780
For the amount of: 3400 cents USD
Using the charge ID of: 
***********FAILED TO PROCESS***********
Processing refund for Order Number: AG-US-00862074
For the amount of: 2380 cents USD
Using the charge ID of: ch_1EjdqPJbAfK4zMcbafG2du5L
PROCESSED PROPERLY!
Processing refund for Order Number: AG-US-00865763
For the amount of: 1600 cents USD
Using the charge ID of: ch_1EnE65JbAfK4zMcb5V51C5wD
PROCESSED PROPERLY!
