Processing refund for Order Number: AG-US-00853026
For the amount of: 18360 cents USD
Using the charge ID of: ch_1EbgmwJbAfK4zMcb9duLpJZx
PROCESSED PROPERLY!
Processing refund for Order Number: AG-US-00866571
For the amount of: 27539 cents USD
Using the charge ID of: ch_1EoLgzJbAfK4zMcb3SxFieDM
PROCESSED PROPERLY!
Processing refund for Order Number: AG-US-00826185
For the amount of: 23544 cents USD
Using the charge ID of: ch_1EEpK5JbAfK4zMcbhkrgeHfl
PROCESSED PROPERLY!
Processing refund for Order Number: AG-US-00862397
For the amount of: 9800 cents USD
Using the charge ID of: ch_1EjrF6JbAfK4zMcbdgf5ZMMB
PROCESSED PROPERLY!
Processing refund for Order Number: AG-US-00783903
For the amount of: 8330 cents USD
Using the charge ID of: ch_1DjAVwJbAfK4zMcbvuteu0E3
PROCESSED PROPERLY!
Processing refund for Order Number: AG-US-00851328
For the amount of: 2800 cents USD
Using the charge ID of: 
***********FAILED TO PROCESS***********
