Processing refund for Order Number: AG-US-00865076
For the amount of: 45255 cents USD
Using the charge ID of: ch_1EmZLNJbAfK4zMcbbMFdpwJl
PROCESSED PROPERLY!
Processing refund for Order Number: AG-US-00868570
For the amount of: 41856 cents USD
Using the charge ID of: ch_1ErkdyJbAfK4zMcbx5SDoy0Y
PROCESSED PROPERLY!
Processing refund for Order Number: AG-US-00864438
For the amount of: 36800 cents USD
Using the charge ID of: ch_1Em3H1JbAfK4zMcbUvlC1qOH
PROCESSED PROPERLY!
Processing refund for Order Number: AG-US-00862758
For the amount of: 34229 cents USD
Using the charge ID of: 
***********FAILED TO PROCESS***********
Processing refund for Order Number: AG-US-00867267
For the amount of: 29564 cents USD
Using the charge ID of: ch_1EpJN5JbAfK4zMcbtFQ3EOP4
PROCESSED PROPERLY!
Processing refund for Order Number: AG-US-00868533
For the amount of: 24934 cents USD
Using the charge ID of: ch_1ErUNyJbAfK4zMcbM3R545Vz
PROCESSED PROPERLY!
Processing refund for Order Number: AG-US-00868403
For the amount of: 24400 cents USD
Using the charge ID of: ch_1ErPnRJbAfK4zMcbfnyg3xxi
PROCESSED PROPERLY!
Processing refund for Order Number: AG-US-00862018
For the amount of: 21600 cents USD
Using the charge ID of: 
***********FAILED TO PROCESS***********
Processing refund for Order Number: AG-US-00866901
For the amount of: 20400 cents USD
Using the charge ID of: ch_1Eof9AJbAfK4zMcbFNobzvek
PROCESSED PROPERLY!
Processing refund for Order Number: AG-US-00866500
For the amount of: 19949 cents USD
Using the charge ID of: ch_1EoCOwJbAfK4zMcbCEgUDLdm
PROCESSED PROPERLY!
Processing refund for Order Number: AG-US-00868101
For the amount of: 19600 cents USD
Using the charge ID of: ch_1EqRprJbAfK4zMcbKH7t2UjM
PROCESSED PROPERLY!
Processing refund for Order Number: AG-US-00848647
For the amount of: 18600 cents USD
Using the charge ID of: ch_1EXvKRJbAfK4zMcbmPNiUXBz
PROCESSED PROPERLY!
Processing refund for Order Number: AG-US-00860712
For the amount of: 18600 cents USD
Using the charge ID of: ch_1EiI1WJbAfK4zMcbFqCmPkEI
PROCESSED PROPERLY!
Processing refund for Order Number: AG-US-00866588
For the amount of: 18396 cents USD
Using the charge ID of: ch_1EoOrJJbAfK4zMcb7FwfC4zs
***********FAILED TO PROCESS***********
Processing refund for Order Number: AG-US-00865034
For the amount of: 18360 cents USD
Using the charge ID of: ch_1EmUZiJbAfK4zMcbRWHiHP1V
PROCESSED PROPERLY!
Processing refund for Order Number: AG-US-00868321
For the amount of: 18243 cents USD
Using the charge ID of: ch_1Er1wgJbAfK4zMcb4k3laAJn
PROCESSED PROPERLY!
Processing refund for Order Number: AG-US-00867689
For the amount of: 18200 cents USD
Using the charge ID of: ch_1Eq1zqJbAfK4zMcbr0bMsY5m
PROCESSED PROPERLY!
Processing refund for Order Number: AG-US-00852797
For the amount of: 17340 cents USD
Using the charge ID of: ch_1EbVtuJbAfK4zMcbvxBDuF4T
PROCESSED PROPERLY!
Processing refund for Order Number: AG-US-00868166
For the amount of: 16644 cents USD
Using the charge ID of: ch_1EqkbDJbAfK4zMcbCvwNZYwM
PROCESSED PROPERLY!
Processing refund for Order Number: AG-US-00867465
For the amount of: 15987 cents USD
Using the charge ID of: ch_1EpcvgJbAfK4zMcb9yDBwNzo
PROCESSED PROPERLY!
Processing refund for Order Number: AG-US-00858687
For the amount of: 15600 cents USD
Using the charge ID of: ch_1EgbEsJbAfK4zMcbL0cj0rtc
PROCESSED PROPERLY!
Processing refund for Order Number: AG-US-00838374
For the amount of: 15476 cents USD
Using the charge ID of: ch_1EOwNIJbAfK4zMcboLa4zSxs
PROCESSED PROPERLY!
Processing refund for Order Number: AG-US-00842708
For the amount of: 15025 cents USD
Using the charge ID of: 
***********FAILED TO PROCESS***********
Processing refund for Order Number: AG-US-00857851
For the amount of: 14600 cents USD
Using the charge ID of: 
***********FAILED TO PROCESS***********
Processing refund for Order Number: AG-US-00867430
For the amount of: 13600 cents USD
Using the charge ID of: ch_1EpRL8JbAfK4zMcbxuwapyRe
PROCESSED PROPERLY!
Processing refund for Order Number: AG-US-00867440
For the amount of: 13600 cents USD
Using the charge ID of: 
***********FAILED TO PROCESS***********
Processing refund for Order Number: AG-US-00831808
For the amount of: 12744 cents USD
Using the charge ID of: ch_1EJAcXJbAfK4zMcb4DuqaaMF
PROCESSED PROPERLY!
Processing refund for Order Number: AG-US-00832999
For the amount of: 11800 cents USD
Using the charge ID of: 
***********FAILED TO PROCESS***********
Processing refund for Order Number: AG-US-00849685
For the amount of: 11800 cents USD
Using the charge ID of: 
***********FAILED TO PROCESS***********
Processing refund for Order Number: AG-US-00865234
For the amount of: 11388 cents USD
Using the charge ID of: 
***********FAILED TO PROCESS***********
Processing refund for Order Number: AG-US-00861148
For the amount of: 10875 cents USD
Using the charge ID of: ch_1EiopqJbAfK4zMcbbVWTDIvZ
PROCESSED PROPERLY!
Processing refund for Order Number: AG-US-00776219
For the amount of: 10800 cents USD
Using the charge ID of: ch_1Dh6s2JbAfK4zMcbv6oHq1q5
PROCESSED PROPERLY!
Processing refund for Order Number: AG-US-00779585
For the amount of: 10800 cents USD
Using the charge ID of: 
***********FAILED TO PROCESS***********
Processing refund for Order Number: AG-US-00840562
For the amount of: 10800 cents USD
Using the charge ID of: 
***********FAILED TO PROCESS***********
Processing refund for Order Number: AG-US-00843056
For the amount of: 10800 cents USD
Using the charge ID of: ch_1ETADFJbAfK4zMcbturVzrFg
PROCESSED PROPERLY!
Processing refund for Order Number: AG-US-00861576
For the amount of: 10800 cents USD
Using the charge ID of: ch_1EjEATJbAfK4zMcbC7cP0xJK
PROCESSED PROPERLY!
Processing refund for Order Number: AG-US-00866318
For the amount of: 10800 cents USD
Using the charge ID of: ch_1Enwx1JbAfK4zMcbBB7xDY2q
PROCESSED PROPERLY!
Processing refund for Order Number: AG-US-00867718
For the amount of: 10800 cents USD
Using the charge ID of: ch_1EpludJbAfK4zMcbqtqxdhF7
PROCESSED PROPERLY!
Processing refund for Order Number: AG-US-00778199
For the amount of: 10800 cents USD
Using the charge ID of: ch_1DhcsMJbAfK4zMcbaGZQUHGi
PROCESSED PROPERLY!
Processing refund for Order Number: AG-US-00840306
For the amount of: 10600 cents USD
Using the charge ID of: ch_1EQaSVJbAfK4zMcbYCr8uyAU
PROCESSED PROPERLY!
Processing refund for Order Number: AG-US-00861405
For the amount of: 10052 cents USD
Using the charge ID of: ch_1Ej7GFJbAfK4zMcblqewHJ4g
PROCESSED PROPERLY!
Processing refund for Order Number: AG-US-00849163
For the amount of: 10030 cents USD
Using the charge ID of: ch_1EYVr1JbAfK4zMcbCDqF6TIj
PROCESSED PROPERLY!
Processing refund for Order Number: AG-US-00852968
For the amount of: 10030 cents USD
Using the charge ID of: 
***********FAILED TO PROCESS***********
Processing refund for Order Number: AG-US-00850550
For the amount of: 10030 cents USD
Using the charge ID of: ch_1EZq51JbAfK4zMcbb6YdKxKW
PROCESSED PROPERLY!
Processing refund for Order Number: AG-US-00852797
For the amount of: 10030 cents USD
Using the charge ID of: ch_1EbVtuJbAfK4zMcbvxBDuF4T
PROCESSED PROPERLY!
Processing refund for Order Number: AG-US-00860425
For the amount of: 10000 cents USD
Using the charge ID of: ch_1Ei3e4JbAfK4zMcb9FqSChh4
PROCESSED PROPERLY!
Processing refund for Order Number: AG-US-00861030
For the amount of: 10000 cents USD
Using the charge ID of: ch_1EilrCJbAfK4zMcbie6ApmM4
PROCESSED PROPERLY!
Processing refund for Order Number: AG-US-00864078
For the amount of: 10000 cents USD
Using the charge ID of: ch_1EljxUJbAfK4zMcb9H8Q12PC
PROCESSED PROPERLY!
Processing refund for Order Number: AG-US-00862248
For the amount of: 9800 cents USD
Using the charge ID of: ch_1EjohiJbAfK4zMcbZLwMm5Dd
PROCESSED PROPERLY!
Processing refund for Order Number: AG-US-00848645
For the amount of: 9440 cents USD
Using the charge ID of: ch_1EXurrJbAfK4zMcb38HeUTdi
PROCESSED PROPERLY!
Processing refund for Order Number: AG-US-00865440
For the amount of: 9180 cents USD
Using the charge ID of: ch_1Emu4XJbAfK4zMcbQgodByZk
PROCESSED PROPERLY!
Processing refund for Order Number: AG-US-00772956
For the amount of: 9180 cents USD
Using the charge ID of: ch_1DgZfAJbAfK4zMcbJ7cbz5AO
PROCESSED PROPERLY!
Processing refund for Order Number: AG-US-00859222
For the amount of: 8840 cents USD
Using the charge ID of: ch_1EgzICJbAfK4zMcb9ZGnWjLo
PROCESSED PROPERLY!
Processing refund for Order Number: AG-US-00862447
For the amount of: 8800 cents USD
Using the charge ID of: ch_1EjvTMJbAfK4zMcbEkkmNmD8
PROCESSED PROPERLY!
Processing refund for Order Number: AG-US-00867689
For the amount of: 8800 cents USD
Using the charge ID of: ch_1Eq1zqJbAfK4zMcbr0bMsY5m
PROCESSED PROPERLY!
Processing refund for Order Number: AG-US-00866590
For the amount of: 8541 cents USD
Using the charge ID of: ch_1EoOscJbAfK4zMcbfY1OA6qs
PROCESSED PROPERLY!
Processing refund for Order Number: AG-US-00863003
For the amount of: 8385 cents USD
Using the charge ID of: ch_1EkXiPJbAfK4zMcbwlJdBAqW
PROCESSED PROPERLY!
Processing refund for Order Number: AG-US-00866005
For the amount of: 7800 cents USD
Using the charge ID of: ch_1EnZINJbAfK4zMcbSymrAA5t
PROCESSED PROPERLY!
Processing refund for Order Number: AG-US-00868090
For the amount of: 7800 cents USD
Using the charge ID of: ch_1Eqm3kJbAfK4zMcbtSlvVc2i
PROCESSED PROPERLY!
Processing refund for Order Number: AG-US-00866902
For the amount of: 7480 cents USD
Using the charge ID of: 
***********FAILED TO PROCESS***********
Processing refund for Order Number: AG-US-00864012
For the amount of: 7434 cents USD
Using the charge ID of: ch_1ElejSJbAfK4zMcbMfJHiOcX
PROCESSED PROPERLY!
Processing refund for Order Number: AG-US-00864017
For the amount of: 7327 cents USD
Using the charge ID of: ch_1ElfIMJbAfK4zMcbx0hSh4Fl
PROCESSED PROPERLY!
Processing refund for Order Number: AG-US-00866214
For the amount of: 7293 cents USD
Using the charge ID of: 
***********FAILED TO PROCESS***********
Processing refund for Order Number: AG-US-00853723
For the amount of: 6800 cents USD
Using the charge ID of: 
***********FAILED TO PROCESS***********
Processing refund for Order Number: AG-US-00859923
For the amount of: 6800 cents USD
Using the charge ID of: 
***********FAILED TO PROCESS***********
Processing refund for Order Number: AG-US-00861189
For the amount of: 6800 cents USD
Using the charge ID of: 
***********FAILED TO PROCESS***********
Processing refund for Order Number: AG-US-00861664
For the amount of: 6800 cents USD
Using the charge ID of: ch_1EjQUnJbAfK4zMcbxauqk2ci
PROCESSED PROPERLY!
Processing refund for Order Number: AG-US-00861963
For the amount of: 6800 cents USD
Using the charge ID of: ch_1EjZ8bJbAfK4zMcbNgJU0T83
PROCESSED PROPERLY!
Processing refund for Order Number: AG-US-00865701
For the amount of: 6800 cents USD
Using the charge ID of: ch_1En70YJbAfK4zMcbbReijnFU
PROCESSED PROPERLY!
Processing refund for Order Number: AG-US-00867393
For the amount of: 6800 cents USD
Using the charge ID of: ch_1EpMWJJbAfK4zMcbYz2VC7mN
PROCESSED PROPERLY!
Processing refund for Order Number: AG-US-00867417
For the amount of: 6800 cents USD
Using the charge ID of: ch_1EpPfzJbAfK4zMcbxR3gmzHo
PROCESSED PROPERLY!
Processing refund for Order Number: AG-US-00867513
For the amount of: 6800 cents USD
Using the charge ID of: 
***********FAILED TO PROCESS***********
Processing refund for Order Number: AG-US-00867454
For the amount of: 6800 cents USD
Using the charge ID of: ch_1EpYuFJbAfK4zMcbf6EZfGei
PROCESSED PROPERLY!
Processing refund for Order Number: AG-US-00868382
For the amount of: 6630 cents USD
Using the charge ID of: 
***********FAILED TO PROCESS***********
Processing refund for Order Number: AG-US-00861406
For the amount of: 6240 cents USD
Using the charge ID of: 
***********FAILED TO PROCESS***********
Processing refund for Order Number: AG-US-00867775
For the amount of: 5800 cents USD
Using the charge ID of: ch_1Eq2DLJbAfK4zMcbbHwgUqA2
PROCESSED PROPERLY!
Processing refund for Order Number: AG-US-00852297
For the amount of: 5780 cents USD
Using the charge ID of: ch_1Eb7LkJbAfK4zMcbrZLZIu0z
PROCESSED PROPERLY!
Processing refund for Order Number: AG-US-00853018
For the amount of: 5780 cents USD
Using the charge ID of: ch_1Ebfl1JbAfK4zMcbiLCbGY9t
PROCESSED PROPERLY!
Processing refund for Order Number: AG-US-00863885
For the amount of: 5780 cents USD
Using the charge ID of: ch_1EldC7JbAfK4zMcbE1hDXsbq
PROCESSED PROPERLY!
Processing refund for Order Number: AG-US-00864326
For the amount of: 5780 cents USD
Using the charge ID of: ch_1ElwmRJbAfK4zMcbSsiRHZCG
PROCESSED PROPERLY!
Processing refund for Order Number: AG-US-00866334
For the amount of: 5780 cents USD
Using the charge ID of: ch_1EnyChJbAfK4zMcb12IU2u0U
PROCESSED PROPERLY!
Processing refund for Order Number: AG-US-00866645
For the amount of: 5780 cents USD
Using the charge ID of: 
***********FAILED TO PROCESS***********
Processing refund for Order Number: AG-US-00856957
For the amount of: 5400 cents USD
Using the charge ID of: ch_1EewhBJbAfK4zMcbH3y3DRpZ
PROCESSED PROPERLY!
Processing refund for Order Number: AG-US-00861899
For the amount of: 5400 cents USD
Using the charge ID of: ch_1EjTpZJbAfK4zMcbjB2s6uKJ
PROCESSED PROPERLY!
Processing refund for Order Number: AG-US-00860177
For the amount of: 4800 cents USD
Using the charge ID of: ch_1EhlkeJbAfK4zMcbTeaRBH3g
PROCESSED PROPERLY!
Processing refund for Order Number: AG-US-00854459
For the amount of: 4600 cents USD
Using the charge ID of: 
***********FAILED TO PROCESS***********
Processing refund for Order Number: AG-US-00861114
For the amount of: 4590 cents USD
Using the charge ID of: ch_1EilkCJbAfK4zMcbOFVu7s31
PROCESSED PROPERLY!
Processing refund for Order Number: AG-US-00865870
For the amount of: 4590 cents USD
Using the charge ID of: 
***********FAILED TO PROCESS***********
Processing refund for Order Number: AG-US-00863809
For the amount of: 3534 cents USD
Using the charge ID of: ch_1ElLEuJbAfK4zMcbtEvETmL1
PROCESSED PROPERLY!
Processing refund for Order Number: AG-US-00829432
For the amount of: 2800 cents USD
Using the charge ID of: ch_1EHWhbJbAfK4zMcbnwItcVib
PROCESSED PROPERLY!
Processing refund for Order Number: AG-US-00838624
For the amount of: 2800 cents USD
Using the charge ID of: ch_1EPAyYJbAfK4zMcbssR0BYWD
PROCESSED PROPERLY!
Processing refund for Order Number: AG-US-00864083
For the amount of: 2380 cents USD
Using the charge ID of: ch_1ElkXoJbAfK4zMcb51BWe7DH
PROCESSED PROPERLY!
