Processing refund for Order Number: AG-US-00844424
For the amount of: 38080 cents USD
Using the charge ID of: 
***********FAILED TO PROCESS***********
Processing refund for Order Number: AG-US-00866608
For the amount of: 27200 cents USD
Using the charge ID of: 
***********FAILED TO PROCESS***********
Processing refund for Order Number: AG-US-00829824
For the amount of: 23600 cents USD
Using the charge ID of: 
***********FAILED TO PROCESS***********
Processing refund for Order Number: AG-US-00781272
For the amount of: 23598 cents USD
Using the charge ID of: ch_1DiQ3JJbAfK4zMcbmh3Zi4RC
***********FAILED TO PROCESS***********
Processing refund for Order Number: AG-US-00862774
For the amount of: 23400 cents USD
Using the charge ID of: ch_1EkLTYJbAfK4zMcbb9aWbWxj
PROCESSED PROPERLY!
Processing refund for Order Number: AG-US-00856439
For the amount of: 12951 cents USD
Using the charge ID of: 
***********FAILED TO PROCESS***********
Processing refund for Order Number: AG-US-00852622
For the amount of: 12891 cents USD
Using the charge ID of: ch_1EbKd5JbAfK4zMcbQrYOsjiE
PROCESSED PROPERLY!
Processing refund for Order Number: AG-US-00859219
For the amount of: 12847 cents USD
Using the charge ID of: 
***********FAILED TO PROCESS***********
Processing refund for Order Number: AG-US-00854914
For the amount of: 12847 cents USD
Using the charge ID of: 
***********FAILED TO PROCESS***********
Processing refund for Order Number: AG-US-00827497
For the amount of: 12803 cents USD
Using the charge ID of: ch_1EFkdPJbAfK4zMcbdlKpuou7
PROCESSED PROPERLY!
Processing refund for Order Number: AG-US-00859213
For the amount of: 12272 cents USD
Using the charge ID of: 
***********FAILED TO PROCESS***********
Processing refund for Order Number: AG-US-00858246
For the amount of: 11800 cents USD
Using the charge ID of: ch_1Eg7aCJbAfK4zMcbkkNRxdT5
PROCESSED PROPERLY!
Processing refund for Order Number: AG-US-00845526
For the amount of: 11800 cents USD
Using the charge ID of: ch_1EUgQxJbAfK4zMcbbGy74Iel
PROCESSED PROPERLY!
Processing refund for Order Number: AG-US-00853841
For the amount of: 11800 cents USD
Using the charge ID of: ch_1EcHLJJbAfK4zMcbOuaP31Xg
PROCESSED PROPERLY!
Processing refund for Order Number: AG-US-00854170
For the amount of: 11800 cents USD
Using the charge ID of: ch_1EcYgpJbAfK4zMcbcAfm2utW
PROCESSED PROPERLY!
Processing refund for Order Number: AG-US-00855808
For the amount of: 11800 cents USD
Using the charge ID of: ch_1EdqgwJbAfK4zMcbMz7pUtfE
PROCESSED PROPERLY!
Processing refund for Order Number: AG-US-00811490
For the amount of: 11799 cents USD
Using the charge ID of: 
***********FAILED TO PROCESS***********
Processing refund for Order Number: AG-US-00811490
For the amount of: 11799 cents USD
Using the charge ID of: 
***********FAILED TO PROCESS***********
Processing refund for Order Number: AG-US-00857467
For the amount of: 11772 cents USD
Using the charge ID of: 
***********FAILED TO PROCESS***********
Processing refund for Order Number: AG-US-00865453
For the amount of: 11583 cents USD
Using the charge ID of: ch_1EmvJiJbAfK4zMcb4gV5bOsR
PROCESSED PROPERLY!
Processing refund for Order Number: AG-US-00868239
For the amount of: 11040 cents USD
Using the charge ID of: ch_1Er5IRJbAfK4zMcbkRn0oIY3
PROCESSED PROPERLY!
Processing refund for Order Number: AG-US-00860026
For the amount of: 10983 cents USD
Using the charge ID of: ch_1EhfSZJbAfK4zMcbSggQ5R6a
PROCESSED PROPERLY!
Processing refund for Order Number: AG-US-00857870
For the amount of: 10908 cents USD
Using the charge ID of: ch_1EfmUvJbAfK4zMcbAUTcFdY2
***********FAILED TO PROCESS***********
Processing refund for Order Number: AG-US-00773534
For the amount of: 10800 cents USD
Using the charge ID of: ch_1DgcjoJbAfK4zMcbsvAQNsz1
PROCESSED PROPERLY!
Processing refund for Order Number: AG-US-00786485
For the amount of: 10800 cents USD
Using the charge ID of: ch_1DlF20JbAfK4zMcb344ypIJ4
PROCESSED PROPERLY!
Processing refund for Order Number: AG-US-00828473
For the amount of: 10800 cents USD
Using the charge ID of: ch_1EGf85JbAfK4zMcbgCjJl0J1
PROCESSED PROPERLY!
Processing refund for Order Number: AG-US-00827805
For the amount of: 10800 cents USD
Using the charge ID of: 
***********FAILED TO PROCESS***********
Processing refund for Order Number: AG-US-00817747
For the amount of: 10800 cents USD
Using the charge ID of: ch_1E9wzQJbAfK4zMcbKrKexB6c
PROCESSED PROPERLY!
Processing refund for Order Number: AG-US-00817930
For the amount of: 10800 cents USD
Using the charge ID of: ch_1E9z8sJbAfK4zMcbPwRhItht
PROCESSED PROPERLY!
Processing refund for Order Number: AG-US-00856595
For the amount of: 10030 cents USD
Using the charge ID of: ch_1EeXYSJbAfK4zMcb0yHwX4El
PROCESSED PROPERLY!
Processing refund for Order Number: AG-US-00839558
For the amount of: 10030 cents USD
Using the charge ID of: 
***********FAILED TO PROCESS***********
Processing refund for Order Number: AG-US-00859955
For the amount of: 10030 cents USD
Using the charge ID of: ch_1EhbCqJbAfK4zMcbuDfwlzZt
PROCESSED PROPERLY!
Processing refund for Order Number: AG-US-00857953
For the amount of: 10030 cents USD
Using the charge ID of: ch_1EfrhWJbAfK4zMcb43MIU6iK
PROCESSED PROPERLY!
Processing refund for Order Number: AG-US-00859429
For the amount of: 10029 cents USD
Using the charge ID of: ch_1Eh60SJbAfK4zMcbS1rCFaiz
PROCESSED PROPERLY!
Processing refund for Order Number: AG-US-00801343
For the amount of: 10006 cents USD
Using the charge ID of: ch_1DwtpUJbAfK4zMcb9L7Bcc6r
PROCESSED PROPERLY!
Processing refund for Order Number: AG-US-00863422
For the amount of: 9800 cents USD
Using the charge ID of: ch_1EkzbtJbAfK4zMcbl7XKnuOw
PROCESSED PROPERLY!
Processing refund for Order Number: AG-US-00804531
For the amount of: 9581 cents USD
Using the charge ID of: ch_1DyiJJJbAfK4zMcbsT4WI9Bq
PROCESSED PROPERLY!
Processing refund for Order Number: AG-US-00778286
For the amount of: 9180 cents USD
Using the charge ID of: ch_1DhfTfJbAfK4zMcbd3lsLL0p
PROCESSED PROPERLY!
Processing refund for Order Number: AG-US-00866945
For the amount of: 9180 cents USD
Using the charge ID of: 
***********FAILED TO PROCESS***********
Processing refund for Order Number: AG-US-00868072
For the amount of: 8800 cents USD
Using the charge ID of: ch_1Eqj9TJbAfK4zMcbJtfM88Q5
PROCESSED PROPERLY!
Processing refund for Order Number: AG-US-00855952
For the amount of: 8497 cents USD
Using the charge ID of: 
***********FAILED TO PROCESS***********
Processing refund for Order Number: AG-US-00861824
For the amount of: 8209 cents USD
Using the charge ID of: ch_1EjUHwJbAfK4zMcbyu2wPKrX
PROCESSED PROPERLY!
Processing refund for Order Number: AG-US-00851458
For the amount of: 8172 cents USD
Using the charge ID of: ch_1EaTnQJbAfK4zMcbUccU2szL
PROCESSED PROPERLY!
Processing refund for Order Number: AG-US-00864653
For the amount of: 7800 cents USD
Using the charge ID of: ch_1EmLJKJbAfK4zMcbSjsSiFSh
PROCESSED PROPERLY!
Processing refund for Order Number: AG-US-00867625
For the amount of: 7480 cents USD
Using the charge ID of: ch_1EpnCmJbAfK4zMcbQl7dAzgr
PROCESSED PROPERLY!
Processing refund for Order Number: AG-US-00857209
For the amount of: 6800 cents USD
Using the charge ID of: 
***********FAILED TO PROCESS***********
Processing refund for Order Number: AG-US-00864801
For the amount of: 6800 cents USD
Using the charge ID of: ch_1EmLJIJbAfK4zMcbZqBabxXz
PROCESSED PROPERLY!
Processing refund for Order Number: AG-US-00867779
For the amount of: 6800 cents USD
Using the charge ID of: ch_1Eq2hzJbAfK4zMcb2gNZ9FP3
PROCESSED PROPERLY!
Processing refund for Order Number: AG-US-00865088
For the amount of: 5780 cents USD
Using the charge ID of: ch_1EmdSCJbAfK4zMcbRH61fiEQ
PROCESSED PROPERLY!
Processing refund for Order Number: AG-US-00848887
For the amount of: 5780 cents USD
Using the charge ID of: ch_1EYHIUJbAfK4zMcbs4GzI07N
PROCESSED PROPERLY!
Processing refund for Order Number: AG-US-00859885
For the amount of: 2800 cents USD
Using the charge ID of: ch_1Ehbb9JbAfK4zMcbxVcET04I
PROCESSED PROPERLY!
Processing refund for Order Number: AG-US-00867320
For the amount of: 2800 cents USD
Using the charge ID of: ch_1EpFfbJbAfK4zMcbo95XlJ40
PROCESSED PROPERLY!
