Processing refund for Order Number: AG-US-00859749
For the amount of: 10028 cents USD
Using the charge ID of: 
***********FAILED TO PROCESS***********
Processing refund for Order Number: AG-US-00858706
For the amount of: 12891 cents USD
Using the charge ID of: 
***********FAILED TO PROCESS***********
Processing refund for Order Number: AG-US-00826250
For the amount of: 12847 cents USD
Using the charge ID of: ch_1EF053JbAfK4zMcbo1rLPyTF
PROCESSED PROPERLY!
Processing refund for Order Number: AG-US-00856526
For the amount of: 7568 cents USD
Using the charge ID of: ch_1EeZj6JbAfK4zMcbYM1R20Hf
PROCESSED PROPERLY!
Processing refund for Order Number: AG-US-00840450
For the amount of: 4800 cents USD
Using the charge ID of: ch_1EQhU5JbAfK4zMcbik27iMYU
PROCESSED PROPERLY!
Processing refund for Order Number: AG-US-00868406
For the amount of: 14600 cents USD
Using the charge ID of: 
***********FAILED TO PROCESS***********
Processing refund for Order Number: AG-US-00855028
For the amount of: 12847 cents USD
Using the charge ID of: ch_1EdHqcJbAfK4zMcbkIQLjPoV
PROCESSED PROPERLY!
Processing refund for Order Number: AG-US-00857019
For the amount of: 11800 cents USD
Using the charge ID of: ch_1EeugYJbAfK4zMcbjTgjcAHa
PROCESSED PROPERLY!
Processing refund for Order Number: AG-US-00843916
For the amount of: 11800 cents USD
Using the charge ID of: ch_1ETqpYJbAfK4zMcbnftXVsMo
PROCESSED PROPERLY!
Processing refund for Order Number: AG-US-00858087
For the amount of: 11800 cents USD
Using the charge ID of: ch_1Efv7nJbAfK4zMcbEP9ujq4M
PROCESSED PROPERLY!
Processing refund for Order Number: AG-US-00786239
For the amount of: 11637 cents USD
Using the charge ID of: 
***********FAILED TO PROCESS***********
Processing refund for Order Number: AG-US-00864881
For the amount of: 10030 cents USD
Using the charge ID of: ch_1EmP8nJbAfK4zMcbwyQizvXl
PROCESSED PROPERLY!
Processing refund for Order Number: AG-US-00843305
For the amount of: 10030 cents USD
Using the charge ID of: ch_1ETFpDJbAfK4zMcbhZl2cqpr
PROCESSED PROPERLY!
Processing refund for Order Number: AG-US-00858973
For the amount of: 9482 cents USD
Using the charge ID of: ch_1EgvemJbAfK4zMcb9wpHUWCH
PROCESSED PROPERLY!
Processing refund for Order Number: AG-US-00859612
For the amount of: 9440 cents USD
Using the charge ID of: ch_1EhIAiJbAfK4zMcbebRfJ6oy
PROCESSED PROPERLY!
Processing refund for Order Number: AG-US-00863215
For the amount of: 8800 cents USD
Using the charge ID of: ch_1Ekfq8JbAfK4zMcbLKJOczpY
PROCESSED PROPERLY!
Processing refund for Order Number: AG-US-00854099
For the amount of: 8640 cents USD
Using the charge ID of: ch_1EcNBWJbAfK4zMcbPpRTJOP9
PROCESSED PROPERLY!
Processing refund for Order Number: AG-US-00868034
For the amount of: 8541 cents USD
Using the charge ID of: ch_1EqVtKJbAfK4zMcbXu0PWMjZ
PROCESSED PROPERLY!
Processing refund for Order Number: AG-US-00859324
For the amount of: 6800 cents USD
Using the charge ID of: 
***********FAILED TO PROCESS***********
Processing refund for Order Number: AG-US-00867170
For the amount of: 6800 cents USD
Using the charge ID of: ch_1Ep3tCJbAfK4zMcbsNQMufoM
PROCESSED PROPERLY!
Processing refund for Order Number: AG-US-00868377
For the amount of: 6800 cents USD
Using the charge ID of: ch_1ErCWhJbAfK4zMcbCrCWOgIP
PROCESSED PROPERLY!
Processing refund for Order Number: AG-US-00859612
For the amount of: 6720 cents USD
Using the charge ID of: ch_1EhIAiJbAfK4zMcbebRfJ6oy
PROCESSED PROPERLY!
Processing refund for Order Number: AG-US-00862059
For the amount of: 5780 cents USD
Using the charge ID of: ch_1EjcPTJbAfK4zMcbk6RuwvZQ
PROCESSED PROPERLY!
