Processing refund for Order Number: AG-US-00824925
For the amount of: 12847 cents USD
Using the charge ID of: 
***********FAILED TO PROCESS***********
Processing refund for Order Number: AG-US-00855694
For the amount of: 23600 cents USD
Using the charge ID of: ch_1EdjTEJbAfK4zMcbossTOxnY
PROCESSED PROPERLY!
Processing refund for Order Number: AG-US-00856317
For the amount of: 23600 cents USD
Using the charge ID of: ch_1EeQXQJbAfK4zMcb8QMk3oWy
PROCESSED PROPERLY!
Processing refund for Order Number: AG-US-00867332
For the amount of: 19000 cents USD
Using the charge ID of: ch_1EpGFvJbAfK4zMcb0qdVHFsk
PROCESSED PROPERLY!
Processing refund for Order Number: AG-US-00857597
For the amount of: 16040 cents USD
Using the charge ID of: ch_1EfThYJbAfK4zMcb5kbY0DB0
PROCESSED PROPERLY!
Processing refund for Order Number: AG-US-00866692
For the amount of: 15810 cents USD
Using the charge ID of: 
***********FAILED TO PROCESS***********
Processing refund for Order Number: AG-US-00858210
For the amount of: 12891 cents USD
Using the charge ID of: ch_1EfzbpJbAfK4zMcb3sEgINXj
PROCESSED PROPERLY!
Processing refund for Order Number: AG-US-00829097
For the amount of: 12847 cents USD
Using the charge ID of: ch_1EHB7ZJbAfK4zMcbxm6ttC3w
PROCESSED PROPERLY!
Processing refund for Order Number: AG-US-00858730
For the amount of: 12847 cents USD
Using the charge ID of: ch_1EgdSsJbAfK4zMcbLLZyuqyf
PROCESSED PROPERLY!
Processing refund for Order Number: AG-US-00860434
For the amount of: 12803 cents USD
Using the charge ID of: 
***********FAILED TO PROCESS***********
Processing refund for Order Number: AG-US-00860434
For the amount of: 12803 cents USD
Using the charge ID of: 
***********FAILED TO PROCESS***********
Processing refund for Order Number: AG-US-00867622
For the amount of: 12800 cents USD
Using the charge ID of: ch_1EpmfhJbAfK4zMcbYzwy3WxO
PROCESSED PROPERLY!
Processing refund for Order Number: AG-US-00861227
For the amount of: 12410 cents USD
Using the charge ID of: 
***********FAILED TO PROCESS***********
Processing refund for Order Number: AG-US-00826058
For the amount of: 11800 cents USD
Using the charge ID of: ch_1EEmNRJbAfK4zMcbBhUZVQED
PROCESSED PROPERLY!
Processing refund for Order Number: AG-US-00852971
For the amount of: 11800 cents USD
Using the charge ID of: ch_1EbebTJbAfK4zMcbZLmKizK9
PROCESSED PROPERLY!
Processing refund for Order Number: AG-US-00856328
For the amount of: 11800 cents USD
Using the charge ID of: ch_1EeRMqJbAfK4zMcb5j349QcA
PROCESSED PROPERLY!
Processing refund for Order Number: AG-US-00857029
For the amount of: 11800 cents USD
Using the charge ID of: ch_1EevWwJbAfK4zMcbJuZghi5z
PROCESSED PROPERLY!
Processing refund for Order Number: AG-US-00840591
For the amount of: 11800 cents USD
Using the charge ID of: ch_1EQlnXJbAfK4zMcbcUCo67zu
PROCESSED PROPERLY!
Processing refund for Order Number: AG-US-00852421
For the amount of: 11800 cents USD
Using the charge ID of: 
***********FAILED TO PROCESS***********
Processing refund for Order Number: AG-US-00857316
For the amount of: 11800 cents USD
Using the charge ID of: 
***********FAILED TO PROCESS***********
Processing refund for Order Number: AG-US-00857347
For the amount of: 11800 cents USD
Using the charge ID of: ch_1EfLITJbAfK4zMcb2FT9kl9A
PROCESSED PROPERLY!
Processing refund for Order Number: AG-US-00859483
For the amount of: 11800 cents USD
Using the charge ID of: ch_1EhGhDJbAfK4zMcbSQWSEQuv
PROCESSED PROPERLY!
Processing refund for Order Number: AG-US-00794570
For the amount of: 11651 cents USD
Using the charge ID of: 
***********FAILED TO PROCESS***********
Processing refund for Order Number: AG-US-00862065
For the amount of: 11600 cents USD
Using the charge ID of: ch_1Ejd44JbAfK4zMcbQM8CC1W6
PROCESSED PROPERLY!
Processing refund for Order Number: AG-US-00861392
For the amount of: 11560 cents USD
Using the charge ID of: ch_1Ej6gZJbAfK4zMcbw7chTk24
PROCESSED PROPERLY!
Processing refund for Order Number: AG-US-00865654
For the amount of: 11560 cents USD
Using the charge ID of: 
***********FAILED TO PROCESS***********
Processing refund for Order Number: AG-US-00855175
For the amount of: 10958 cents USD
Using the charge ID of: ch_1EdKRgJbAfK4zMcbvtMZezFo
PROCESSED PROPERLY!
Processing refund for Order Number: AG-US-00853314
For the amount of: 10908 cents USD
Using the charge ID of: ch_1EbsjOJbAfK4zMcbg99opITa
PROCESSED PROPERLY!
Processing refund for Order Number: AG-US-00850105
For the amount of: 10800 cents USD
Using the charge ID of: ch_1EZQR0JbAfK4zMcbH0zY1cnz
PROCESSED PROPERLY!
Processing refund for Order Number: AG-US-00866855
For the amount of: 10800 cents USD
Using the charge ID of: ch_1Eol6UJbAfK4zMcbYF1Qtd7w
PROCESSED PROPERLY!
Processing refund for Order Number: AG-US-00824331
For the amount of: 10075 cents USD
Using the charge ID of: ch_1EDKmKJbAfK4zMcbO93AMg3S
PROCESSED PROPERLY!
Processing refund for Order Number: AG-US-00855207
For the amount of: 10030 cents USD
Using the charge ID of: 
***********FAILED TO PROCESS***********
Processing refund for Order Number: AG-US-00854003
For the amount of: 10030 cents USD
Using the charge ID of: ch_1EcKboJbAfK4zMcbKO7u8qFR
PROCESSED PROPERLY!
Processing refund for Order Number: AG-US-00854578
For the amount of: 10030 cents USD
Using the charge ID of: ch_1EcsyrJbAfK4zMcbSRiaOGnA
PROCESSED PROPERLY!
Processing refund for Order Number: AG-US-00857082
For the amount of: 10030 cents USD
Using the charge ID of: 
***********FAILED TO PROCESS***********
Processing refund for Order Number: AG-US-00852608
For the amount of: 9800 cents USD
Using the charge ID of: 
***********FAILED TO PROCESS***********
Processing refund for Order Number: AG-US-00858140
For the amount of: 9440 cents USD
Using the charge ID of: ch_1Eg148JbAfK4zMcbFNhn6iZY
PROCESSED PROPERLY!
Processing refund for Order Number: AG-US-00775525
For the amount of: 9180 cents USD
Using the charge ID of: ch_1Dh00gJbAfK4zMcbXh45BhIZ
PROCESSED PROPERLY!
Processing refund for Order Number: AG-US-00868290
For the amount of: 8800 cents USD
Using the charge ID of: ch_1ErF8PJbAfK4zMcb2hStqDHJ
PROCESSED PROPERLY!
Processing refund for Order Number: AG-US-00854003
For the amount of: 7990 cents USD
Using the charge ID of: ch_1EcKboJbAfK4zMcbKO7u8qFR
PROCESSED PROPERLY!
Processing refund for Order Number: AG-US-00855966
For the amount of: 7445 cents USD
Using the charge ID of: ch_1Ee5L2JbAfK4zMcbyqhNdvfW
PROCESSED PROPERLY!
Processing refund for Order Number: AG-US-00858750
For the amount of: 6800 cents USD
Using the charge ID of: ch_1EgfTZJbAfK4zMcbXt73g9JM
PROCESSED PROPERLY!
Processing refund for Order Number: AG-US-00866060
For the amount of: 6800 cents USD
Using the charge ID of: 
***********FAILED TO PROCESS***********
Processing refund for Order Number: AG-US-00866721
For the amount of: 6800 cents USD
Using the charge ID of: 
***********FAILED TO PROCESS***********
Processing refund for Order Number: AG-US-00867496
For the amount of: 6800 cents USD
Using the charge ID of: ch_1EpNEeJbAfK4zMcbL65um8Kf
PROCESSED PROPERLY!
Processing refund for Order Number: AG-US-00867773
For the amount of: 4114 cents USD
Using the charge ID of: ch_1Eq1hnJbAfK4zMcbv8cRxVNH
PROCESSED PROPERLY!
Processing refund for Order Number: AG-US-00697296
For the amount of: 7520 cents USD
Using the charge ID of: 
***********FAILED TO PROCESS***********
