Processing refund for Order Number: AG-US-00856778
For the amount of: 49400 cents USD
Using the charge ID of: ch_1EeqkIJbAfK4zMcb6JchkOZB
PROCESSED PROPERLY!
Processing refund for Order Number: AG-US-00867367
For the amount of: 47468 cents USD
Using the charge ID of: ch_1EpK5oJbAfK4zMcbM5z5fKQS
***********FAILED TO PROCESS***********
Processing refund for Order Number: AG-US-00859894
For the amount of: 45200 cents USD
Using the charge ID of: ch_1EhR9EJbAfK4zMcbqrdkWx0d
PROCESSED PROPERLY!
Processing refund for Order Number: AG-US-00866193
For the amount of: 34400 cents USD
Using the charge ID of: ch_1EntF1JbAfK4zMcblBZE5ueW
PROCESSED PROPERLY!
Processing refund for Order Number: AG-US-00867721
For the amount of: 29200 cents USD
Using the charge ID of: 
***********FAILED TO PROCESS***********
Processing refund for Order Number: AG-US-00868163
For the amount of: 28400 cents USD
Using the charge ID of: ch_1Eqk6eJbAfK4zMcbVkaquj2m
PROCESSED PROPERLY!
Processing refund for Order Number: AG-US-00849653
For the amount of: 23600 cents USD
Using the charge ID of: 
***********FAILED TO PROCESS***********
Processing refund for Order Number: AG-US-00862485
For the amount of: 22610 cents USD
Using the charge ID of: ch_1EjztdJbAfK4zMcbLkOx3DLW
PROCESSED PROPERLY!
Processing refund for Order Number: AG-US-00862760
For the amount of: 21760 cents USD
Using the charge ID of: ch_1EkK4OJbAfK4zMcbHzqb0ERY
PROCESSED PROPERLY!
Processing refund for Order Number: AG-US-00864493
For the amount of: 17043 cents USD
Using the charge ID of: ch_1Em26pJbAfK4zMcbWnWQ4JID
PROCESSED PROPERLY!
Processing refund for Order Number: AG-US-00867453
For the amount of: 16604 cents USD
Using the charge ID of: ch_1EpYgbJbAfK4zMcbgqRJcBsm
PROCESSED PROPERLY!
Processing refund for Order Number: AG-US-00868393
For the amount of: 15951 cents USD
Using the charge ID of: ch_1ErG2hJbAfK4zMcbPFfwGsje
PROCESSED PROPERLY!
Processing refund for Order Number: AG-US-00868369
For the amount of: 15766 cents USD
Using the charge ID of: 
***********FAILED TO PROCESS***********
Processing refund for Order Number: AG-US-00844965
For the amount of: 13800 cents USD
Using the charge ID of: ch_1EUMvUJbAfK4zMcbyxsdrsiY
PROCESSED PROPERLY!
Processing refund for Order Number: AG-US-00865926
For the amount of: 13600 cents USD
Using the charge ID of: ch_1EnS9ZJbAfK4zMcbNSYz2bJ4
PROCESSED PROPERLY!
Processing refund for Order Number: AG-US-00863630
For the amount of: 13434 cents USD
Using the charge ID of: ch_1ElHwiJbAfK4zMcbuQLvb0h2
PROCESSED PROPERLY!
Processing refund for Order Number: AG-US-00858980
For the amount of: 13260 cents USD
Using the charge ID of: ch_1EgvtdJbAfK4zMcbzYUhkV2I
PROCESSED PROPERLY!
Processing refund for Order Number: AG-US-00867953
For the amount of: 12400 cents USD
Using the charge ID of: 
***********FAILED TO PROCESS***********
Processing refund for Order Number: AG-US-00866722
For the amount of: 12200 cents USD
Using the charge ID of: ch_1EoXnWJbAfK4zMcbsvikhgRo
PROCESSED PROPERLY!
Processing refund for Order Number: AG-US-00852008
For the amount of: 11800 cents USD
Using the charge ID of: ch_1EarMtJbAfK4zMcb116MVSoM
PROCESSED PROPERLY!
Processing refund for Order Number: AG-US-00852512
For the amount of: 11800 cents USD
Using the charge ID of: ch_1EbF3vJbAfK4zMcbzDYUzQiy
PROCESSED PROPERLY!
Processing refund for Order Number: AG-US-00857486
For the amount of: 11800 cents USD
Using the charge ID of: 
***********FAILED TO PROCESS***********
Processing refund for Order Number: AG-US-00849846
For the amount of: 11800 cents USD
Using the charge ID of: ch_1EZIvQJbAfK4zMcbs2pz2f8O
PROCESSED PROPERLY!
Processing refund for Order Number: AG-US-00856494
For the amount of: 11800 cents USD
Using the charge ID of: ch_1EeWpTJbAfK4zMcbKSPuJys6
PROCESSED PROPERLY!
Processing refund for Order Number: AG-US-00804571
For the amount of: 11772 cents USD
Using the charge ID of: ch_1Dyk5zJbAfK4zMcbSPgsqqU8
***********FAILED TO PROCESS***********
Processing refund for Order Number: AG-US-00774986
For the amount of: 11759 cents USD
Using the charge ID of: ch_1DgwtQJbAfK4zMcbGPWigyNZ
PROCESSED PROPERLY!
Processing refund for Order Number: AG-US-00867369
For the amount of: 11691 cents USD
Using the charge ID of: 
***********FAILED TO PROCESS***********
Processing refund for Order Number: AG-US-00852995
For the amount of: 11637 cents USD
Using the charge ID of: 
***********FAILED TO PROCESS***********
Processing refund for Order Number: AG-US-00868242
For the amount of: 11448 cents USD
Using the charge ID of: ch_1Er60RJbAfK4zMcbPiUaIk6V
***********FAILED TO PROCESS***********
Processing refund for Order Number: AG-US-00824241
For the amount of: 10933 cents USD
Using the charge ID of: 
***********FAILED TO PROCESS***********
Processing refund for Order Number: AG-US-00864726
For the amount of: 10900 cents USD
Using the charge ID of: ch_1EmGrHJbAfK4zMcblh6P8eY9
PROCESSED PROPERLY!
Processing refund for Order Number: AG-US-00773448
For the amount of: 10800 cents USD
Using the charge ID of: ch_1DgbgzJbAfK4zMcbm4I8uccS
PROCESSED PROPERLY!
Processing refund for Order Number: AG-US-00776903
For the amount of: 10800 cents USD
Using the charge ID of: 
***********FAILED TO PROCESS***********
Processing refund for Order Number: AG-US-00828348
For the amount of: 10800 cents USD
Using the charge ID of: ch_1EGVARJbAfK4zMcbUFfXSpsP
PROCESSED PROPERLY!
Processing refund for Order Number: AG-US-00814586
For the amount of: 10800 cents USD
Using the charge ID of: ch_1E74obJbAfK4zMcbUe8pSS2v
PROCESSED PROPERLY!
Processing refund for Order Number: AG-US-00781572
For the amount of: 10800 cents USD
Using the charge ID of: ch_1DiUlBJbAfK4zMcb5ysdmWHy
PROCESSED PROPERLY!
Processing refund for Order Number: AG-US-00854528
For the amount of: 10538 cents USD
Using the charge ID of: 
***********FAILED TO PROCESS***********
Processing refund for Order Number: AG-US-00824696
For the amount of: 10030 cents USD
Using the charge ID of: ch_1EDd7OJbAfK4zMcbgsUYqoKA
PROCESSED PROPERLY!
Processing refund for Order Number: AG-US-00826635
For the amount of: 10030 cents USD
Using the charge ID of: ch_1EF9FLJbAfK4zMcbX09qb8Tl
PROCESSED PROPERLY!
Processing refund for Order Number: AG-US-00834166
For the amount of: 10030 cents USD
Using the charge ID of: ch_1ELHFqJbAfK4zMcbiVMeKmMV
PROCESSED PROPERLY!
Processing refund for Order Number: AG-US-00864886
For the amount of: 9983 cents USD
Using the charge ID of: 
***********FAILED TO PROCESS***********
Processing refund for Order Number: AG-US-00868534
For the amount of: 9800 cents USD
Using the charge ID of: ch_1ErUgsJbAfK4zMcbwbDZFI0n
PROCESSED PROPERLY!
Processing refund for Order Number: AG-US-00865811
For the amount of: 9548 cents USD
Using the charge ID of: ch_1EnIGAJbAfK4zMcbzNoc7GbQ
PROCESSED PROPERLY!
Processing refund for Order Number: AG-US-00868345
For the amount of: 9548 cents USD
Using the charge ID of: ch_1Er7SOJbAfK4zMcbveuxSKCO
PROCESSED PROPERLY!
Processing refund for Order Number: AG-US-00860276
For the amount of: 9482 cents USD
Using the charge ID of: 
***********FAILED TO PROCESS***********
Processing refund for Order Number: AG-US-00824582
For the amount of: 9180 cents USD
Using the charge ID of: ch_1EDbsDJbAfK4zMcbvru19Aha
PROCESSED PROPERLY!
Processing refund for Order Number: AG-US-00863861
For the amount of: 8840 cents USD
Using the charge ID of: ch_1ElXdfJbAfK4zMcbEhrfW6ge
PROCESSED PROPERLY!
Processing refund for Order Number: AG-US-00868351
For the amount of: 8800 cents USD
Using the charge ID of: ch_1Er86BJbAfK4zMcbyYx40UZn
PROCESSED PROPERLY!
Processing refund for Order Number: AG-US-00860849
For the amount of: 8522 cents USD
Using the charge ID of: ch_1EiXUvJbAfK4zMcbBlLvVGfG
PROCESSED PROPERLY!
Processing refund for Order Number: AG-US-00867654
For the amount of: 7800 cents USD
Using the charge ID of: ch_1EpxGfJbAfK4zMcbvjiYCY04
PROCESSED PROPERLY!
Processing refund for Order Number: AG-US-00867680
For the amount of: 7800 cents USD
Using the charge ID of: 
***********FAILED TO PROCESS***********
Processing refund for Order Number: AG-US-00868070
For the amount of: 7800 cents USD
Using the charge ID of: 
***********FAILED TO PROCESS***********
Processing refund for Order Number: AG-US-00867667
For the amount of: 7412 cents USD
Using the charge ID of: ch_1EpykLJbAfK4zMcbHbYbbY7a
PROCESSED PROPERLY!
Processing refund for Order Number: AG-US-00867783
For the amount of: 7378 cents USD
Using the charge ID of: ch_1Eq3bUJbAfK4zMcbZVr09S9p
PROCESSED PROPERLY!
Processing refund for Order Number: AG-US-00849463
For the amount of: 6800 cents USD
Using the charge ID of: 
***********FAILED TO PROCESS***********
Processing refund for Order Number: AG-US-00858511
For the amount of: 6800 cents USD
Using the charge ID of: ch_1EgLKrJbAfK4zMcbPQ2ctQ61
PROCESSED PROPERLY!
Processing refund for Order Number: AG-US-00861765
For the amount of: 6800 cents USD
Using the charge ID of: ch_1EjRdaJbAfK4zMcba9jpLott
PROCESSED PROPERLY!
Processing refund for Order Number: AG-US-00864072
For the amount of: 6800 cents USD
Using the charge ID of: ch_1EljcnJbAfK4zMcbEk4D4yui
PROCESSED PROPERLY!
Processing refund for Order Number: AG-US-00864179
For the amount of: 6800 cents USD
Using the charge ID of: 
***********FAILED TO PROCESS***********
Processing refund for Order Number: AG-US-00864543
For the amount of: 6800 cents USD
Using the charge ID of: ch_1Em5xiJbAfK4zMcbOJFHP4rb
PROCESSED PROPERLY!
Processing refund for Order Number: AG-US-00866440
For the amount of: 6800 cents USD
Using the charge ID of: 
***********FAILED TO PROCESS***********
Processing refund for Order Number: AG-US-00867004
For the amount of: 6800 cents USD
Using the charge ID of: 
***********FAILED TO PROCESS***********
Processing refund for Order Number: AG-US-00867989
For the amount of: 6800 cents USD
Using the charge ID of: 
***********FAILED TO PROCESS***********
Processing refund for Order Number: AG-US-00868540
For the amount of: 6800 cents USD
Using the charge ID of: ch_1ErXL6JbAfK4zMcbobNTkKH7
PROCESSED PROPERLY!
Processing refund for Order Number: AG-US-00856954
For the amount of: 6600 cents USD
Using the charge ID of: ch_1Eewc9JbAfK4zMcbomnORjdC
PROCESSED PROPERLY!
Processing refund for Order Number: AG-US-00867844
For the amount of: 5800 cents USD
Using the charge ID of: ch_1Eq908JbAfK4zMcbPC7Hivfx
PROCESSED PROPERLY!
Processing refund for Order Number: AG-US-00866811
For the amount of: 5780 cents USD
Using the charge ID of: ch_1Eoeu3JbAfK4zMcbg9uyxYsK
PROCESSED PROPERLY!
Processing refund for Order Number: AG-US-00868360
For the amount of: 5600 cents USD
Using the charge ID of: ch_1Er9S0JbAfK4zMcb9NITzueS
PROCESSED PROPERLY!
Processing refund for Order Number: AG-US-00858019
For the amount of: 4600 cents USD
Using the charge ID of: ch_1EfqIDJbAfK4zMcbtztWGnXM
PROCESSED PROPERLY!
Processing refund for Order Number: AG-US-00867915
For the amount of: 3800 cents USD
Using the charge ID of: ch_1Eq8qdJbAfK4zMcb8uEQ4TSN
PROCESSED PROPERLY!
Processing refund for Order Number: AG-US-00867065
For the amount of: 2989 cents USD
Using the charge ID of: ch_1Ep1u7JbAfK4zMcb0aXYasQA
PROCESSED PROPERLY!
Processing refund for Order Number: AG-US-00866996
For the amount of: 2648 cents USD
Using the charge ID of: 
***********FAILED TO PROCESS***********
Processing refund for Order Number: AG-US-00867264
For the amount of: 2208 cents USD
Using the charge ID of: ch_1EpJ2QJbAfK4zMcbhekgreBA
PROCESSED PROPERLY!
